{"meta": {"format": 3, "version": "7.10.2", "timestamp": "2025-08-22T17:47:58.808919", "branch_coverage": false, "show_contexts": false}, "files": {"src\\integration\\__init__.py": {"executed_lines": [1, 83, 84, 95, 98, 103, 109, 114, 119, 127, 137, 146, 147, 150, 197, 232, 261], "summary": {"covered_lines": 16, "num_statements": 34, "percent_covered": 47.05882352941177, "percent_covered_display": "47", "missing_lines": 18, "excluded_lines": 0}, "missing_lines": [85, 87, 88, 89, 91, 92, 215, 222, 224, 227, 229, 248, 250, 251, 253, 257, 258, 263], "excluded_lines": [], "functions": {"create_enhanced_system": {"executed_lines": [], "summary": {"covered_lines": 0, "num_statements": 5, "percent_covered": 0.0, "percent_covered_display": "0", "missing_lines": 5, "excluded_lines": 0}, "missing_lines": [215, 222, 224, 227, 229], "excluded_lines": []}, "setup_realtime_only_system": {"executed_lines": [], "summary": {"covered_lines": 0, "num_statements": 6, "percent_covered": 0.0, "percent_covered_display": "0", "missing_lines": 6, "excluded_lines": 0}, "missing_lines": [248, 250, 251, 253, 257, 258], "excluded_lines": []}, "get_integration_info": {"executed_lines": [], "summary": {"covered_lines": 0, "num_statements": 1, "percent_covered": 0.0, "percent_covered_display": "0", "missing_lines": 1, "excluded_lines": 0}, "missing_lines": [263], "excluded_lines": []}, "": {"executed_lines": [1, 83, 84, 95, 98, 103, 109, 114, 119, 127, 137, 146, 147, 150, 197, 232, 261], "summary": {"covered_lines": 16, "num_statements": 22, "percent_covered": 72.72727272727273, "percent_covered_display": "73", "missing_lines": 6, "excluded_lines": 0}, "missing_lines": [85, 87, 88, 89, 91, 92], "excluded_lines": []}}, "classes": {"": {"executed_lines": [1, 83, 84, 95, 98, 103, 109, 114, 119, 127, 137, 146, 147, 150, 197, 232, 261], "summary": {"covered_lines": 16, "num_statements": 34, "percent_covered": 47.05882352941177, "percent_covered_display": "47", "missing_lines": 18, "excluded_lines": 0}, "missing_lines": [85, 87, 88, 89, 91, 92, 215, 222, 224, 227, 229, 248, 250, 251, 253, 257, 258, 263], "excluded_lines": []}}}, "src\\integration\\api_server.py": {"executed_lines": [1, 18, 19, 20, 21, 22, 23, 24, 25, 26, 28, 36, 37, 38, 39, 40, 41, 43, 46, 47, 56, 57, 58, 59, 61, 67, 68, 70, 71, 72, 73, 74, 75, 76, 77, 79, 80, 81, 94, 95, 96, 103, 104, 106, 107, 108, 109, 110, 111, 114, 115, 117, 118, 119, 120, 121, 122, 123, 124, 126, 127, 128, 134, 135, 136, 142, 143, 144, 150, 151, 152, 162, 163, 165, 168, 169, 170, 172, 173, 174, 185, 186, 187, 194, 195, 196, 203, 204, 206, 207, 208, 209, 210, 213, 214, 216, 217, 218, 219, 220, 222, 231, 232, 233, 235, 237, 238, 240, 265, 266, 271, 274, 300, 306, 312, 330, 347, 348, 372, 439, 442, 443, 451, 452, 524, 525, 579, 580, 611, 613, 614, 616, 627, 634, 637, 640, 641, 644, 645, 654, 660, 661, 685, 686, 715, 716, 746, 747, 797, 798, 800, 803, 805, 811, 813, 814, 828, 833, 834, 844, 845, 1027, 1028, 1090, 1091, 1122, 1123, 1140, 1141, 1162, 1163, 1193, 1194, 1223, 1224, 1248, 1249, 1271, 1272, 1301, 1302, 1319, 1320, 1351, 1352, 1383, 1384, 1406, 1407, 1429, 1430, 1482, 1483, 1511, 1512, 1551, 1552, 1594, 1595, 1620, 1621, 1667, 1668, 1675, 1682, 1704, 1713, 1721], "summary": {"covered_lines": 198, "num_statements": 675, "percent_covered": 29.333333333333332, "percent_covered_display": "29", "missing_lines": 477, "excluded_lines": 2}, "missing_lines": [83, 90, 91, 92, 98, 99, 100, 130, 131, 132, 138, 139, 140, 146, 147, 148, 154, 155, 156, 159, 176, 178, 180, 181, 182, 183, 189, 190, 191, 192, 198, 199, 200, 224, 225, 226, 227, 242, 243, 246, 247, 253, 256, 257, 260, 261, 277, 279, 284, 286, 287, 288, 290, 292, 296, 297, 303, 308, 309, 316, 318, 319, 321, 322, 324, 325, 327, 332, 334, 335, 337, 338, 339, 341, 350, 353, 354, 356, 358, 361, 362, 363, 364, 365, 367, 369, 374, 375, 376, 378, 380, 381, 384, 385, 387, 388, 389, 392, 395, 399, 412, 413, 414, 415, 425, 426, 427, 428, 432, 433, 435, 436, 445, 454, 458, 459, 460, 461, 462, 463, 464, 467, 468, 469, 470, 471, 472, 473, 476, 480, 504, 505, 506, 531, 533, 534, 535, 538, 539, 541, 542, 548, 567, 568, 569, 570, 573, 584, 585, 586, 588, 589, 590, 591, 594, 595, 596, 597, 598, 600, 602, 603, 604, 663, 674, 687, 688, 689, 692, 704, 718, 730, 749, 752, 753, 757, 759, 762, 765, 766, 770, 772, 773, 783, 784, 785, 815, 816, 821, 822, 824, 836, 847, 848, 851, 852, 855, 856, 857, 860, 863, 864, 865, 868, 869, 872, 873, 874, 875, 878, 879, 880, 881, 886, 887, 888, 893, 894, 895, 896, 897, 898, 900, 902, 935, 936, 938, 939, 947, 948, 949, 950, 951, 958, 959, 962, 963, 964, 967, 968, 973, 974, 977, 978, 980, 981, 984, 986, 988, 1018, 1019, 1020, 1030, 1031, 1032, 1035, 1036, 1037, 1040, 1041, 1042, 1045, 1048, 1056, 1065, 1066, 1069, 1093, 1094, 1095, 1097, 1098, 1101, 1103, 1111, 1112, 1113, 1114, 1115, 1125, 1126, 1127, 1129, 1131, 1132, 1133, 1143, 1144, 1145, 1147, 1153, 1154, 1155, 1165, 1166, 1168, 1169, 1175, 1177, 1184, 1185, 1186, 1196, 1197, 1199, 1200, 1206, 1208, 1214, 1215, 1216, 1226, 1227, 1228, 1230, 1239, 1240, 1241, 1251, 1252, 1253, 1255, 1256, 1258, 1260, 1261, 1262, 1263, 1264, 1274, 1275, 1276, 1280, 1281, 1283, 1290, 1291, 1292, 1293, 1294, 1304, 1305, 1306, 1308, 1310, 1311, 1312, 1322, 1323, 1325, 1329, 1330, 1332, 1340, 1341, 1342, 1343, 1344, 1356, 1357, 1359, 1361, 1362, 1364, 1372, 1373, 1374, 1375, 1376, 1386, 1387, 1388, 1390, 1397, 1398, 1399, 1409, 1410, 1411, 1413, 1420, 1421, 1422, 1436, 1438, 1439, 1440, 1443, 1444, 1446, 1447, 1452, 1471, 1472, 1473, 1474, 1475, 1487, 1488, 1489, 1491, 1492, 1494, 1495, 1496, 1497, 1500, 1502, 1503, 1504, 1519, 1520, 1521, 1522, 1523, 1526, 1527, 1529, 1540, 1541, 1542, 1543, 1544, 1559, 1560, 1561, 1562, 1563, 1566, 1567, 1574, 1583, 1584, 1585, 1586, 1587, 1599, 1600, 1603, 1604, 1606, 1611, 1612, 1613, 1625, 1627, 1628, 1630, 1631, 1633, 1634, 1636, 1657, 1658, 1659, 1677, 1678, 1679, 1680, 1684, 1685, 1686, 1688, 1691, 1699, 1700, 1702, 1706, 1707, 1708, 1709, 1710, 1711, 1715, 1730, 1732, 1733], "excluded_lines": [43, 44], "functions": {"PredictionResponse.validate_transition_type": {"executed_lines": [], "summary": {"covered_lines": 0, "num_statements": 4, "percent_covered": 0.0, "percent_covered_display": "0", "missing_lines": 4, "excluded_lines": 0}, "missing_lines": [83, 90, 91, 92], "excluded_lines": []}, "PredictionResponse.validate_confidence": {"executed_lines": [], "summary": {"covered_lines": 0, "num_statements": 3, "percent_covered": 0.0, "percent_covered_display": "0", "missing_lines": 3, "excluded_lines": 0}, "missing_lines": [98, 99, 100], "excluded_lines": []}, "AccuracyMetricsResponse.validate_rate": {"executed_lines": [], "summary": {"covered_lines": 0, "num_statements": 3, "percent_covered": 0.0, "percent_covered_display": "0", "missing_lines": 3, "excluded_lines": 0}, "missing_lines": [130, 131, 132], "excluded_lines": []}, "AccuracyMetricsResponse.validate_average_error": {"executed_lines": [], "summary": {"covered_lines": 0, "num_statements": 3, "percent_covered": 0.0, "percent_covered_display": "0", "missing_lines": 3, "excluded_lines": 0}, "missing_lines": [138, 139, 140], "excluded_lines": []}, "AccuracyMetricsResponse.validate_counts": {"executed_lines": [], "summary": {"covered_lines": 0, "num_statements": 3, "percent_covered": 0.0, "percent_covered_display": "0", "missing_lines": 3, "excluded_lines": 0}, "missing_lines": [146, 147, 148], "excluded_lines": []}, "AccuracyMetricsResponse.validate_trend_direction": {"executed_lines": [], "summary": {"covered_lines": 0, "num_statements": 4, "percent_covered": 0.0, "percent_covered_display": "0", "missing_lines": 4, "excluded_lines": 0}, "missing_lines": [154, 155, 156, 159], "excluded_lines": []}, "ManualRetrainRequest.validate_room_id": {"executed_lines": [], "summary": {"covered_lines": 0, "num_statements": 6, "percent_covered": 0.0, "percent_covered_display": "0", "missing_lines": 6, "excluded_lines": 0}, "missing_lines": [176, 178, 180, 181, 182, 183], "excluded_lines": []}, "ManualRetrainRequest.validate_strategy": {"executed_lines": [], "summary": {"covered_lines": 0, "num_statements": 4, "percent_covered": 0.0, "percent_covered_display": "0", "missing_lines": 4, "excluded_lines": 0}, "missing_lines": [189, 190, 191, 192], "excluded_lines": []}, "ManualRetrainRequest.validate_reason": {"executed_lines": [], "summary": {"covered_lines": 0, "num_statements": 3, "percent_covered": 0.0, "percent_covered_display": "0", "missing_lines": 3, "excluded_lines": 0}, "missing_lines": [198, 199, 200], "excluded_lines": []}, "ErrorResponse.dict": {"executed_lines": [], "summary": {"covered_lines": 0, "num_statements": 4, "percent_covered": 0.0, "percent_covered_display": "0", "missing_lines": 4, "excluded_lines": 0}, "missing_lines": [224, 225, 226, 227], "excluded_lines": []}, "RateLimitTracker.__init__": {"executed_lines": [238], "summary": {"covered_lines": 1, "num_statements": 1, "percent_covered": 100.0, "percent_covered_display": "100", "missing_lines": 0, "excluded_lines": 0}, "missing_lines": [], "excluded_lines": []}, "RateLimitTracker.is_allowed": {"executed_lines": [], "summary": {"covered_lines": 0, "num_statements": 9, "percent_covered": 0.0, "percent_covered_display": "0", "missing_lines": 9, "excluded_lines": 0}, "missing_lines": [242, 243, 246, 247, 253, 256, 257, 260, 261], "excluded_lines": []}, "get_tracking_manager": {"executed_lines": [], "summary": {"covered_lines": 0, "num_statements": 10, "percent_covered": 0.0, "percent_covered_display": "0", "missing_lines": 10, "excluded_lines": 0}, "missing_lines": [277, 279, 284, 286, 287, 288, 290, 292, 296, 297], "excluded_lines": []}, "set_tracking_manager": {"executed_lines": [], "summary": {"covered_lines": 0, "num_statements": 1, "percent_covered": 0.0, "percent_covered_display": "0", "missing_lines": 1, "excluded_lines": 0}, "missing_lines": [303], "excluded_lines": []}, "get_mqtt_manager": {"executed_lines": [], "summary": {"covered_lines": 0, "num_statements": 2, "percent_covered": 0.0, "percent_covered_display": "0", "missing_lines": 2, "excluded_lines": 0}, "missing_lines": [308, 309], "excluded_lines": []}, "verify_api_key": {"executed_lines": [], "summary": {"covered_lines": 0, "num_statements": 8, "percent_covered": 0.0, "percent_covered_display": "0", "missing_lines": 8, "excluded_lines": 0}, "missing_lines": [316, 318, 319, 321, 322, 324, 325, 327], "excluded_lines": []}, "check_rate_limit": {"executed_lines": [], "summary": {"covered_lines": 0, "num_statements": 7, "percent_covered": 0.0, "percent_covered_display": "0", "missing_lines": 7, "excluded_lines": 0}, "missing_lines": [332, 334, 335, 337, 338, 339, 341], "excluded_lines": []}, "lifespan": {"executed_lines": [], "summary": {"covered_lines": 0, "num_statements": 12, "percent_covered": 0.0, "percent_covered_display": "0", "missing_lines": 12, "excluded_lines": 0}, "missing_lines": [350, 353, 354, 356, 358, 361, 362, 363, 364, 365, 367, 369], "excluded_lines": []}, "background_health_check": {"executed_lines": [], "summary": {"covered_lines": 0, "num_statements": 26, "percent_covered": 0.0, "percent_covered_display": "0", "missing_lines": 26, "excluded_lines": 0}, "missing_lines": [374, 375, 376, 378, 380, 381, 384, 385, 387, 388, 389, 392, 395, 399, 412, 413, 414, 415, 425, 426, 427, 428, 432, 433, 435, 436], "excluded_lines": []}, "register_routes": {"executed_lines": [442, 443, 451, 452, 524, 525, 579, 580], "summary": {"covered_lines": 8, "num_statements": 8, "percent_covered": 100.0, "percent_covered_display": "100", "missing_lines": 0, "excluded_lines": 0}, "missing_lines": [], "excluded_lines": []}, "register_routes.root": {"executed_lines": [], "summary": {"covered_lines": 0, "num_statements": 1, "percent_covered": 0.0, "percent_covered_display": "0", "missing_lines": 1, "excluded_lines": 0}, "missing_lines": [445], "excluded_lines": []}, "register_routes.health_check": {"executed_lines": [], "summary": {"covered_lines": 0, "num_statements": 20, "percent_covered": 0.0, "percent_covered_display": "0", "missing_lines": 20, "excluded_lines": 0}, "missing_lines": [454, 458, 459, 460, 461, 462, 463, 464, 467, 468, 469, 470, 471, 472, 473, 476, 480, 504, 505, 506], "excluded_lines": []}, "register_routes.get_room_prediction": {"executed_lines": [], "summary": {"covered_lines": 0, "num_statements": 14, "percent_covered": 0.0, "percent_covered_display": "0", "missing_lines": 14, "excluded_lines": 0}, "missing_lines": [531, 533, 534, 535, 538, 539, 541, 542, 548, 567, 568, 569, 570, 573], "excluded_lines": []}, "register_routes.get_all_predictions": {"executed_lines": [], "summary": {"covered_lines": 0, "num_statements": 16, "percent_covered": 0.0, "percent_covered_display": "0", "missing_lines": 16, "excluded_lines": 0}, "missing_lines": [584, 585, 586, 588, 589, 590, 591, 594, 595, 596, 597, 598, 600, 602, 603, 604], "excluded_lines": []}, "create_app": {"executed_lines": [613, 614, 616, 627, 634, 637, 640, 641, 644, 645, 654, 660, 661, 685, 686, 715, 716, 746, 747, 797, 798, 800, 803, 805], "summary": {"covered_lines": 24, "num_statements": 24, "percent_covered": 100.0, "percent_covered_display": "100", "missing_lines": 0, "excluded_lines": 0}, "missing_lines": [], "excluded_lines": []}, "create_app.api_error_handler": {"executed_lines": [], "summary": {"covered_lines": 0, "num_statements": 2, "percent_covered": 0.0, "percent_covered_display": "0", "missing_lines": 2, "excluded_lines": 0}, "missing_lines": [663, 674], "excluded_lines": []}, "create_app.system_error_handler": {"executed_lines": [], "summary": {"covered_lines": 0, "num_statements": 5, "percent_covered": 0.0, "percent_covered_display": "0", "missing_lines": 5, "excluded_lines": 0}, "missing_lines": [687, 688, 689, 692, 704], "excluded_lines": []}, "create_app.general_exception_handler": {"executed_lines": [], "summary": {"covered_lines": 0, "num_statements": 2, "percent_covered": 0.0, "percent_covered_display": "0", "missing_lines": 2, "excluded_lines": 0}, "missing_lines": [718, 730], "excluded_lines": []}, "create_app.request_middleware": {"executed_lines": [], "summary": {"covered_lines": 0, "num_statements": 14, "percent_covered": 0.0, "percent_covered_display": "0", "missing_lines": 14, "excluded_lines": 0}, "missing_lines": [749, 752, 753, 757, 759, 762, 765, 766, 770, 772, 773, 783, 784, 785], "excluded_lines": []}, "get_app": {"executed_lines": [813, 814], "summary": {"covered_lines": 2, "num_statements": 7, "percent_covered": 28.571428571428573, "percent_covered_display": "29", "missing_lines": 5, "excluded_lines": 0}, "missing_lines": [815, 816, 821, 822, 824], "excluded_lines": []}, "root": {"executed_lines": [], "summary": {"covered_lines": 0, "num_statements": 1, "percent_covered": 0.0, "percent_covered_display": "0", "missing_lines": 1, "excluded_lines": 0}, "missing_lines": [836], "excluded_lines": []}, "health_check": {"executed_lines": [], "summary": {"covered_lines": 0, "num_statements": 60, "percent_covered": 0.0, "percent_covered_display": "0", "missing_lines": 60, "excluded_lines": 0}, "missing_lines": [847, 848, 851, 852, 855, 856, 857, 860, 863, 864, 865, 868, 869, 872, 873, 874, 875, 878, 879, 880, 881, 886, 887, 888, 893, 894, 895, 896, 897, 898, 900, 902, 935, 936, 938, 939, 947, 948, 949, 950, 951, 958, 959, 962, 963, 964, 967, 968, 973, 974, 977, 978, 980, 981, 984, 986, 988, 1018, 1019, 1020], "excluded_lines": []}, "comprehensive_health_check": {"executed_lines": [], "summary": {"covered_lines": 0, "num_statements": 15, "percent_covered": 0.0, "percent_covered_display": "0", "missing_lines": 15, "excluded_lines": 0}, "missing_lines": [1030, 1031, 1032, 1035, 1036, 1037, 1040, 1041, 1042, 1045, 1048, 1056, 1065, 1066, 1069], "excluded_lines": []}, "get_component_health": {"executed_lines": [], "summary": {"covered_lines": 0, "num_statements": 12, "percent_covered": 0.0, "percent_covered_display": "0", "missing_lines": 12, "excluded_lines": 0}, "missing_lines": [1093, 1094, 1095, 1097, 1098, 1101, 1103, 1111, 1112, 1113, 1114, 1115], "excluded_lines": []}, "get_system_health_summary": {"executed_lines": [], "summary": {"covered_lines": 0, "num_statements": 7, "percent_covered": 0.0, "percent_covered_display": "0", "missing_lines": 7, "excluded_lines": 0}, "missing_lines": [1125, 1126, 1127, 1129, 1131, 1132, 1133], "excluded_lines": []}, "get_health_monitoring_status": {"executed_lines": [], "summary": {"covered_lines": 0, "num_statements": 7, "percent_covered": 0.0, "percent_covered_display": "0", "missing_lines": 7, "excluded_lines": 0}, "missing_lines": [1143, 1144, 1145, 1147, 1153, 1154, 1155], "excluded_lines": []}, "start_health_monitoring": {"executed_lines": [], "summary": {"covered_lines": 0, "num_statements": 9, "percent_covered": 0.0, "percent_covered_display": "0", "missing_lines": 9, "excluded_lines": 0}, "missing_lines": [1165, 1166, 1168, 1169, 1175, 1177, 1184, 1185, 1186], "excluded_lines": []}, "stop_health_monitoring": {"executed_lines": [], "summary": {"covered_lines": 0, "num_statements": 9, "percent_covered": 0.0, "percent_covered_display": "0", "missing_lines": 9, "excluded_lines": 0}, "missing_lines": [1196, 1197, 1199, 1200, 1206, 1208, 1214, 1215, 1216], "excluded_lines": []}, "get_active_incidents": {"executed_lines": [], "summary": {"covered_lines": 0, "num_statements": 7, "percent_covered": 0.0, "percent_covered_display": "0", "missing_lines": 7, "excluded_lines": 0}, "missing_lines": [1226, 1227, 1228, 1230, 1239, 1240, 1241], "excluded_lines": []}, "get_incident_details": {"executed_lines": [], "summary": {"covered_lines": 0, "num_statements": 11, "percent_covered": 0.0, "percent_covered_display": "0", "missing_lines": 11, "excluded_lines": 0}, "missing_lines": [1251, 1252, 1253, 1255, 1256, 1258, 1260, 1261, 1262, 1263, 1264], "excluded_lines": []}, "get_incident_history": {"executed_lines": [], "summary": {"covered_lines": 0, "num_statements": 11, "percent_covered": 0.0, "percent_covered_display": "0", "missing_lines": 11, "excluded_lines": 0}, "missing_lines": [1274, 1275, 1276, 1280, 1281, 1283, 1290, 1291, 1292, 1293, 1294], "excluded_lines": []}, "get_incident_statistics": {"executed_lines": [], "summary": {"covered_lines": 0, "num_statements": 7, "percent_covered": 0.0, "percent_covered_display": "0", "missing_lines": 7, "excluded_lines": 0}, "missing_lines": [1304, 1305, 1306, 1308, 1310, 1311, 1312], "excluded_lines": []}, "acknowledge_incident": {"executed_lines": [], "summary": {"covered_lines": 0, "num_statements": 11, "percent_covered": 0.0, "percent_covered_display": "0", "missing_lines": 11, "excluded_lines": 0}, "missing_lines": [1322, 1323, 1325, 1329, 1330, 1332, 1340, 1341, 1342, 1343, 1344], "excluded_lines": []}, "resolve_incident": {"executed_lines": [], "summary": {"covered_lines": 0, "num_statements": 11, "percent_covered": 0.0, "percent_covered_display": "0", "missing_lines": 11, "excluded_lines": 0}, "missing_lines": [1356, 1357, 1359, 1361, 1362, 1364, 1372, 1373, 1374, 1375, 1376], "excluded_lines": []}, "start_incident_response": {"executed_lines": [], "summary": {"covered_lines": 0, "num_statements": 7, "percent_covered": 0.0, "percent_covered_display": "0", "missing_lines": 7, "excluded_lines": 0}, "missing_lines": [1386, 1387, 1388, 1390, 1397, 1398, 1399], "excluded_lines": []}, "stop_incident_response": {"executed_lines": [], "summary": {"covered_lines": 0, "num_statements": 7, "percent_covered": 0.0, "percent_covered_display": "0", "missing_lines": 7, "excluded_lines": 0}, "missing_lines": [1409, 1410, 1411, 1413, 1420, 1421, 1422], "excluded_lines": []}, "get_room_prediction": {"executed_lines": [], "summary": {"covered_lines": 0, "num_statements": 14, "percent_covered": 0.0, "percent_covered_display": "0", "missing_lines": 14, "excluded_lines": 0}, "missing_lines": [1436, 1438, 1439, 1440, 1443, 1444, 1446, 1447, 1452, 1471, 1472, 1473, 1474, 1475], "excluded_lines": []}, "get_all_predictions": {"executed_lines": [], "summary": {"covered_lines": 0, "num_statements": 13, "percent_covered": 0.0, "percent_covered_display": "0", "missing_lines": 13, "excluded_lines": 0}, "missing_lines": [1487, 1488, 1489, 1491, 1492, 1494, 1495, 1496, 1497, 1500, 1502, 1503, 1504], "excluded_lines": []}, "get_accuracy_metrics": {"executed_lines": [], "summary": {"covered_lines": 0, "num_statements": 13, "percent_covered": 0.0, "percent_covered_display": "0", "missing_lines": 13, "excluded_lines": 0}, "missing_lines": [1519, 1520, 1521, 1522, 1523, 1526, 1527, 1529, 1540, 1541, 1542, 1543, 1544], "excluded_lines": []}, "trigger_manual_retrain": {"executed_lines": [], "summary": {"covered_lines": 0, "num_statements": 13, "percent_covered": 0.0, "percent_covered_display": "0", "missing_lines": 13, "excluded_lines": 0}, "missing_lines": [1559, 1560, 1561, 1562, 1563, 1566, 1567, 1574, 1583, 1584, 1585, 1586, 1587], "excluded_lines": []}, "refresh_mqtt_discovery": {"executed_lines": [], "summary": {"covered_lines": 0, "num_statements": 8, "percent_covered": 0.0, "percent_covered_display": "0", "missing_lines": 8, "excluded_lines": 0}, "missing_lines": [1599, 1600, 1603, 1604, 1606, 1611, 1612, 1613], "excluded_lines": []}, "get_system_stats": {"executed_lines": [], "summary": {"covered_lines": 0, "num_statements": 11, "percent_covered": 0.0, "percent_covered_display": "0", "missing_lines": 11, "excluded_lines": 0}, "missing_lines": [1625, 1627, 1628, 1630, 1631, 1633, 1634, 1636, 1657, 1658, 1659], "excluded_lines": []}, "APIServer.__init__": {"executed_lines": [], "summary": {"covered_lines": 0, "num_statements": 4, "percent_covered": 0.0, "percent_covered_display": "0", "missing_lines": 4, "excluded_lines": 0}, "missing_lines": [1677, 1678, 1679, 1680], "excluded_lines": []}, "APIServer.start": {"executed_lines": [], "summary": {"covered_lines": 0, "num_statements": 8, "percent_covered": 0.0, "percent_covered_display": "0", "missing_lines": 8, "excluded_lines": 0}, "missing_lines": [1684, 1685, 1686, 1688, 1691, 1699, 1700, 1702], "excluded_lines": []}, "APIServer.stop": {"executed_lines": [], "summary": {"covered_lines": 0, "num_statements": 6, "percent_covered": 0.0, "percent_covered_display": "0", "missing_lines": 6, "excluded_lines": 0}, "missing_lines": [1706, 1707, 1708, 1709, 1710, 1711], "excluded_lines": []}, "APIServer.is_running": {"executed_lines": [], "summary": {"covered_lines": 0, "num_statements": 1, "percent_covered": 0.0, "percent_covered_display": "0", "missing_lines": 1, "excluded_lines": 0}, "missing_lines": [1715], "excluded_lines": []}, "integrate_with_tracking_manager": {"executed_lines": [], "summary": {"covered_lines": 0, "num_statements": 3, "percent_covered": 0.0, "percent_covered_display": "0", "missing_lines": 3, "excluded_lines": 0}, "missing_lines": [1730, 1732, 1733], "excluded_lines": []}, "": {"executed_lines": [1, 18, 19, 20, 21, 22, 23, 24, 25, 26, 28, 36, 37, 38, 39, 40, 41, 43, 46, 47, 56, 57, 58, 59, 61, 67, 68, 70, 71, 72, 73, 74, 75, 76, 77, 79, 80, 81, 94, 95, 96, 103, 104, 106, 107, 108, 109, 110, 111, 114, 115, 117, 118, 119, 120, 121, 122, 123, 124, 126, 127, 128, 134, 135, 136, 142, 143, 144, 150, 151, 152, 162, 163, 165, 168, 169, 170, 172, 173, 174, 185, 186, 187, 194, 195, 196, 203, 204, 206, 207, 208, 209, 210, 213, 214, 216, 217, 218, 219, 220, 222, 231, 232, 233, 235, 237, 240, 265, 266, 271, 274, 300, 306, 312, 330, 347, 348, 372, 439, 611, 811, 828, 833, 834, 844, 845, 1027, 1028, 1090, 1091, 1122, 1123, 1140, 1141, 1162, 1163, 1193, 1194, 1223, 1224, 1248, 1249, 1271, 1272, 1301, 1302, 1319, 1320, 1351, 1352, 1383, 1384, 1406, 1407, 1429, 1430, 1482, 1483, 1511, 1512, 1551, 1552, 1594, 1595, 1620, 1621, 1667, 1668, 1675, 1682, 1704, 1713, 1721], "summary": {"covered_lines": 163, "num_statements": 163, "percent_covered": 100.0, "percent_covered_display": "100", "missing_lines": 0, "excluded_lines": 2}, "missing_lines": [], "excluded_lines": [43, 44]}}, "classes": {"PredictionResponse": {"executed_lines": [], "summary": {"covered_lines": 0, "num_statements": 7, "percent_covered": 0.0, "percent_covered_display": "0", "missing_lines": 7, "excluded_lines": 0}, "missing_lines": [83, 90, 91, 92, 98, 99, 100], "excluded_lines": []}, "SystemHealthResponse": {"executed_lines": [], "summary": {"covered_lines": 0, "num_statements": 0, "percent_covered": 100.0, "percent_covered_display": "100", "missing_lines": 0, "excluded_lines": 0}, "missing_lines": [], "excluded_lines": []}, "AccuracyMetricsResponse": {"executed_lines": [], "summary": {"covered_lines": 0, "num_statements": 13, "percent_covered": 0.0, "percent_covered_display": "0", "missing_lines": 13, "excluded_lines": 0}, "missing_lines": [130, 131, 132, 138, 139, 140, 146, 147, 148, 154, 155, 156, 159], "excluded_lines": []}, "ManualRetrainRequest": {"executed_lines": [], "summary": {"covered_lines": 0, "num_statements": 13, "percent_covered": 0.0, "percent_covered_display": "0", "missing_lines": 13, "excluded_lines": 0}, "missing_lines": [176, 178, 180, 181, 182, 183, 189, 190, 191, 192, 198, 199, 200], "excluded_lines": []}, "SystemStatsResponse": {"executed_lines": [], "summary": {"covered_lines": 0, "num_statements": 0, "percent_covered": 100.0, "percent_covered_display": "100", "missing_lines": 0, "excluded_lines": 0}, "missing_lines": [], "excluded_lines": []}, "ErrorResponse": {"executed_lines": [], "summary": {"covered_lines": 0, "num_statements": 4, "percent_covered": 0.0, "percent_covered_display": "0", "missing_lines": 4, "excluded_lines": 0}, "missing_lines": [224, 225, 226, 227], "excluded_lines": []}, "RateLimitTracker": {"executed_lines": [238], "summary": {"covered_lines": 1, "num_statements": 10, "percent_covered": 10.0, "percent_covered_display": "10", "missing_lines": 9, "excluded_lines": 0}, "missing_lines": [242, 243, 246, 247, 253, 256, 257, 260, 261], "excluded_lines": []}, "APIServer": {"executed_lines": [], "summary": {"covered_lines": 0, "num_statements": 19, "percent_covered": 0.0, "percent_covered_display": "0", "missing_lines": 19, "excluded_lines": 0}, "missing_lines": [1677, 1678, 1679, 1680, 1684, 1685, 1686, 1688, 1691, 1699, 1700, 1702, 1706, 1707, 1708, 1709, 1710, 1711, 1715], "excluded_lines": []}, "": {"executed_lines": [1, 18, 19, 20, 21, 22, 23, 24, 25, 26, 28, 36, 37, 38, 39, 40, 41, 43, 46, 47, 56, 57, 58, 59, 61, 67, 68, 70, 71, 72, 73, 74, 75, 76, 77, 79, 80, 81, 94, 95, 96, 103, 104, 106, 107, 108, 109, 110, 111, 114, 115, 117, 118, 119, 120, 121, 122, 123, 124, 126, 127, 128, 134, 135, 136, 142, 143, 144, 150, 151, 152, 162, 163, 165, 168, 169, 170, 172, 173, 174, 185, 186, 187, 194, 195, 196, 203, 204, 206, 207, 208, 209, 210, 213, 214, 216, 217, 218, 219, 220, 222, 231, 232, 233, 235, 237, 240, 265, 266, 271, 274, 300, 306, 312, 330, 347, 348, 372, 439, 442, 443, 451, 452, 524, 525, 579, 580, 611, 613, 614, 616, 627, 634, 637, 640, 641, 644, 645, 654, 660, 661, 685, 686, 715, 716, 746, 747, 797, 798, 800, 803, 805, 811, 813, 814, 828, 833, 834, 844, 845, 1027, 1028, 1090, 1091, 1122, 1123, 1140, 1141, 1162, 1163, 1193, 1194, 1223, 1224, 1248, 1249, 1271, 1272, 1301, 1302, 1319, 1320, 1351, 1352, 1383, 1384, 1406, 1407, 1429, 1430, 1482, 1483, 1511, 1512, 1551, 1552, 1594, 1595, 1620, 1621, 1667, 1668, 1675, 1682, 1704, 1713, 1721], "summary": {"covered_lines": 197, "num_statements": 609, "percent_covered": 32.34811165845649, "percent_covered_display": "32", "missing_lines": 412, "excluded_lines": 2}, "missing_lines": [277, 279, 284, 286, 287, 288, 290, 292, 296, 297, 303, 308, 309, 316, 318, 319, 321, 322, 324, 325, 327, 332, 334, 335, 337, 338, 339, 341, 350, 353, 354, 356, 358, 361, 362, 363, 364, 365, 367, 369, 374, 375, 376, 378, 380, 381, 384, 385, 387, 388, 389, 392, 395, 399, 412, 413, 414, 415, 425, 426, 427, 428, 432, 433, 435, 436, 445, 454, 458, 459, 460, 461, 462, 463, 464, 467, 468, 469, 470, 471, 472, 473, 476, 480, 504, 505, 506, 531, 533, 534, 535, 538, 539, 541, 542, 548, 567, 568, 569, 570, 573, 584, 585, 586, 588, 589, 590, 591, 594, 595, 596, 597, 598, 600, 602, 603, 604, 663, 674, 687, 688, 689, 692, 704, 718, 730, 749, 752, 753, 757, 759, 762, 765, 766, 770, 772, 773, 783, 784, 785, 815, 816, 821, 822, 824, 836, 847, 848, 851, 852, 855, 856, 857, 860, 863, 864, 865, 868, 869, 872, 873, 874, 875, 878, 879, 880, 881, 886, 887, 888, 893, 894, 895, 896, 897, 898, 900, 902, 935, 936, 938, 939, 947, 948, 949, 950, 951, 958, 959, 962, 963, 964, 967, 968, 973, 974, 977, 978, 980, 981, 984, 986, 988, 1018, 1019, 1020, 1030, 1031, 1032, 1035, 1036, 1037, 1040, 1041, 1042, 1045, 1048, 1056, 1065, 1066, 1069, 1093, 1094, 1095, 1097, 1098, 1101, 1103, 1111, 1112, 1113, 1114, 1115, 1125, 1126, 1127, 1129, 1131, 1132, 1133, 1143, 1144, 1145, 1147, 1153, 1154, 1155, 1165, 1166, 1168, 1169, 1175, 1177, 1184, 1185, 1186, 1196, 1197, 1199, 1200, 1206, 1208, 1214, 1215, 1216, 1226, 1227, 1228, 1230, 1239, 1240, 1241, 1251, 1252, 1253, 1255, 1256, 1258, 1260, 1261, 1262, 1263, 1264, 1274, 1275, 1276, 1280, 1281, 1283, 1290, 1291, 1292, 1293, 1294, 1304, 1305, 1306, 1308, 1310, 1311, 1312, 1322, 1323, 1325, 1329, 1330, 1332, 1340, 1341, 1342, 1343, 1344, 1356, 1357, 1359, 1361, 1362, 1364, 1372, 1373, 1374, 1375, 1376, 1386, 1387, 1388, 1390, 1397, 1398, 1399, 1409, 1410, 1411, 1413, 1420, 1421, 1422, 1436, 1438, 1439, 1440, 1443, 1444, 1446, 1447, 1452, 1471, 1472, 1473, 1474, 1475, 1487, 1488, 1489, 1491, 1492, 1494, 1495, 1496, 1497, 1500, 1502, 1503, 1504, 1519, 1520, 1521, 1522, 1523, 1526, 1527, 1529, 1540, 1541, 1542, 1543, 1544, 1559, 1560, 1561, 1562, 1563, 1566, 1567, 1574, 1583, 1584, 1585, 1586, 1587, 1599, 1600, 1603, 1604, 1606, 1611, 1612, 1613, 1625, 1627, 1628, 1630, 1631, 1633, 1634, 1636, 1657, 1658, 1659, 1730, 1732, 1733], "excluded_lines": [43, 44]}}}, "src\\integration\\auth\\__init__.py": {"executed_lines": [1, 8, 9, 10, 11, 12, 14], "summary": {"covered_lines": 6, "num_statements": 6, "percent_covered": 100.0, "percent_covered_display": "100", "missing_lines": 0, "excluded_lines": 0}, "missing_lines": [], "excluded_lines": [], "functions": {"": {"executed_lines": [1, 8, 9, 10, 11, 12, 14], "summary": {"covered_lines": 6, "num_statements": 6, "percent_covered": 100.0, "percent_covered_display": "100", "missing_lines": 0, "excluded_lines": 0}, "missing_lines": [], "excluded_lines": []}}, "classes": {"": {"executed_lines": [1, 8, 9, 10, 11, 12, 14], "summary": {"covered_lines": 6, "num_statements": 6, "percent_covered": 100.0, "percent_covered_display": "100", "missing_lines": 0, "excluded_lines": 0}, "missing_lines": [], "excluded_lines": []}}}, "src\\integration\\auth\\auth_models.py": {"executed_lines": [1, 8, 9, 11, 14, 15, 17, 18, 19, 20, 21, 22, 23, 24, 25, 29, 30, 31, 50, 51, 52, 62, 66, 70, 82, 83, 85, 86, 87, 91, 92, 93, 101, 102, 103, 123, 124, 126, 127, 128, 129, 130, 132, 133, 152, 153, 155, 157, 158, 159, 172, 173, 175, 176, 177, 178, 181, 182, 184, 185, 190, 191, 193, 194, 195, 196, 197, 198, 199, 200, 201, 204, 205, 207, 208, 211, 213, 214, 215, 223, 224, 225, 245, 246, 248, 249, 250, 251, 252, 253, 255, 256, 257, 266, 267, 268, 277, 278, 280, 281, 282, 283, 286, 289, 290, 291, 292, 294, 300], "summary": {"covered_lines": 98, "num_statements": 156, "percent_covered": 62.82051282051282, "percent_covered_display": "63", "missing_lines": 58, "excluded_lines": 0}, "missing_lines": [33, 44, 45, 46, 48, 54, 56, 57, 58, 60, 64, 68, 72, 95, 96, 99, 105, 106, 109, 110, 111, 112, 114, 115, 116, 120, 161, 162, 165, 166, 167, 169, 218, 219, 220, 221, 227, 228, 231, 232, 233, 234, 236, 237, 238, 242, 259, 261, 262, 263, 264, 270, 271, 274, 296, 297, 298, 302], "excluded_lines": [], "functions": {"AuthUser.validate_permissions": {"executed_lines": [], "summary": {"covered_lines": 0, "num_statements": 5, "percent_covered": 0.0, "percent_covered_display": "0", "missing_lines": 5, "excluded_lines": 0}, "missing_lines": [33, 44, 45, 46, 48], "excluded_lines": []}, "AuthUser.validate_roles": {"executed_lines": [], "summary": {"covered_lines": 0, "num_statements": 5, "percent_covered": 0.0, "percent_covered_display": "0", "missing_lines": 5, "excluded_lines": 0}, "missing_lines": [54, 56, 57, 58, 60], "excluded_lines": []}, "AuthUser.has_permission": {"executed_lines": [], "summary": {"covered_lines": 0, "num_statements": 1, "percent_covered": 0.0, "percent_covered_display": "0", "missing_lines": 1, "excluded_lines": 0}, "missing_lines": [64], "excluded_lines": []}, "AuthUser.has_role": {"executed_lines": [], "summary": {"covered_lines": 0, "num_statements": 1, "percent_covered": 0.0, "percent_covered_display": "0", "missing_lines": 1, "excluded_lines": 0}, "missing_lines": [68], "excluded_lines": []}, "AuthUser.to_token_claims": {"executed_lines": [], "summary": {"covered_lines": 0, "num_statements": 1, "percent_covered": 0.0, "percent_covered_display": "0", "missing_lines": 1, "excluded_lines": 0}, "missing_lines": [72], "excluded_lines": []}, "LoginRequest.validate_username": {"executed_lines": [], "summary": {"covered_lines": 0, "num_statements": 3, "percent_covered": 0.0, "percent_covered_display": "0", "missing_lines": 3, "excluded_lines": 0}, "missing_lines": [95, 96, 99], "excluded_lines": []}, "LoginRequest.validate_password": {"executed_lines": [], "summary": {"covered_lines": 0, "num_statements": 10, "percent_covered": 0.0, "percent_covered_display": "0", "missing_lines": 10, "excluded_lines": 0}, "missing_lines": [105, 106, 109, 110, 111, 112, 114, 115, 116, 120], "excluded_lines": []}, "RefreshRequest.validate_refresh_token": {"executed_lines": [], "summary": {"covered_lines": 0, "num_statements": 6, "percent_covered": 0.0, "percent_covered_display": "0", "missing_lines": 6, "excluded_lines": 0}, "missing_lines": [161, 162, 165, 166, 167, 169], "excluded_lines": []}, "PasswordChangeRequest.passwords_match": {"executed_lines": [], "summary": {"covered_lines": 0, "num_statements": 4, "percent_covered": 0.0, "percent_covered_display": "0", "missing_lines": 4, "excluded_lines": 0}, "missing_lines": [218, 219, 220, 221], "excluded_lines": []}, "PasswordChangeRequest.validate_new_password": {"executed_lines": [], "summary": {"covered_lines": 0, "num_statements": 10, "percent_covered": 0.0, "percent_covered_display": "0", "missing_lines": 10, "excluded_lines": 0}, "missing_lines": [227, 228, 231, 232, 233, 234, 236, 237, 238, 242], "excluded_lines": []}, "UserCreateRequest.validate_email": {"executed_lines": [], "summary": {"covered_lines": 0, "num_statements": 5, "percent_covered": 0.0, "percent_covered_display": "0", "missing_lines": 5, "excluded_lines": 0}, "missing_lines": [259, 261, 262, 263, 264], "excluded_lines": []}, "UserCreateRequest.validate_username": {"executed_lines": [], "summary": {"covered_lines": 0, "num_statements": 3, "percent_covered": 0.0, "percent_covered_display": "0", "missing_lines": 3, "excluded_lines": 0}, "missing_lines": [270, 271, 274], "excluded_lines": []}, "APIKey.is_expired": {"executed_lines": [], "summary": {"covered_lines": 0, "num_statements": 3, "percent_covered": 0.0, "percent_covered_display": "0", "missing_lines": 3, "excluded_lines": 0}, "missing_lines": [296, 297, 298], "excluded_lines": []}, "APIKey.has_permission": {"executed_lines": [], "summary": {"covered_lines": 0, "num_statements": 1, "percent_covered": 0.0, "percent_covered_display": "0", "missing_lines": 1, "excluded_lines": 0}, "missing_lines": [302], "excluded_lines": []}, "": {"executed_lines": [1, 8, 9, 11, 14, 15, 17, 18, 19, 20, 21, 22, 23, 24, 25, 29, 30, 31, 50, 51, 52, 62, 66, 70, 82, 83, 85, 86, 87, 91, 92, 93, 101, 102, 103, 123, 124, 126, 127, 128, 129, 130, 132, 133, 152, 153, 155, 157, 158, 159, 172, 173, 175, 176, 177, 178, 181, 182, 184, 185, 190, 191, 193, 194, 195, 196, 197, 198, 199, 200, 201, 204, 205, 207, 208, 211, 213, 214, 215, 223, 224, 225, 245, 246, 248, 249, 250, 251, 252, 253, 255, 256, 257, 266, 267, 268, 277, 278, 280, 281, 282, 283, 286, 289, 290, 291, 292, 294, 300], "summary": {"covered_lines": 98, "num_statements": 98, "percent_covered": 100.0, "percent_covered_display": "100", "missing_lines": 0, "excluded_lines": 0}, "missing_lines": [], "excluded_lines": []}}, "classes": {"AuthUser": {"executed_lines": [], "summary": {"covered_lines": 0, "num_statements": 13, "percent_covered": 0.0, "percent_covered_display": "0", "missing_lines": 13, "excluded_lines": 0}, "missing_lines": [33, 44, 45, 46, 48, 54, 56, 57, 58, 60, 64, 68, 72], "excluded_lines": []}, "LoginRequest": {"executed_lines": [], "summary": {"covered_lines": 0, "num_statements": 13, "percent_covered": 0.0, "percent_covered_display": "0", "missing_lines": 13, "excluded_lines": 0}, "missing_lines": [95, 96, 99, 105, 106, 109, 110, 111, 112, 114, 115, 116, 120], "excluded_lines": []}, "LoginResponse": {"executed_lines": [], "summary": {"covered_lines": 0, "num_statements": 0, "percent_covered": 100.0, "percent_covered_display": "100", "missing_lines": 0, "excluded_lines": 0}, "missing_lines": [], "excluded_lines": []}, "LoginResponse.Config": {"executed_lines": [], "summary": {"covered_lines": 0, "num_statements": 0, "percent_covered": 100.0, "percent_covered_display": "100", "missing_lines": 0, "excluded_lines": 0}, "missing_lines": [], "excluded_lines": []}, "RefreshRequest": {"executed_lines": [], "summary": {"covered_lines": 0, "num_statements": 6, "percent_covered": 0.0, "percent_covered_display": "0", "missing_lines": 6, "excluded_lines": 0}, "missing_lines": [161, 162, 165, 166, 167, 169], "excluded_lines": []}, "RefreshResponse": {"executed_lines": [], "summary": {"covered_lines": 0, "num_statements": 0, "percent_covered": 100.0, "percent_covered_display": "100", "missing_lines": 0, "excluded_lines": 0}, "missing_lines": [], "excluded_lines": []}, "LogoutRequest": {"executed_lines": [], "summary": {"covered_lines": 0, "num_statements": 0, "percent_covered": 100.0, "percent_covered_display": "100", "missing_lines": 0, "excluded_lines": 0}, "missing_lines": [], "excluded_lines": []}, "TokenInfo": {"executed_lines": [], "summary": {"covered_lines": 0, "num_statements": 0, "percent_covered": 100.0, "percent_covered_display": "100", "missing_lines": 0, "excluded_lines": 0}, "missing_lines": [], "excluded_lines": []}, "PasswordChangeRequest": {"executed_lines": [], "summary": {"covered_lines": 0, "num_statements": 14, "percent_covered": 0.0, "percent_covered_display": "0", "missing_lines": 14, "excluded_lines": 0}, "missing_lines": [218, 219, 220, 221, 227, 228, 231, 232, 233, 234, 236, 237, 238, 242], "excluded_lines": []}, "UserCreateRequest": {"executed_lines": [], "summary": {"covered_lines": 0, "num_statements": 8, "percent_covered": 0.0, "percent_covered_display": "0", "missing_lines": 8, "excluded_lines": 0}, "missing_lines": [259, 261, 262, 263, 264, 270, 271, 274], "excluded_lines": []}, "APIKey": {"executed_lines": [], "summary": {"covered_lines": 0, "num_statements": 4, "percent_covered": 0.0, "percent_covered_display": "0", "missing_lines": 4, "excluded_lines": 0}, "missing_lines": [296, 297, 298, 302], "excluded_lines": []}, "": {"executed_lines": [1, 8, 9, 11, 14, 15, 17, 18, 19, 20, 21, 22, 23, 24, 25, 29, 30, 31, 50, 51, 52, 62, 66, 70, 82, 83, 85, 86, 87, 91, 92, 93, 101, 102, 103, 123, 124, 126, 127, 128, 129, 130, 132, 133, 152, 153, 155, 157, 158, 159, 172, 173, 175, 176, 177, 178, 181, 182, 184, 185, 190, 191, 193, 194, 195, 196, 197, 198, 199, 200, 201, 204, 205, 207, 208, 211, 213, 214, 215, 223, 224, 225, 245, 246, 248, 249, 250, 251, 252, 253, 255, 256, 257, 266, 267, 268, 277, 278, 280, 281, 282, 283, 286, 289, 290, 291, 292, 294, 300], "summary": {"covered_lines": 98, "num_statements": 98, "percent_covered": 100.0, "percent_covered_display": "100", "missing_lines": 0, "excluded_lines": 0}, "missing_lines": [], "excluded_lines": []}}}, "src\\integration\\auth\\dependencies.py": {"executed_lines": [1, 8, 9, 11, 12, 14, 15, 16, 17, 19, 22, 25, 28, 44, 108, 131, 167, 201, 217, 226, 229, 283, 320], "summary": {"covered_lines": 22, "num_statements": 93, "percent_covered": 23.655913978494624, "percent_covered_display": "24", "missing_lines": 71, "excluded_lines": 0}, "missing_lines": [32, 33, 34, 35, 39, 41, 65, 66, 69, 70, 76, 77, 78, 81, 91, 93, 94, 95, 100, 101, 102, 125, 126, 127, 128, 151, 154, 155, 158, 162, 164, 187, 188, 189, 192, 196, 198, 218, 219, 220, 224, 250, 253, 254, 256, 258, 259, 260, 263, 269, 270, 273, 278, 280, 298, 300, 301, 304, 306, 307, 310, 311, 313, 314, 317, 330, 340, 341, 342, 343, 345], "excluded_lines": [], "functions": {"get_jwt_manager": {"executed_lines": [], "summary": {"covered_lines": 0, "num_statements": 6, "percent_covered": 0.0, "percent_covered_display": "0", "missing_lines": 6, "excluded_lines": 0}, "missing_lines": [32, 33, 34, 35, 39, 41], "excluded_lines": []}, "get_current_user": {"executed_lines": [], "summary": {"covered_lines": 0, "num_statements": 15, "percent_covered": 0.0, "percent_covered_display": "0", "missing_lines": 15, "excluded_lines": 0}, "missing_lines": [65, 66, 69, 70, 76, 77, 78, 81, 91, 93, 94, 95, 100, 101, 102], "excluded_lines": []}, "get_optional_user": {"executed_lines": [], "summary": {"covered_lines": 0, "num_statements": 4, "percent_covered": 0.0, "percent_covered_display": "0", "missing_lines": 4, "excluded_lines": 0}, "missing_lines": [125, 126, 127, 128], "excluded_lines": []}, "require_permission": {"executed_lines": [], "summary": {"covered_lines": 0, "num_statements": 2, "percent_covered": 0.0, "percent_covered_display": "0", "missing_lines": 2, "excluded_lines": 0}, "missing_lines": [151, 164], "excluded_lines": []}, "require_permission.permission_checker": {"executed_lines": [], "summary": {"covered_lines": 0, "num_statements": 4, "percent_covered": 0.0, "percent_covered_display": "0", "missing_lines": 4, "excluded_lines": 0}, "missing_lines": [154, 155, 158, 162], "excluded_lines": []}, "require_role": {"executed_lines": [], "summary": {"covered_lines": 0, "num_statements": 2, "percent_covered": 0.0, "percent_covered_display": "0", "missing_lines": 2, "excluded_lines": 0}, "missing_lines": [187, 198], "excluded_lines": []}, "require_role.role_checker": {"executed_lines": [], "summary": {"covered_lines": 0, "num_statements": 4, "percent_covered": 0.0, "percent_covered_display": "0", "missing_lines": 4, "excluded_lines": 0}, "missing_lines": [188, 189, 192, 196], "excluded_lines": []}, "require_admin": {"executed_lines": [217, 226], "summary": {"covered_lines": 2, "num_statements": 2, "percent_covered": 100.0, "percent_covered_display": "100", "missing_lines": 0, "excluded_lines": 0}, "missing_lines": [], "excluded_lines": []}, "require_admin.admin_checker": {"executed_lines": [], "summary": {"covered_lines": 0, "num_statements": 4, "percent_covered": 0.0, "percent_covered_display": "0", "missing_lines": 4, "excluded_lines": 0}, "missing_lines": [218, 219, 220, 224], "excluded_lines": []}, "require_permissions": {"executed_lines": [], "summary": {"covered_lines": 0, "num_statements": 2, "percent_covered": 0.0, "percent_covered_display": "0", "missing_lines": 2, "excluded_lines": 0}, "missing_lines": [250, 280], "excluded_lines": []}, "require_permissions.permissions_checker": {"executed_lines": [], "summary": {"covered_lines": 0, "num_statements": 11, "percent_covered": 0.0, "percent_covered_display": "0", "missing_lines": 11, "excluded_lines": 0}, "missing_lines": [253, 254, 256, 258, 259, 260, 263, 269, 270, 273, 278], "excluded_lines": []}, "validate_api_key": {"executed_lines": [], "summary": {"covered_lines": 0, "num_statements": 11, "percent_covered": 0.0, "percent_covered_display": "0", "missing_lines": 11, "excluded_lines": 0}, "missing_lines": [298, 300, 301, 304, 306, 307, 310, 311, 313, 314, 317], "excluded_lines": []}, "get_request_context": {"executed_lines": [], "summary": {"covered_lines": 0, "num_statements": 6, "percent_covered": 0.0, "percent_covered_display": "0", "missing_lines": 6, "excluded_lines": 0}, "missing_lines": [330, 340, 341, 342, 343, 345], "excluded_lines": []}, "": {"executed_lines": [1, 8, 9, 11, 12, 14, 15, 16, 17, 19, 22, 25, 28, 44, 108, 131, 167, 201, 229, 283, 320], "summary": {"covered_lines": 20, "num_statements": 20, "percent_covered": 100.0, "percent_covered_display": "100", "missing_lines": 0, "excluded_lines": 0}, "missing_lines": [], "excluded_lines": []}}, "classes": {"": {"executed_lines": [1, 8, 9, 11, 12, 14, 15, 16, 17, 19, 22, 25, 28, 44, 108, 131, 167, 201, 217, 226, 229, 283, 320], "summary": {"covered_lines": 22, "num_statements": 93, "percent_covered": 23.655913978494624, "percent_covered_display": "24", "missing_lines": 71, "excluded_lines": 0}, "missing_lines": [32, 33, 34, 35, 39, 41, 65, 66, 69, 70, 76, 77, 78, 81, 91, 93, 94, 95, 100, 101, 102, 125, 126, 127, 128, 151, 154, 155, 158, 162, 164, 187, 188, 189, 192, 196, 198, 218, 219, 220, 224, 250, 253, 254, 256, 258, 259, 260, 263, 269, 270, 273, 278, 280, 298, 300, 301, 304, 306, 307, 310, 311, 313, 314, 317, 330, 340, 341, 342, 343, 345], "excluded_lines": []}}}, "src\\integration\\auth\\endpoints.py": {"executed_lines": [1, 8, 9, 10, 11, 13, 14, 15, 17, 18, 29, 35, 37, 40, 45, 82, 87, 92, 97, 98, 198, 199, 233, 234, 269, 270, 279, 280, 327, 328, 375, 376, 400, 401, 461, 462, 503], "summary": {"covered_lines": 36, "num_statements": 148, "percent_covered": 24.324324324324323, "percent_covered_display": "24", "missing_lines": 112, "excluded_lines": 0}, "missing_lines": [84, 89, 94, 109, 111, 112, 113, 116, 122, 123, 124, 130, 131, 132, 137, 150, 151, 156, 157, 158, 160, 163, 166, 169, 170, 180, 188, 189, 190, 191, 192, 207, 209, 213, 215, 222, 223, 224, 225, 226, 227, 244, 245, 248, 249, 250, 253, 255, 261, 262, 263, 276, 288, 290, 291, 292, 297, 300, 301, 307, 308, 310, 312, 317, 318, 319, 320, 321, 337, 338, 339, 343, 345, 346, 350, 362, 363, 364, 365, 366, 382, 383, 384, 397, 409, 411, 412, 418, 419, 421, 433, 436, 447, 449, 451, 452, 453, 454, 455, 468, 470, 471, 477, 478, 483, 485, 487, 492, 493, 494, 495, 496], "excluded_lines": [], "functions": {"verify_password": {"executed_lines": [], "summary": {"covered_lines": 0, "num_statements": 1, "percent_covered": 0.0, "percent_covered_display": "0", "missing_lines": 1, "excluded_lines": 0}, "missing_lines": [84], "excluded_lines": []}, "hash_password": {"executed_lines": [], "summary": {"covered_lines": 0, "num_statements": 1, "percent_covered": 0.0, "percent_covered_display": "0", "missing_lines": 1, "excluded_lines": 0}, "missing_lines": [89], "excluded_lines": []}, "get_user_by_username": {"executed_lines": [], "summary": {"covered_lines": 0, "num_statements": 1, "percent_covered": 0.0, "percent_covered_display": "0", "missing_lines": 1, "excluded_lines": 0}, "missing_lines": [94], "excluded_lines": []}, "login": {"executed_lines": [], "summary": {"covered_lines": 0, "num_statements": 28, "percent_covered": 0.0, "percent_covered_display": "0", "missing_lines": 28, "excluded_lines": 0}, "missing_lines": [109, 111, 112, 113, 116, 122, 123, 124, 130, 131, 132, 137, 150, 151, 156, 157, 158, 160, 163, 166, 169, 170, 180, 188, 189, 190, 191, 192], "excluded_lines": []}, "refresh_token": {"executed_lines": [], "summary": {"covered_lines": 0, "num_statements": 10, "percent_covered": 0.0, "percent_covered_display": "0", "missing_lines": 10, "excluded_lines": 0}, "missing_lines": [207, 209, 213, 215, 222, 223, 224, 225, 226, 227], "excluded_lines": []}, "logout": {"executed_lines": [], "summary": {"covered_lines": 0, "num_statements": 10, "percent_covered": 0.0, "percent_covered_display": "0", "missing_lines": 10, "excluded_lines": 0}, "missing_lines": [244, 245, 248, 249, 250, 253, 255, 261, 262, 263], "excluded_lines": []}, "get_current_user_info": {"executed_lines": [], "summary": {"covered_lines": 0, "num_statements": 1, "percent_covered": 0.0, "percent_covered_display": "0", "missing_lines": 1, "excluded_lines": 0}, "missing_lines": [276], "excluded_lines": []}, "change_password": {"executed_lines": [], "summary": {"covered_lines": 0, "num_statements": 16, "percent_covered": 0.0, "percent_covered_display": "0", "missing_lines": 16, "excluded_lines": 0}, "missing_lines": [288, 290, 291, 292, 297, 300, 301, 307, 308, 310, 312, 317, 318, 319, 320, 321], "excluded_lines": []}, "get_token_info": {"executed_lines": [], "summary": {"covered_lines": 0, "num_statements": 12, "percent_covered": 0.0, "percent_covered_display": "0", "missing_lines": 12, "excluded_lines": 0}, "missing_lines": [337, 338, 339, 343, 345, 346, 350, 362, 363, 364, 365, 366], "excluded_lines": []}, "list_users": {"executed_lines": [], "summary": {"covered_lines": 0, "num_statements": 4, "percent_covered": 0.0, "percent_covered_display": "0", "missing_lines": 4, "excluded_lines": 0}, "missing_lines": [382, 383, 384, 397], "excluded_lines": []}, "create_user": {"executed_lines": [], "summary": {"covered_lines": 0, "num_statements": 15, "percent_covered": 0.0, "percent_covered_display": "0", "missing_lines": 15, "excluded_lines": 0}, "missing_lines": [409, 411, 412, 418, 419, 421, 433, 436, 447, 449, 451, 452, 453, 454, 455], "excluded_lines": []}, "delete_user": {"executed_lines": [], "summary": {"covered_lines": 0, "num_statements": 13, "percent_covered": 0.0, "percent_covered_display": "0", "missing_lines": 13, "excluded_lines": 0}, "missing_lines": [468, 470, 471, 477, 478, 483, 485, 487, 492, 493, 494, 495, 496], "excluded_lines": []}, "": {"executed_lines": [1, 8, 9, 10, 11, 13, 14, 15, 17, 18, 29, 35, 37, 40, 45, 82, 87, 92, 97, 98, 198, 199, 233, 234, 269, 270, 279, 280, 327, 328, 375, 376, 400, 401, 461, 462, 503], "summary": {"covered_lines": 36, "num_statements": 36, "percent_covered": 100.0, "percent_covered_display": "100", "missing_lines": 0, "excluded_lines": 0}, "missing_lines": [], "excluded_lines": []}}, "classes": {"": {"executed_lines": [1, 8, 9, 10, 11, 13, 14, 15, 17, 18, 29, 35, 37, 40, 45, 82, 87, 92, 97, 98, 198, 199, 233, 234, 269, 270, 279, 280, 327, 328, 375, 376, 400, 401, 461, 462, 503], "summary": {"covered_lines": 36, "num_statements": 148, "percent_covered": 24.324324324324323, "percent_covered_display": "24", "missing_lines": 112, "excluded_lines": 0}, "missing_lines": [84, 89, 94, 109, 111, 112, 113, 116, 122, 123, 124, 130, 131, 132, 137, 150, 151, 156, 157, 158, 160, 163, 166, 169, 170, 180, 188, 189, 190, 191, 192, 207, 209, 213, 215, 222, 223, 224, 225, 226, 227, 244, 245, 248, 249, 250, 253, 255, 261, 262, 263, 276, 288, 290, 291, 292, 297, 300, 301, 307, 308, 310, 312, 317, 318, 319, 320, 321, 337, 338, 339, 343, 345, 346, 350, 362, 363, 364, 365, 366, 382, 383, 384, 397, 409, 411, 412, 418, 419, 421, 433, 436, 447, 449, 451, 452, 453, 454, 455, 468, 470, 471, 477, 478, 483, 485, 487, 492, 493, 494, 495, 496], "excluded_lines": []}}}, "src\\integration\\auth\\exceptions.py": {"executed_lines": [1, 8, 10, 13, 14, 16, 34, 35, 37, 58, 59, 61, 74, 75, 77, 90, 91, 93, 106, 107, 109, 125, 126, 128, 144, 145, 147, 155, 156, 158, 179, 180, 182], "summary": {"covered_lines": 22, "num_statements": 65, "percent_covered": 33.84615384615385, "percent_covered_display": "34", "missing_lines": 43, "excluded_lines": 0}, "missing_lines": [22, 23, 24, 26, 44, 45, 46, 47, 48, 50, 67, 68, 69, 71, 83, 84, 85, 87, 99, 100, 101, 103, 115, 117, 131, 132, 133, 135, 136, 137, 139, 152, 165, 166, 167, 168, 169, 171, 188, 189, 191, 192, 194], "excluded_lines": [], "functions": {"AuthenticationError.__init__": {"executed_lines": [], "summary": {"covered_lines": 0, "num_statements": 4, "percent_covered": 0.0, "percent_covered_display": "0", "missing_lines": 4, "excluded_lines": 0}, "missing_lines": [22, 23, 24, 26], "excluded_lines": []}, "AuthorizationError.__init__": {"executed_lines": [], "summary": {"covered_lines": 0, "num_statements": 6, "percent_covered": 0.0, "percent_covered_display": "0", "missing_lines": 6, "excluded_lines": 0}, "missing_lines": [44, 45, 46, 47, 48, 50], "excluded_lines": []}, "TokenExpiredError.__init__": {"executed_lines": [], "summary": {"covered_lines": 0, "num_statements": 4, "percent_covered": 0.0, "percent_covered_display": "0", "missing_lines": 4, "excluded_lines": 0}, "missing_lines": [67, 68, 69, 71], "excluded_lines": []}, "TokenInvalidError.__init__": {"executed_lines": [], "summary": {"covered_lines": 0, "num_statements": 4, "percent_covered": 0.0, "percent_covered_display": "0", "missing_lines": 4, "excluded_lines": 0}, "missing_lines": [83, 84, 85, 87], "excluded_lines": []}, "TokenRevokedError.__init__": {"executed_lines": [], "summary": {"covered_lines": 0, "num_statements": 4, "percent_covered": 0.0, "percent_covered_display": "0", "missing_lines": 4, "excluded_lines": 0}, "missing_lines": [99, 100, 101, 103], "excluded_lines": []}, "InsufficientPermissionsError.__init__": {"executed_lines": [], "summary": {"covered_lines": 0, "num_statements": 2, "percent_covered": 0.0, "percent_covered_display": "0", "missing_lines": 2, "excluded_lines": 0}, "missing_lines": [115, 117], "excluded_lines": []}, "AccountDisabledError.__init__": {"executed_lines": [], "summary": {"covered_lines": 0, "num_statements": 7, "percent_covered": 0.0, "percent_covered_display": "0", "missing_lines": 7, "excluded_lines": 0}, "missing_lines": [131, 132, 133, 135, 136, 137, 139], "excluded_lines": []}, "InvalidCredentialsError.__init__": {"executed_lines": [], "summary": {"covered_lines": 0, "num_statements": 1, "percent_covered": 0.0, "percent_covered_display": "0", "missing_lines": 1, "excluded_lines": 0}, "missing_lines": [152], "excluded_lines": []}, "RateLimitExceededError.__init__": {"executed_lines": [], "summary": {"covered_lines": 0, "num_statements": 6, "percent_covered": 0.0, "percent_covered_display": "0", "missing_lines": 6, "excluded_lines": 0}, "missing_lines": [165, 166, 167, 168, 169, 171], "excluded_lines": []}, "SecurityViolationError.__init__": {"executed_lines": [], "summary": {"covered_lines": 0, "num_statements": 5, "percent_covered": 0.0, "percent_covered_display": "0", "missing_lines": 5, "excluded_lines": 0}, "missing_lines": [188, 189, 191, 192, 194], "excluded_lines": []}, "": {"executed_lines": [1, 8, 10, 13, 14, 16, 34, 35, 37, 58, 59, 61, 74, 75, 77, 90, 91, 93, 106, 107, 109, 125, 126, 128, 144, 145, 147, 155, 156, 158, 179, 180, 182], "summary": {"covered_lines": 22, "num_statements": 22, "percent_covered": 100.0, "percent_covered_display": "100", "missing_lines": 0, "excluded_lines": 0}, "missing_lines": [], "excluded_lines": []}}, "classes": {"AuthenticationError": {"executed_lines": [], "summary": {"covered_lines": 0, "num_statements": 4, "percent_covered": 0.0, "percent_covered_display": "0", "missing_lines": 4, "excluded_lines": 0}, "missing_lines": [22, 23, 24, 26], "excluded_lines": []}, "AuthorizationError": {"executed_lines": [], "summary": {"covered_lines": 0, "num_statements": 6, "percent_covered": 0.0, "percent_covered_display": "0", "missing_lines": 6, "excluded_lines": 0}, "missing_lines": [44, 45, 46, 47, 48, 50], "excluded_lines": []}, "TokenExpiredError": {"executed_lines": [], "summary": {"covered_lines": 0, "num_statements": 4, "percent_covered": 0.0, "percent_covered_display": "0", "missing_lines": 4, "excluded_lines": 0}, "missing_lines": [67, 68, 69, 71], "excluded_lines": []}, "TokenInvalidError": {"executed_lines": [], "summary": {"covered_lines": 0, "num_statements": 4, "percent_covered": 0.0, "percent_covered_display": "0", "missing_lines": 4, "excluded_lines": 0}, "missing_lines": [83, 84, 85, 87], "excluded_lines": []}, "TokenRevokedError": {"executed_lines": [], "summary": {"covered_lines": 0, "num_statements": 4, "percent_covered": 0.0, "percent_covered_display": "0", "missing_lines": 4, "excluded_lines": 0}, "missing_lines": [99, 100, 101, 103], "excluded_lines": []}, "InsufficientPermissionsError": {"executed_lines": [], "summary": {"covered_lines": 0, "num_statements": 2, "percent_covered": 0.0, "percent_covered_display": "0", "missing_lines": 2, "excluded_lines": 0}, "missing_lines": [115, 117], "excluded_lines": []}, "AccountDisabledError": {"executed_lines": [], "summary": {"covered_lines": 0, "num_statements": 7, "percent_covered": 0.0, "percent_covered_display": "0", "missing_lines": 7, "excluded_lines": 0}, "missing_lines": [131, 132, 133, 135, 136, 137, 139], "excluded_lines": []}, "InvalidCredentialsError": {"executed_lines": [], "summary": {"covered_lines": 0, "num_statements": 1, "percent_covered": 0.0, "percent_covered_display": "0", "missing_lines": 1, "excluded_lines": 0}, "missing_lines": [152], "excluded_lines": []}, "RateLimitExceededError": {"executed_lines": [], "summary": {"covered_lines": 0, "num_statements": 6, "percent_covered": 0.0, "percent_covered_display": "0", "missing_lines": 6, "excluded_lines": 0}, "missing_lines": [165, 166, 167, 168, 169, 171], "excluded_lines": []}, "SecurityViolationError": {"executed_lines": [], "summary": {"covered_lines": 0, "num_statements": 5, "percent_covered": 0.0, "percent_covered_display": "0", "missing_lines": 5, "excluded_lines": 0}, "missing_lines": [188, 189, 191, 192, 194], "excluded_lines": []}, "": {"executed_lines": [1, 8, 10, 13, 14, 16, 34, 35, 37, 58, 59, 61, 74, 75, 77, 90, 91, 93, 106, 107, 109, 125, 126, 128, 144, 145, 147, 155, 156, 158, 179, 180, 182], "summary": {"covered_lines": 22, "num_statements": 22, "percent_covered": 100.0, "percent_covered_display": "100", "missing_lines": 0, "excluded_lines": 0}, "missing_lines": [], "excluded_lines": []}}}, "src\\integration\\auth\\jwt_manager.py": {"executed_lines": [1, 8, 9, 10, 11, 12, 13, 14, 16, 18, 19, 21, 24, 25, 27, 33, 40, 52, 66, 67, 79, 97, 152, 185, 247, 281, 310, 342, 369, 418, 427, 438, 450], "summary": {"covered_lines": 30, "num_statements": 181, "percent_covered": 16.574585635359117, "percent_covered_display": "17", "missing_lines": 151, "excluded_lines": 0}, "missing_lines": [28, 29, 30, 31, 35, 36, 37, 38, 42, 44, 45, 47, 48, 50, 54, 55, 56, 60, 81, 82, 85, 86, 88, 89, 92, 93, 95, 117, 119, 120, 121, 124, 138, 140, 141, 142, 143, 145, 147, 149, 150, 162, 164, 165, 166, 168, 180, 182, 183, 199, 201, 204, 205, 210, 213, 216, 217, 218, 221, 222, 223, 226, 227, 229, 230, 233, 234, 235, 236, 238, 239, 241, 242, 243, 244, 245, 261, 262, 265, 266, 270, 275, 276, 278, 279, 291, 292, 293, 295, 297, 298, 301, 303, 304, 306, 307, 308, 320, 321, 323, 338, 339, 340, 353, 356, 359, 364, 365, 367, 385, 387, 388, 389, 391, 394, 395, 397, 398, 401, 402, 403, 404, 405, 408, 409, 411, 413, 414, 415, 416, 420, 425, 429, 430, 432, 434, 436, 440, 443, 444, 445, 447, 448, 460, 461, 464, 465, 471, 474, 475, 480], "excluded_lines": [], "functions": {"TokenBlacklist.__init__": {"executed_lines": [], "summary": {"covered_lines": 0, "num_statements": 4, "percent_covered": 0.0, "percent_covered_display": "0", "missing_lines": 4, "excluded_lines": 0}, "missing_lines": [28, 29, 30, 31], "excluded_lines": []}, "TokenBlacklist.add_token": {"executed_lines": [], "summary": {"covered_lines": 0, "num_statements": 4, "percent_covered": 0.0, "percent_covered_display": "0", "missing_lines": 4, "excluded_lines": 0}, "missing_lines": [35, 36, 37, 38], "excluded_lines": []}, "TokenBlacklist.is_blacklisted": {"executed_lines": [], "summary": {"covered_lines": 0, "num_statements": 6, "percent_covered": 0.0, "percent_covered_display": "0", "missing_lines": 6, "excluded_lines": 0}, "missing_lines": [42, 44, 45, 47, 48, 50], "excluded_lines": []}, "TokenBlacklist._cleanup_expired": {"executed_lines": [], "summary": {"covered_lines": 0, "num_statements": 4, "percent_covered": 0.0, "percent_covered_display": "0", "missing_lines": 4, "excluded_lines": 0}, "missing_lines": [54, 55, 56, 60], "excluded_lines": []}, "JWTManager.__init__": {"executed_lines": [], "summary": {"covered_lines": 0, "num_statements": 9, "percent_covered": 0.0, "percent_covered_display": "0", "missing_lines": 9, "excluded_lines": 0}, "missing_lines": [81, 82, 85, 86, 88, 89, 92, 93, 95], "excluded_lines": []}, "JWTManager.generate_access_token": {"executed_lines": [], "summary": {"covered_lines": 0, "num_statements": 14, "percent_covered": 0.0, "percent_covered_display": "0", "missing_lines": 14, "excluded_lines": 0}, "missing_lines": [117, 119, 120, 121, 124, 138, 140, 141, 142, 143, 145, 147, 149, 150], "excluded_lines": []}, "JWTManager.generate_refresh_token": {"executed_lines": [], "summary": {"covered_lines": 0, "num_statements": 8, "percent_covered": 0.0, "percent_covered_display": "0", "missing_lines": 8, "excluded_lines": 0}, "missing_lines": [162, 164, 165, 166, 168, 180, 182, 183], "excluded_lines": []}, "JWTManager.validate_token": {"executed_lines": [], "summary": {"covered_lines": 0, "num_statements": 27, "percent_covered": 0.0, "percent_covered_display": "0", "missing_lines": 27, "excluded_lines": 0}, "missing_lines": [199, 201, 204, 205, 210, 213, 216, 217, 218, 221, 222, 223, 226, 227, 229, 230, 233, 234, 235, 236, 238, 239, 241, 242, 243, 244, 245], "excluded_lines": []}, "JWTManager.refresh_access_token": {"executed_lines": [], "summary": {"covered_lines": 0, "num_statements": 9, "percent_covered": 0.0, "percent_covered_display": "0", "missing_lines": 9, "excluded_lines": 0}, "missing_lines": [261, 262, 265, 266, 270, 275, 276, 278, 279], "excluded_lines": []}, "JWTManager.revoke_token": {"executed_lines": [], "summary": {"covered_lines": 0, "num_statements": 12, "percent_covered": 0.0, "percent_covered_display": "0", "missing_lines": 12, "excluded_lines": 0}, "missing_lines": [291, 292, 293, 295, 297, 298, 301, 303, 304, 306, 307, 308], "excluded_lines": []}, "JWTManager.get_token_info": {"executed_lines": [], "summary": {"covered_lines": 0, "num_statements": 6, "percent_covered": 0.0, "percent_covered_display": "0", "missing_lines": 6, "excluded_lines": 0}, "missing_lines": [320, 321, 323, 338, 339, 340], "excluded_lines": []}, "JWTManager._create_jwt_token": {"executed_lines": [], "summary": {"covered_lines": 0, "num_statements": 6, "percent_covered": 0.0, "percent_covered_display": "0", "missing_lines": 6, "excluded_lines": 0}, "missing_lines": [353, 356, 359, 364, 365, 367], "excluded_lines": []}, "JWTManager._decode_jwt_token": {"executed_lines": [], "summary": {"covered_lines": 0, "num_statements": 21, "percent_covered": 0.0, "percent_covered_display": "0", "missing_lines": 21, "excluded_lines": 0}, "missing_lines": [385, 387, 388, 389, 391, 394, 395, 397, 398, 401, 402, 403, 404, 405, 408, 409, 411, 413, 414, 415, 416], "excluded_lines": []}, "JWTManager._create_signature": {"executed_lines": [], "summary": {"covered_lines": 0, "num_statements": 2, "percent_covered": 0.0, "percent_covered_display": "0", "missing_lines": 2, "excluded_lines": 0}, "missing_lines": [420, 425], "excluded_lines": []}, "JWTManager._base64url_encode": {"executed_lines": [], "summary": {"covered_lines": 0, "num_statements": 5, "percent_covered": 0.0, "percent_covered_display": "0", "missing_lines": 5, "excluded_lines": 0}, "missing_lines": [429, 430, 432, 434, 436], "excluded_lines": []}, "JWTManager._base64url_decode": {"executed_lines": [], "summary": {"covered_lines": 0, "num_statements": 6, "percent_covered": 0.0, "percent_covered_display": "0", "missing_lines": 6, "excluded_lines": 0}, "missing_lines": [440, 443, 444, 445, 447, 448], "excluded_lines": []}, "JWTManager._check_rate_limit": {"executed_lines": [], "summary": {"covered_lines": 0, "num_statements": 8, "percent_covered": 0.0, "percent_covered_display": "0", "missing_lines": 8, "excluded_lines": 0}, "missing_lines": [460, 461, 464, 465, 471, 474, 475, 480], "excluded_lines": []}, "": {"executed_lines": [1, 8, 9, 10, 11, 12, 13, 14, 16, 18, 19, 21, 24, 25, 27, 33, 40, 52, 66, 67, 79, 97, 152, 185, 247, 281, 310, 342, 369, 418, 427, 438, 450], "summary": {"covered_lines": 30, "num_statements": 30, "percent_covered": 100.0, "percent_covered_display": "100", "missing_lines": 0, "excluded_lines": 0}, "missing_lines": [], "excluded_lines": []}}, "classes": {"TokenBlacklist": {"executed_lines": [], "summary": {"covered_lines": 0, "num_statements": 18, "percent_covered": 0.0, "percent_covered_display": "0", "missing_lines": 18, "excluded_lines": 0}, "missing_lines": [28, 29, 30, 31, 35, 36, 37, 38, 42, 44, 45, 47, 48, 50, 54, 55, 56, 60], "excluded_lines": []}, "JWTManager": {"executed_lines": [], "summary": {"covered_lines": 0, "num_statements": 133, "percent_covered": 0.0, "percent_covered_display": "0", "missing_lines": 133, "excluded_lines": 0}, "missing_lines": [81, 82, 85, 86, 88, 89, 92, 93, 95, 117, 119, 120, 121, 124, 138, 140, 141, 142, 143, 145, 147, 149, 150, 162, 164, 165, 166, 168, 180, 182, 183, 199, 201, 204, 205, 210, 213, 216, 217, 218, 221, 222, 223, 226, 227, 229, 230, 233, 234, 235, 236, 238, 239, 241, 242, 243, 244, 245, 261, 262, 265, 266, 270, 275, 276, 278, 279, 291, 292, 293, 295, 297, 298, 301, 303, 304, 306, 307, 308, 320, 321, 323, 338, 339, 340, 353, 356, 359, 364, 365, 367, 385, 387, 388, 389, 391, 394, 395, 397, 398, 401, 402, 403, 404, 405, 408, 409, 411, 413, 414, 415, 416, 420, 425, 429, 430, 432, 434, 436, 440, 443, 444, 445, 447, 448, 460, 461, 464, 465, 471, 474, 475, 480], "excluded_lines": []}, "": {"executed_lines": [1, 8, 9, 10, 11, 12, 13, 14, 16, 18, 19, 21, 24, 25, 27, 33, 40, 52, 66, 67, 79, 97, 152, 185, 247, 281, 310, 342, 369, 418, 427, 438, 450], "summary": {"covered_lines": 30, "num_statements": 30, "percent_covered": 100.0, "percent_covered_display": "100", "missing_lines": 0, "excluded_lines": 0}, "missing_lines": [], "excluded_lines": []}}}, "src\\integration\\auth\\middleware.py": {"executed_lines": [1, 8, 9, 10, 11, 13, 14, 15, 17, 18, 19, 20, 22, 25, 26, 33, 37, 95, 96, 104, 152, 250, 324, 350, 363, 378, 413, 414, 421, 425], "summary": {"covered_lines": 26, "num_statements": 146, "percent_covered": 17.80821917808219, "percent_covered_display": "18", "missing_lines": 120, "excluded_lines": 0}, "missing_lines": [34, 35, 39, 42, 73, 74, 77, 84, 85, 86, 89, 90, 92, 105, 106, 107, 110, 111, 114, 117, 128, 130, 131, 140, 142, 145, 155, 158, 159, 162, 163, 164, 165, 176, 177, 178, 187, 189, 192, 195, 196, 197, 207, 210, 215, 217, 218, 219, 228, 229, 230, 239, 240, 241, 264, 265, 266, 269, 270, 271, 272, 273, 274, 277, 278, 279, 281, 290, 291, 292, 293, 296, 297, 298, 302, 303, 306, 322, 327, 328, 331, 338, 339, 348, 353, 361, 366, 367, 369, 371, 372, 373, 376, 388, 389, 391, 392, 395, 396, 402, 405, 406, 409, 410, 422, 423, 427, 430, 431, 433, 435, 450, 453, 456, 457, 458, 460, 462, 474, 476], "excluded_lines": [], "functions": {"SecurityHeadersMiddleware.__init__": {"executed_lines": [], "summary": {"covered_lines": 0, "num_statements": 2, "percent_covered": 0.0, "percent_covered_display": "0", "missing_lines": 2, "excluded_lines": 0}, "missing_lines": [34, 35], "excluded_lines": []}, "SecurityHeadersMiddleware.dispatch": {"executed_lines": [], "summary": {"covered_lines": 0, "num_statements": 11, "percent_covered": 0.0, "percent_covered_display": "0", "missing_lines": 11, "excluded_lines": 0}, "missing_lines": [39, 42, 73, 74, 77, 84, 85, 86, 89, 90, 92], "excluded_lines": []}, "AuthenticationMiddleware.__init__": {"executed_lines": [], "summary": {"covered_lines": 0, "num_statements": 13, "percent_covered": 0.0, "percent_covered_display": "0", "missing_lines": 13, "excluded_lines": 0}, "missing_lines": [105, 106, 107, 110, 111, 114, 117, 128, 130, 131, 140, 142, 145], "excluded_lines": []}, "AuthenticationMiddleware.dispatch": {"executed_lines": [], "summary": {"covered_lines": 0, "num_statements": 28, "percent_covered": 0.0, "percent_covered_display": "0", "missing_lines": 28, "excluded_lines": 0}, "missing_lines": [155, 158, 159, 162, 163, 164, 165, 176, 177, 178, 187, 189, 192, 195, 196, 197, 207, 210, 215, 217, 218, 219, 228, 229, 230, 239, 240, 241], "excluded_lines": []}, "AuthenticationMiddleware._authenticate_request": {"executed_lines": [], "summary": {"covered_lines": 0, "num_statements": 24, "percent_covered": 0.0, "percent_covered_display": "0", "missing_lines": 24, "excluded_lines": 0}, "missing_lines": [264, 265, 266, 269, 270, 271, 272, 273, 274, 277, 278, 279, 281, 290, 291, 292, 293, 296, 297, 298, 302, 303, 306, 322], "excluded_lines": []}, "AuthenticationMiddleware._is_public_endpoint": {"executed_lines": [], "summary": {"covered_lines": 0, "num_statements": 6, "percent_covered": 0.0, "percent_covered_display": "0", "missing_lines": 6, "excluded_lines": 0}, "missing_lines": [327, 328, 331, 338, 339, 348], "excluded_lines": []}, "AuthenticationMiddleware._is_admin_endpoint": {"executed_lines": [], "summary": {"covered_lines": 0, "num_statements": 2, "percent_covered": 0.0, "percent_covered_display": "0", "missing_lines": 2, "excluded_lines": 0}, "missing_lines": [353, 361], "excluded_lines": []}, "AuthenticationMiddleware._get_client_ip": {"executed_lines": [], "summary": {"covered_lines": 0, "num_statements": 7, "percent_covered": 0.0, "percent_covered_display": "0", "missing_lines": 7, "excluded_lines": 0}, "missing_lines": [366, 367, 369, 371, 372, 373, 376], "excluded_lines": []}, "AuthenticationMiddleware._check_rate_limit": {"executed_lines": [], "summary": {"covered_lines": 0, "num_statements": 11, "percent_covered": 0.0, "percent_covered_display": "0", "missing_lines": 11, "excluded_lines": 0}, "missing_lines": [388, 389, 391, 392, 395, 396, 402, 405, 406, 409, 410], "excluded_lines": []}, "RequestLoggingMiddleware.__init__": {"executed_lines": [], "summary": {"covered_lines": 0, "num_statements": 2, "percent_covered": 0.0, "percent_covered_display": "0", "missing_lines": 2, "excluded_lines": 0}, "missing_lines": [422, 423], "excluded_lines": []}, "RequestLoggingMiddleware.dispatch": {"executed_lines": [], "summary": {"covered_lines": 0, "num_statements": 14, "percent_covered": 0.0, "percent_covered_display": "0", "missing_lines": 14, "excluded_lines": 0}, "missing_lines": [427, 430, 431, 433, 435, 450, 453, 456, 457, 458, 460, 462, 474, 476], "excluded_lines": []}, "": {"executed_lines": [1, 8, 9, 10, 11, 13, 14, 15, 17, 18, 19, 20, 22, 25, 26, 33, 37, 95, 96, 104, 152, 250, 324, 350, 363, 378, 413, 414, 421, 425], "summary": {"covered_lines": 26, "num_statements": 26, "percent_covered": 100.0, "percent_covered_display": "100", "missing_lines": 0, "excluded_lines": 0}, "missing_lines": [], "excluded_lines": []}}, "classes": {"SecurityHeadersMiddleware": {"executed_lines": [], "summary": {"covered_lines": 0, "num_statements": 13, "percent_covered": 0.0, "percent_covered_display": "0", "missing_lines": 13, "excluded_lines": 0}, "missing_lines": [34, 35, 39, 42, 73, 74, 77, 84, 85, 86, 89, 90, 92], "excluded_lines": []}, "AuthenticationMiddleware": {"executed_lines": [], "summary": {"covered_lines": 0, "num_statements": 91, "percent_covered": 0.0, "percent_covered_display": "0", "missing_lines": 91, "excluded_lines": 0}, "missing_lines": [105, 106, 107, 110, 111, 114, 117, 128, 130, 131, 140, 142, 145, 155, 158, 159, 162, 163, 164, 165, 176, 177, 178, 187, 189, 192, 195, 196, 197, 207, 210, 215, 217, 218, 219, 228, 229, 230, 239, 240, 241, 264, 265, 266, 269, 270, 271, 272, 273, 274, 277, 278, 279, 281, 290, 291, 292, 293, 296, 297, 298, 302, 303, 306, 322, 327, 328, 331, 338, 339, 348, 353, 361, 366, 367, 369, 371, 372, 373, 376, 388, 389, 391, 392, 395, 396, 402, 405, 406, 409, 410], "excluded_lines": []}, "RequestLoggingMiddleware": {"executed_lines": [], "summary": {"covered_lines": 0, "num_statements": 16, "percent_covered": 0.0, "percent_covered_display": "0", "missing_lines": 16, "excluded_lines": 0}, "missing_lines": [422, 423, 427, 430, 431, 433, 435, 450, 453, 456, 457, 458, 460, 462, 474, 476], "excluded_lines": []}, "": {"executed_lines": [1, 8, 9, 10, 11, 13, 14, 15, 17, 18, 19, 20, 22, 25, 26, 33, 37, 95, 96, 104, 152, 250, 324, 350, 363, 378, 413, 414, 421, 425], "summary": {"covered_lines": 26, "num_statements": 26, "percent_covered": 100.0, "percent_covered_display": "100", "missing_lines": 0, "excluded_lines": 0}, "missing_lines": [], "excluded_lines": []}}}, "src\\integration\\dashboard.py": {"executed_lines": [1, 11, 12, 13, 14, 15, 16, 17, 19, 20, 27, 28, 29, 30, 31, 33, 49, 51, 54, 56, 59, 60, 62, 63, 64, 67, 68, 70, 71, 72, 73, 74, 75, 78, 79, 80, 82, 83, 84, 85, 86, 89, 90, 91, 94, 95, 96, 99, 100, 101, 102, 105, 106, 107, 108, 109, 112, 113, 114, 117, 118, 119, 122, 123, 126, 127, 128, 131, 132, 133, 136, 137, 138, 141, 142, 143, 146, 147, 148, 151, 152, 154, 179, 180, 187, 197, 238, 252, 287, 322, 339, 340, 356, 404, 428, 619, 660, 696, 736, 822, 934, 1007, 1081, 1189, 1283, 1331, 1374, 1402, 1425, 1464, 1484, 1513, 1558, 1572, 1585, 1586, 1588, 1603, 1631], "summary": {"covered_lines": 110, "num_statements": 668, "percent_covered": 16.46706586826347, "percent_covered_display": "16", "missing_lines": 558, "excluded_lines": 2}, "missing_lines": [34, 36, 37, 38, 39, 40, 41, 42, 43, 44, 45, 46, 156, 188, 189, 190, 191, 193, 212, 213, 214, 215, 218, 220, 221, 222, 229, 232, 234, 235, 236, 240, 241, 242, 243, 245, 249, 250, 265, 266, 267, 270, 271, 272, 276, 277, 279, 280, 281, 282, 283, 284, 285, 297, 298, 300, 301, 304, 305, 306, 307, 309, 312, 313, 315, 316, 320, 324, 325, 330, 368, 369, 374, 375, 378, 379, 380, 381, 384, 385, 388, 389, 393, 396, 398, 406, 414, 415, 424, 426, 432, 433, 435, 436, 437, 438, 439, 440, 443, 444, 450, 451, 454, 455, 456, 457, 460, 461, 465, 466, 467, 468, 469, 470, 473, 474, 476, 477, 478, 479, 480, 481, 484, 485, 487, 488, 489, 490, 491, 492, 495, 496, 503, 504, 505, 506, 507, 508, 511, 512, 517, 518, 519, 520, 521, 522, 525, 526, 528, 529, 530, 531, 532, 533, 536, 541, 542, 544, 545, 546, 547, 548, 549, 551, 556, 557, 559, 560, 561, 562, 563, 564, 567, 569, 570, 572, 579, 580, 581, 582, 584, 586, 587, 592, 593, 595, 600, 602, 604, 612, 613, 614, 615, 617, 621, 622, 623, 625, 626, 629, 631, 633, 634, 637, 645, 646, 648, 653, 655, 656, 657, 658, 662, 663, 664, 666, 667, 670, 671, 672, 673, 674, 675, 676, 678, 679, 680, 681, 682, 683, 684, 687, 688, 689, 691, 693, 694, 698, 699, 700, 701, 706, 709, 717, 718, 723, 725, 726, 727, 728, 729, 731, 732, 733, 734, 738, 739, 740, 741, 743, 744, 747, 750, 751, 754, 757, 758, 761, 764, 769, 770, 771, 776, 777, 778, 779, 782, 783, 785, 786, 789, 794, 795, 798, 801, 804, 807, 810, 812, 814, 815, 817, 818, 819, 820, 829, 830, 831, 832, 834, 836, 841, 845, 853, 855, 872, 873, 874, 879, 888, 889, 895, 908, 911, 922, 923, 925, 926, 927, 936, 937, 938, 939, 941, 943, 945, 958, 960, 961, 970, 971, 972, 976, 979, 984, 989, 994, 995, 997, 998, 999, 1009, 1010, 1011, 1012, 1014, 1016, 1018, 1032, 1034, 1035, 1044, 1049, 1054, 1059, 1064, 1069, 1070, 1072, 1073, 1074, 1083, 1084, 1085, 1086, 1088, 1090, 1092, 1134, 1136, 1147, 1148, 1149, 1150, 1153, 1154, 1157, 1158, 1161, 1162, 1163, 1166, 1171, 1172, 1173, 1176, 1177, 1179, 1180, 1181, 1193, 1194, 1195, 1196, 1198, 1200, 1204, 1218, 1220, 1226, 1227, 1228, 1229, 1230, 1232, 1233, 1234, 1235, 1238, 1239, 1240, 1241, 1242, 1244, 1247, 1248, 1249, 1250, 1253, 1254, 1255, 1256, 1258, 1265, 1266, 1267, 1270, 1271, 1273, 1274, 1275, 1287, 1288, 1289, 1290, 1292, 1294, 1300, 1314, 1315, 1318, 1319, 1321, 1322, 1323, 1333, 1334, 1338, 1360, 1361, 1364, 1365, 1366, 1368, 1370, 1371, 1372, 1376, 1377, 1378, 1394, 1395, 1396, 1404, 1406, 1409, 1413, 1418, 1419, 1420, 1429, 1430, 1431, 1433, 1435, 1442, 1444, 1445, 1447, 1448, 1449, 1459, 1460, 1461, 1462, 1466, 1467, 1468, 1469, 1470, 1471, 1472, 1473, 1474, 1475, 1476, 1477, 1479, 1480, 1481, 1482, 1486, 1487, 1488, 1489, 1491, 1492, 1495, 1499, 1502, 1509, 1510, 1511, 1515, 1516, 1517, 1519, 1520, 1523, 1525, 1528, 1537, 1538, 1539, 1540, 1541, 1544, 1547, 1548, 1550, 1552, 1554, 1555, 1556, 1560, 1561, 1562, 1563, 1566, 1569, 1570, 1574, 1575, 1578, 1580, 1581, 1582, 1594, 1615, 1623, 1624, 1626, 1627, 1641, 1642, 1644, 1646, 1647], "excluded_lines": [51, 52], "functions": {"SystemOverview.to_dict": {"executed_lines": [], "summary": {"covered_lines": 0, "num_statements": 1, "percent_covered": 0.0, "percent_covered_display": "0", "missing_lines": 1, "excluded_lines": 0}, "missing_lines": [156], "excluded_lines": []}, "WebSocketManager.__init__": {"executed_lines": [], "summary": {"covered_lines": 0, "num_statements": 5, "percent_covered": 0.0, "percent_covered_display": "0", "missing_lines": 5, "excluded_lines": 0}, "missing_lines": [188, 189, 190, 191, 193], "excluded_lines": []}, "WebSocketManager.connect": {"executed_lines": [], "summary": {"covered_lines": 0, "num_statements": 13, "percent_covered": 0.0, "percent_covered_display": "0", "missing_lines": 13, "excluded_lines": 0}, "missing_lines": [212, 213, 214, 215, 218, 220, 221, 222, 229, 232, 234, 235, 236], "excluded_lines": []}, "WebSocketManager.disconnect": {"executed_lines": [], "summary": {"covered_lines": 0, "num_statements": 7, "percent_covered": 0.0, "percent_covered_display": "0", "missing_lines": 7, "excluded_lines": 0}, "missing_lines": [240, 241, 242, 243, 245, 249, 250], "excluded_lines": []}, "WebSocketManager.send_personal_message": {"executed_lines": [], "summary": {"covered_lines": 0, "num_statements": 15, "percent_covered": 0.0, "percent_covered_display": "0", "missing_lines": 15, "excluded_lines": 0}, "missing_lines": [265, 266, 267, 270, 271, 272, 276, 277, 279, 280, 281, 282, 283, 284, 285], "excluded_lines": []}, "WebSocketManager.broadcast": {"executed_lines": [], "summary": {"covered_lines": 0, "num_statements": 14, "percent_covered": 0.0, "percent_covered_display": "0", "missing_lines": 14, "excluded_lines": 0}, "missing_lines": [297, 298, 300, 301, 304, 305, 306, 307, 309, 312, 313, 315, 316, 320], "excluded_lines": []}, "WebSocketManager.get_connection_stats": {"executed_lines": [], "summary": {"covered_lines": 0, "num_statements": 3, "percent_covered": 0.0, "percent_covered_display": "0", "missing_lines": 3, "excluded_lines": 0}, "missing_lines": [324, 325, 330], "excluded_lines": []}, "PerformanceDashboard.__init__": {"executed_lines": [], "summary": {"covered_lines": 0, "num_statements": 15, "percent_covered": 0.0, "percent_covered_display": "0", "missing_lines": 15, "excluded_lines": 0}, "missing_lines": [368, 369, 374, 375, 378, 379, 380, 381, 384, 385, 388, 389, 393, 396, 398], "excluded_lines": []}, "PerformanceDashboard._create_fastapi_app": {"executed_lines": [], "summary": {"covered_lines": 0, "num_statements": 5, "percent_covered": 0.0, "percent_covered_display": "0", "missing_lines": 5, "excluded_lines": 0}, "missing_lines": [406, 414, 415, 424, 426], "excluded_lines": []}, "PerformanceDashboard._register_routes": {"executed_lines": [], "summary": {"covered_lines": 0, "num_statements": 25, "percent_covered": 0.0, "percent_covered_display": "0", "missing_lines": 25, "excluded_lines": 0}, "missing_lines": [432, 433, 443, 444, 460, 461, 473, 474, 484, 485, 495, 496, 511, 512, 525, 526, 536, 541, 542, 551, 556, 557, 567, 569, 570], "excluded_lines": []}, "PerformanceDashboard._register_routes.get_system_overview": {"executed_lines": [], "summary": {"covered_lines": 0, "num_statements": 6, "percent_covered": 0.0, "percent_covered_display": "0", "missing_lines": 6, "excluded_lines": 0}, "missing_lines": [435, 436, 437, 438, 439, 440], "excluded_lines": []}, "PerformanceDashboard._register_routes.get_accuracy_metrics": {"executed_lines": [], "summary": {"covered_lines": 0, "num_statements": 6, "percent_covered": 0.0, "percent_covered_display": "0", "missing_lines": 6, "excluded_lines": 0}, "missing_lines": [450, 451, 454, 455, 456, 457], "excluded_lines": []}, "PerformanceDashboard._register_routes.get_drift_status": {"executed_lines": [], "summary": {"covered_lines": 0, "num_statements": 6, "percent_covered": 0.0, "percent_covered_display": "0", "missing_lines": 6, "excluded_lines": 0}, "missing_lines": [465, 466, 467, 468, 469, 470], "excluded_lines": []}, "PerformanceDashboard._register_routes.get_retraining_status": {"executed_lines": [], "summary": {"covered_lines": 0, "num_statements": 6, "percent_covered": 0.0, "percent_covered_display": "0", "missing_lines": 6, "excluded_lines": 0}, "missing_lines": [476, 477, 478, 479, 480, 481], "excluded_lin
[...]
ebSocketConnectionManager.disconnect": {"executed_lines": [], "summary": {"covered_lines": 0, "num_statements": 9, "percent_covered": 0.0, "percent_covered_display": "0", "missing_lines": 9, "excluded_lines": 0}, "missing_lines": [340, 341, 342, 345, 348, 349, 351, 352, 354], "excluded_lines": []}, "WebSocketConnectionManager.authenticate_client": {"executed_lines": [], "summary": {"covered_lines": 0, "num_statements": 18, "percent_covered": 0.0, "percent_covered_display": "0", "missing_lines": 18, "excluded_lines": 0}, "missing_lines": [360, 361, 363, 366, 367, 368, 369, 370, 373, 374, 375, 376, 377, 378, 380, 381, 383, 386], "excluded_lines": []}, "WebSocketConnectionManager.subscribe_client": {"executed_lines": [], "summary": {"covered_lines": 0, "num_statements": 13, "percent_covered": 0.0, "percent_covered_display": "0", "missing_lines": 13, "excluded_lines": 0}, "missing_lines": [392, 393, 395, 397, 398, 403, 406, 411, 412, 413, 415, 417, 418], "excluded_lines": []}, "WebSocketConnectionManager.unsubscribe_client": {"executed_lines": [], "summary": {"covered_lines": 0, "num_statements": 9, "percent_covered": 0.0, "percent_covered_display": "0", "missing_lines": 9, "excluded_lines": 0}, "missing_lines": [424, 425, 427, 428, 430, 431, 433, 435, 436], "excluded_lines": []}, "WebSocketConnectionManager.send_message": {"executed_lines": [], "summary": {"covered_lines": 0, "num_statements": 18, "percent_covered": 0.0, "percent_covered_display": "0", "missing_lines": 18, "excluded_lines": 0}, "missing_lines": [440, 441, 443, 446, 447, 448, 449, 451, 452, 453, 456, 457, 459, 460, 462, 463, 464, 465], "excluded_lines": []}, "WebSocketConnectionManager.broadcast_to_endpoint": {"executed_lines": [], "summary": {"covered_lines": 0, "num_statements": 16, "percent_covered": 0.0, "percent_covered_display": "0", "missing_lines": 16, "excluded_lines": 0}, "missing_lines": [474, 475, 477, 478, 488, 489, 490, 491, 492, 494, 495, 496, 499, 502, 503, 505], "excluded_lines": []}, "WebSocketConnectionManager.process_acknowledgment": {"executed_lines": [], "summary": {"covered_lines": 0, "num_statements": 8, "percent_covered": 0.0, "percent_covered_display": "0", "missing_lines": 8, "excluded_lines": 0}, "missing_lines": [509, 510, 512, 513, 514, 515, 516, 518], "excluded_lines": []}, "WebSocketConnectionManager.send_heartbeat": {"executed_lines": [], "summary": {"covered_lines": 0, "num_statements": 9, "percent_covered": 0.0, "percent_covered_display": "0", "missing_lines": 9, "excluded_lines": 0}, "missing_lines": [522, 523, 525, 526, 539, 540, 541, 542, 544], "excluded_lines": []}, "WebSocketConnectionManager.get_connection_stats": {"executed_lines": [], "summary": {"covered_lines": 0, "num_statements": 5, "percent_covered": 0.0, "percent_covered_display": "0", "missing_lines": 5, "excluded_lines": 0}, "missing_lines": [549, 550, 553, 558, 563], "excluded_lines": []}, "WebSocketConnectionManager._update_endpoint_stats": {"executed_lines": [], "summary": {"covered_lines": 0, "num_statements": 8, "percent_covered": 0.0, "percent_covered_display": "0", "missing_lines": 8, "excluded_lines": 0}, "missing_lines": [567, 568, 569, 570, 571, 572, 573, 574], "excluded_lines": []}, "WebSocketConnectionManager._send_rate_limit_warning": {"executed_lines": [], "summary": {"covered_lines": 0, "num_statements": 5, "percent_covered": 0.0, "percent_covered_display": "0", "missing_lines": 5, "excluded_lines": 0}, "missing_lines": [578, 591, 592, 593, 594], "excluded_lines": []}, "WebSocketAPIServer.__init__": {"executed_lines": [], "summary": {"covered_lines": 0, "num_statements": 11, "percent_covered": 0.0, "percent_covered_display": "0", "missing_lines": 11, "excluded_lines": 0}, "missing_lines": [607, 608, 609, 612, 613, 614, 617, 618, 619, 622, 624], "excluded_lines": []}, "WebSocketAPIServer.initialize": {"executed_lines": [], "summary": {"covered_lines": 0, "num_statements": 14, "percent_covered": 0.0, "percent_covered_display": "0", "missing_lines": 14, "excluded_lines": 0}, "missing_lines": [628, 629, 630, 631, 634, 636, 638, 639, 640, 644, 648, 650, 651, 652], "excluded_lines": []}, "WebSocketAPIServer.start": {"executed_lines": [], "summary": {"covered_lines": 0, "num_statements": 11, "percent_covered": 0.0, "percent_covered_display": "0", "missing_lines": 11, "excluded_lines": 0}, "missing_lines": [658, 659, 660, 663, 673, 674, 677, 678, 680, 681, 682], "excluded_lines": []}, "WebSocketAPIServer.stop": {"executed_lines": [], "summary": {"covered_lines": 0, "num_statements": 15, "percent_covered": 0.0, "percent_covered_display": "0", "missing_lines": 15, "excluded_lines": 0}, "missing_lines": [686, 687, 690, 691, 694, 695, 696, 699, 700, 702, 703, 706, 708, 710, 711], "excluded_lines": []}, "WebSocketAPIServer.publish_prediction_update": {"executed_lines": [], "summary": {"covered_lines": 0, "num_statements": 10, "percent_covered": 0.0, "percent_covered_display": "0", "missing_lines": 10, "excluded_lines": 0}, "missing_lines": [720, 722, 734, 739, 748, 752, 756, 763, 764, 765], "excluded_lines": []}, "WebSocketAPIServer.publish_system_status_update": {"executed_lines": [], "summary": {"covered_lines": 0, "num_statements": 8, "percent_covered": 0.0, "percent_covered_display": "0", "missing_lines": 8, "excluded_lines": 0}, "missing_lines": [771, 772, 780, 784, 786, 788, 789, 790], "excluded_lines": []}, "WebSocketAPIServer.publish_alert_notification": {"executed_lines": [], "summary": {"covered_lines": 0, "num_statements": 8, "percent_covered": 0.0, "percent_covered_display": "0", "missing_lines": 8, "excluded_lines": 0}, "missing_lines": [796, 797, 807, 811, 813, 815, 816, 817], "excluded_lines": []}, "WebSocketAPIServer.get_server_stats": {"executed_lines": [], "summary": {"covered_lines": 0, "num_statements": 2, "percent_covered": 0.0, "percent_covered_display": "0", "missing_lines": 2, "excluded_lines": 0}, "missing_lines": [821, 823], "excluded_lines": []}, "WebSocketAPIServer._handle_websocket_connection": {"executed_lines": [], "summary": {"covered_lines": 0, "num_statements": 20, "percent_covered": 0.0, "percent_covered_display": "0", "missing_lines": 20, "excluded_lines": 0}, "missing_lines": [839, 840, 842, 845, 848, 862, 865, 866, 867, 868, 869, 874, 875, 876, 882, 883, 884, 885, 887, 888], "excluded_lines": []}, "WebSocketAPIServer._process_client_message": {"executed_lines": [], "summary": {"covered_lines": 0, "num_statements": 16, "percent_covered": 0.0, "percent_covered_display": "0", "missing_lines": 16, "excluded_lines": 0}, "missing_lines": [892, 893, 894, 896, 897, 898, 899, 900, 901, 902, 903, 904, 905, 907, 913, 914], "excluded_lines": []}, "WebSocketAPIServer._handle_authentication": {"executed_lines": [], "summary": {"covered_lines": 0, "num_statements": 10, "percent_covered": 0.0, "percent_covered_display": "0", "missing_lines": 10, "excluded_lines": 0}, "missing_lines": [924, 925, 926, 930, 947, 949, 950, 953, 954, 955], "excluded_lines": []}, "WebSocketAPIServer._handle_subscription": {"executed_lines": [], "summary": {"covered_lines": 0, "num_statements": 10, "percent_covered": 0.0, "percent_covered_display": "0", "missing_lines": 10, "excluded_lines": 0}, "missing_lines": [965, 966, 967, 971, 990, 992, 993, 994, 995, 996], "excluded_lines": []}, "WebSocketAPIServer._handle_unsubscription": {"executed_lines": [], "summary": {"covered_lines": 0, "num_statements": 9, "percent_covered": 0.0, "percent_covered_display": "0", "missing_lines": 9, "excluded_lines": 0}, "missing_lines": [1006, 1007, 1008, 1010, 1014, 1033, 1035, 1036, 1037], "excluded_lines": []}, "WebSocketAPIServer._handle_heartbeat_response": {"executed_lines": [], "summary": {"covered_lines": 0, "num_statements": 2, "percent_covered": 0.0, "percent_covered_display": "0", "missing_lines": 2, "excluded_lines": 0}, "missing_lines": [1047, 1048], "excluded_lines": []}, "WebSocketAPIServer._handle_acknowledgment": {"executed_lines": [], "summary": {"covered_lines": 0, "num_statements": 3, "percent_covered": 0.0, "percent_covered_display": "0", "missing_lines": 3, "excluded_lines": 0}, "missing_lines": [1054, 1055, 1056], "excluded_lines": []}, "WebSocketAPIServer._send_error_message": {"executed_lines": [], "summary": {"covered_lines": 0, "num_statements": 2, "percent_covered": 0.0, "percent_covered_display": "0", "missing_lines": 2, "excluded_lines": 0}, "missing_lines": [1064, 1077], "excluded_lines": []}, "WebSocketAPIServer._normalize_endpoint": {"executed_lines": [], "summary": {"covered_lines": 0, "num_statements": 5, "percent_covered": 0.0, "percent_covered_display": "0", "missing_lines": 5, "excluded_lines": 0}, "missing_lines": [1081, 1082, 1083, 1084, 1086], "excluded_lines": []}, "WebSocketAPIServer._format_prediction_data": {"executed_lines": [], "summary": {"covered_lines": 0, "num_statements": 5, "percent_covered": 0.0, "percent_covered_display": "0", "missing_lines": 5, "excluded_lines": 0}, "missing_lines": [1095, 1096, 1100, 1101, 1103], "excluded_lines": []}, "WebSocketAPIServer._format_time_until": {"executed_lines": [], "summary": {"covered_lines": 0, "num_statements": 16, "percent_covered": 0.0, "percent_covered_display": "0", "missing_lines": 16, "excluded_lines": 0}, "missing_lines": [1130, 1131, 1132, 1133, 1134, 1135, 1136, 1137, 1138, 1139, 1141, 1143, 1144, 1145, 1146, 1148], "excluded_lines": []}, "WebSocketAPIServer._heartbeat_loop": {"executed_lines": [], "summary": {"covered_lines": 0, "num_statements": 14, "percent_covered": 0.0, "percent_covered_display": "0", "missing_lines": 14, "excluded_lines": 0}, "missing_lines": [1152, 1153, 1155, 1158, 1159, 1160, 1161, 1162, 1166, 1171, 1172, 1173, 1174, 1175], "excluded_lines": []}, "WebSocketAPIServer._cleanup_loop": {"executed_lines": [], "summary": {"covered_lines": 0, "num_statements": 18, "percent_covered": 0.0, "percent_covered_display": "0", "missing_lines": 18, "excluded_lines": 0}, "missing_lines": [1179, 1180, 1181, 1182, 1185, 1190, 1193, 1195, 1200, 1203, 1204, 1205, 1207, 1211, 1212, 1213, 1214, 1215], "excluded_lines": []}, "WebSocketAPIServer._acknowledgment_timeout_loop": {"executed_lines": [], "summary": {"covered_lines": 0, "num_statements": 17, "percent_covered": 0.0, "percent_covered_display": "0", "missing_lines": 17, "excluded_lines": 0}, "missing_lines": [1219, 1220, 1221, 1223, 1224, 1226, 1231, 1234, 1237, 1238, 1239, 1243, 1247, 1248, 1249, 1250, 1251], "excluded_lines": []}, "WebSocketAPIServer._close_all_connections": {"executed_lines": [], "summary": {"covered_lines": 0, "num_statements": 7, "percent_covered": 0.0, "percent_covered_display": "0", "missing_lines": 7, "excluded_lines": 0}, "missing_lines": [1255, 1256, 1257, 1258, 1260, 1262, 1263], "excluded_lines": []}, "WebSocketAPIServer._register_with_tracking_manager": {"executed_lines": [], "summary": {"covered_lines": 0, "num_statements": 6, "percent_covered": 0.0, "percent_covered_display": "0", "missing_lines": 6, "excluded_lines": 0}, "missing_lines": [1267, 1268, 1270, 1274, 1276, 1277], "excluded_lines": []}, "WebSocketAPIServer._handle_tracking_manager_callback": {"executed_lines": [], "summary": {"covered_lines": 0, "num_statements": 4, "percent_covered": 0.0, "percent_covered_display": "0", "missing_lines": 4, "excluded_lines": 0}, "missing_lines": [1281, 1284, 1286, 1287], "excluded_lines": []}, "websocket_endpoint": {"executed_lines": [], "summary": {"covered_lines": 0, "num_statements": 26, "percent_covered": 0.0, "percent_covered_display": "0", "missing_lines": 26, "excluded_lines": 0}, "missing_lines": [1301, 1304, 1305, 1306, 1308, 1309, 1311, 1313, 1316, 1319, 1322, 1326, 1329, 1330, 1332, 1335, 1340, 1341, 1343, 1344, 1345, 1350, 1352, 1353, 1356, 1357], "excluded_lines": []}, "health_endpoint": {"executed_lines": [], "summary": {"covered_lines": 0, "num_statements": 1, "percent_covered": 0.0, "percent_covered_display": "0", "missing_lines": 1, "excluded_lines": 0}, "missing_lines": [1363], "excluded_lines": []}, "create_websocket_app": {"executed_lines": [], "summary": {"covered_lines": 0, "num_statements": 5, "percent_covered": 0.0, "percent_covered_display": "0", "missing_lines": 5, "excluded_lines": 0}, "missing_lines": [1376, 1381, 1391, 1394, 1402], "excluded_lines": []}, "create_websocket_app.simple_health_endpoint": {"executed_lines": [], "summary": {"covered_lines": 0, "num_statements": 1, "percent_covered": 0.0, "percent_covered_display": "0", "missing_lines": 1, "excluded_lines": 0}, "missing_lines": [1378], "excluded_lines": []}, "create_websocket_api_server": {"executed_lines": [], "summary": {"covered_lines": 0, "num_statements": 5, "percent_covered": 0.0, "percent_covered_display": "0", "missing_lines": 5, "excluded_lines": 0}, "missing_lines": [1412, 1413, 1414, 1424, 1426], "excluded_lines": []}, "websocket_api_context": {"executed_lines": [], "summary": {"covered_lines": 0, "num_statements": 5, "percent_covered": 0.0, "percent_covered_display": "0", "missing_lines": 5, "excluded_lines": 0}, "missing_lines": [1434, 1436, 1437, 1438, 1440], "excluded_lines": []}, "": {"executed_lines": [1, 21, 22, 23, 24, 25, 26, 27, 28, 29, 30, 32, 33, 34, 35, 36, 37, 38, 40, 41, 46, 48, 51, 52, 54, 55, 56, 57, 60, 61, 64, 65, 66, 69, 70, 71, 74, 75, 76, 77, 80, 81, 82, 85, 86, 87, 89, 90, 91, 92, 93, 94, 95, 97, 111, 112, 126, 127, 129, 130, 131, 132, 134, 135, 136, 143, 144, 146, 150, 151, 154, 155, 156, 158, 159, 160, 161, 162, 163, 164, 167, 168, 169, 170, 173, 174, 177, 178, 179, 182, 183, 185, 208, 212, 217, 229, 234, 240, 246, 251, 252, 253, 255, 256, 257, 260, 261, 262, 263, 266, 267, 268, 269, 272, 273, 274, 277, 278, 281, 282, 283, 286, 287, 289, 308, 338, 356, 388, 420, 438, 467, 507, 520, 546, 565, 576, 597, 598, 605, 626, 656, 684, 713, 767, 792, 819, 835, 890, 920, 961, 1002, 1043, 1050, 1060, 1079, 1088, 1128, 1150, 1177, 1217, 1253, 1265, 1279, 1299, 1360, 1373, 1406, 1429, 1430], "summary": {"covered_lines": 159, "num_statements": 159, "percent_covered": 100.0, "percent_covered_display": "100", "missing_lines": 0, "excluded_lines": 0}, "missing_lines": [], "excluded_lines": []}}, "classes": {"WebSocketEndpoint": {"executed_lines": [], "summary": {"covered_lines": 0, "num_statements": 0, "percent_covered": 100.0, "percent_covered_display": "100", "missing_lines": 0, "excluded_lines": 0}, "missing_lines": [], "excluded_lines": []}, "MessageType": {"executed_lines": [], "summary": {"covered_lines": 0, "num_statements": 0, "percent_covered": 100.0, "percent_covered_display": "100", "missing_lines": 0, "excluded_lines": 0}, "missing_lines": [], "excluded_lines": []}, "WebSocketMessage": {"executed_lines": [], "summary": {"covered_lines": 0, "num_statements": 3, "percent_covered": 0.0, "percent_covered_display": "0", "missing_lines": 3, "excluded_lines": 0}, "missing_lines": [99, 114, 115], "excluded_lines": []}, "ClientAuthRequest": {"executed_lines": [], "summary": {"covered_lines": 0, "num_statements": 3, "percent_covered": 0.0, "percent_covered_display": "0", "missing_lines": 3, "excluded_lines": 0}, "missing_lines": [138, 139, 140], "excluded_lines": []}, "ClientSubscription": {"executed_lines": [], "summary": {"covered_lines": 0, "num_statements": 0, "percent_covered": 100.0, "percent_covered_display": "100", "missing_lines": 0, "excluded_lines": 0}, "missing_lines": [], "excluded_lines": []}, "ClientConnection": {"executed_lines": [], "summary": {"covered_lines": 0, "num_statements": 37, "percent_covered": 0.0, "percent_covered_display": "0", "missing_lines": 37, "excluded_lines": 0}, "missing_lines": [187, 188, 189, 190, 191, 192, 193, 194, 195, 196, 197, 198, 199, 200, 201, 202, 203, 204, 205, 206, 210, 214, 215, 219, 220, 222, 223, 224, 225, 227, 231, 232, 236, 242, 243, 244, 248], "excluded_lines": []}, "WebSocketStats": {"executed_lines": [], "summary": {"covered_lines": 0, "num_statements": 0, "percent_covered": 100.0, "percent_covered_display": "100", "missing_lines": 0, "excluded_lines": 0}, "missing_lines": [], "excluded_lines": []}, "WebSocketConnectionManager": {"executed_lines": [], "summary": {"covered_lines": 0, "num_statements": 140, "percent_covered": 0.0, "percent_covered_display": "0", "missing_lines": 140, "excluded_lines": 0}, "missing_lines": [291, 292, 293, 294, 297, 300, 301, 302, 303, 304, 315, 316, 318, 319, 320, 322, 328, 329, 330, 333, 335, 336, 340, 341, 342, 345, 348, 349, 351, 352, 354, 360, 361, 363, 366, 367, 368, 369, 370, 373, 374, 375, 376, 377, 378, 380, 381, 383, 386, 392, 393, 395, 397, 398, 403, 406, 411, 412, 413, 415, 417, 418, 424, 425, 427, 428, 430, 431, 433, 435, 436, 440, 441, 443, 446, 447, 448, 449, 451, 452, 453, 456, 457, 459, 460, 462, 463, 464, 465, 474, 475, 477, 478, 488, 489, 490, 491, 492, 494, 495, 496, 499, 502, 503, 505, 509, 510, 512, 513, 514, 515, 516, 518, 522, 523, 525, 526, 539, 540, 541, 542, 544, 549, 550, 553, 558, 563, 567, 568, 569, 570, 571, 572, 573, 574, 578, 591, 592, 593, 594], "excluded_lines": []}, "WebSocketAPIServer": {"executed_lines": [], "summary": {"covered_lines": 0, "num_statements": 243, "percent_covered": 0.0, "percent_covered_display": "0", "missing_lines": 243, "excluded_lines": 0}, "missing_lines": [607, 608, 609, 612, 613, 614, 617, 618, 619, 622, 624, 628, 629, 630, 631, 634, 636, 638, 639, 640, 644, 648, 650, 651, 652, 658, 659, 660, 663, 673, 674, 677, 678, 680, 681, 682, 686, 687, 690, 691, 694, 695, 696, 699, 700, 702, 703, 706, 708, 710, 711, 720, 722, 734, 739, 748, 752, 756, 763, 764, 765, 771, 772, 780, 784, 786, 788, 789, 790, 796, 797, 807, 811, 813, 815, 816, 817, 821, 823, 839, 840, 842, 845, 848, 862, 865, 866, 867, 868, 869, 874, 875, 876, 882, 883, 884, 885, 887, 888, 892, 893, 894, 896, 897, 898, 899, 900, 901, 902, 903, 904, 905, 907, 913, 914, 924, 925, 926, 930, 947, 949, 950, 953, 954, 955, 965, 966, 967, 971, 990, 992, 993, 994, 995, 996, 1006, 1007, 1008, 1010, 1014, 1033, 1035, 1036, 1037, 1047, 1048, 1054, 1055, 1056, 1064, 1077, 1081, 1082, 1083, 1084, 1086, 1095, 1096, 1100, 1101, 1103, 1130, 1131, 1132, 1133, 1134, 1135, 1136, 1137, 1138, 1139, 1141, 1143, 1144, 1145, 1146, 1148, 1152, 1153, 1155, 1158, 1159, 1160, 1161, 1162, 1166, 1171, 1172, 1173, 1174, 1175, 1179, 1180, 1181, 1182, 1185, 1190, 1193, 1195, 1200, 1203, 1204, 1205, 1207, 1211, 1212, 1213, 1214, 1215, 1219, 1220, 1221, 1223, 1224, 1226, 1231, 1234, 1237, 1238, 1239, 1243, 1247, 1248, 1249, 1250, 1251, 1255, 1256, 1257, 1258, 1260, 1262, 1263, 1267, 1268, 1270, 1274, 1276, 1277, 1281, 1284, 1286, 1287], "excluded_lines": []}, "": {"executed_lines": [1, 21, 22, 23, 24, 25, 26, 27, 28, 29, 30, 32, 33, 34, 35, 36, 37, 38, 40, 41, 46, 48, 51, 52, 54, 55, 56, 57, 60, 61, 64, 65, 66, 69, 70, 71, 74, 75, 76, 77, 80, 81, 82, 85, 86, 87, 89, 90, 91, 92, 93, 94, 95, 97, 111, 112, 126, 127, 129, 130, 131, 132, 134, 135, 136, 143, 144, 146, 150, 151, 154, 155, 156, 158, 159, 160, 161, 162, 163, 164, 167, 168, 169, 170, 173, 174, 177, 178, 179, 182, 183, 185, 208, 212, 217, 229, 234, 240, 246, 251, 252, 253, 255, 256, 257, 260, 261, 262, 263, 266, 267, 268, 269, 272, 273, 274, 277, 278, 281, 282, 283, 286, 287, 289, 308, 338, 356, 388, 420, 438, 467, 507, 520, 546, 565, 576, 597, 598, 605, 626, 656, 684, 713, 767, 792, 819, 835, 890, 920, 961, 1002, 1043, 1050, 1060, 1079, 1088, 1128, 1150, 1177, 1217, 1253, 1265, 1279, 1299, 1360, 1373, 1406, 1429, 1430], "summary": {"covered_lines": 159, "num_statements": 202, "percent_covered": 78.7128712871287, "percent_covered_display": "79", "missing_lines": 43, "excluded_lines": 0}, "missing_lines": [1301, 1304, 1305, 1306, 1308, 1309, 1311, 1313, 1316, 1319, 1322, 1326, 1329, 1330, 1332, 1335, 1340, 1341, 1343, 1344, 1345, 1350, 1352, 1353, 1356, 1357, 1363, 1376, 1378, 1381, 1391, 1394, 1402, 1412, 1413, 1414, 1424, 1426, 1434, 1436, 1437, 1438, 1440], "excluded_lines": []}}}}, "totals": {"covered_lines": 1308, "num_statements": 6444, "percent_covered": 20.297951582867785, "percent_covered_display": "20", "missing_lines": 5136, "excluded_lines": 6}}