{"meta": {"format": 3, "version": "7.10.2", "timestamp": "2025-08-23T02:22:15.094123", "branch_coverage": false, "show_contexts": false}, "files": {"src\\__init__.py": {"executed_lines": [0], "summary": {"covered_lines": 0, "num_statements": 0, "percent_covered": 100.0, "percent_covered_display": "100", "missing_lines": 0, "excluded_lines": 0}, "missing_lines": [], "excluded_lines": [], "functions": {"": {"executed_lines": [], "summary": {"covered_lines": 0, "num_statements": 0, "percent_covered": 100.0, "percent_covered_display": "100", "missing_lines": 0, "excluded_lines": 0}, "missing_lines": [], "excluded_lines": []}}, "classes": {"": {"executed_lines": [], "summary": {"covered_lines": 0, "num_statements": 0, "percent_covered": 100.0, "percent_covered_display": "100", "missing_lines": 0, "excluded_lines": 0}, "missing_lines": [], "excluded_lines": []}}}, "src\\adaptation\\__init__.py": {"executed_lines": [1, 8, 18, 23, 28, 36, 40, 49], "summary": {"covered_lines": 7, "num_statements": 7, "percent_covered": 100.0, "percent_covered_display": "100", "missing_lines": 0, "excluded_lines": 0}, "missing_lines": [], "excluded_lines": [], "functions": {"": {"executed_lines": [1, 8, 18, 23, 28, 36, 40, 49], "summary": {"covered_lines": 7, "num_statements": 7, "percent_covered": 100.0, "percent_covered_display": "100", "missing_lines": 0, "excluded_lines": 0}, "missing_lines": [], "excluded_lines": []}}, "classes": {"": {"executed_lines": [1, 8, 18, 23, 28, 36, 40, 49], "summary": {"covered_lines": 7, "num_statements": 7, "percent_covered": 100.0, "percent_covered_display": "100", "missing_lines": 0, "excluded_lines": 0}, "missing_lines": [], "excluded_lines": []}}}, "src\\adaptation\\drift_detector.py": {"executed_lines": [1, 10, 11, 12, 13, 14, 15, 16, 18, 19, 20, 21, 23, 24, 25, 26, 28, 31, 32, 34, 35, 36, 37, 40, 41, 43, 44, 45, 46, 49, 50, 51, 54, 55, 57, 58, 59, 60, 61, 64, 65, 66, 74, 75, 76, 77, 80, 81, 82, 83, 84, 85, 86, 89, 90, 91, 94, 95, 96, 99, 100, 101, 104, 105, 106, 109, 110, 111, 114, 115, 116, 119, 120, 121, 123, 137, 187, 198, 219, 237, 303, 304, 305, 307, 308, 309, 310, 311, 312, 313, 314, 316, 321, 322, 329, 370, 449, 520, 583, 633, 671, 739, 773, 831, 884, 928, 971, 1016, 1035, 1081, 1114, 1139, 1178, 1179, 1186, 1218, 1229, 1243, 1309, 1342, 1384, 1451, 1487, 1497, 1503, 1510, 1524, 1525, 1527], "summary": {"covered_lines": 120, "num_statements": 544, "percent_covered": 22.058823529411764, "percent_covered_display": "22", "missing_lines": 424, "excluded_lines": 0}, "missing_lines": [125, 126, 127, 130, 131, 140, 141, 148, 149, 152, 153, 158, 165, 175, 178, 180, 183, 185, 189, 190, 191, 192, 193, 194, 196, 201, 208, 222, 223, 226, 239, 318, 349, 350, 351, 352, 353, 354, 357, 358, 359, 362, 363, 365, 387, 390, 391, 396, 397, 398, 399, 402, 409, 411, 416, 417, 422, 425, 428, 430, 436, 437, 438, 445, 447, 456, 458, 465, 471, 473, 474, 475, 477, 481, 482, 484, 488, 491, 495, 499, 500, 501, 504, 507, 508, 509, 514, 515, 517, 518, 524, 526, 533, 540, 542, 547, 548, 550, 551, 552, 554, 560, 562, 563, 565, 566, 569, 574, 578, 580, 581, 590, 592, 593, 595, 597, 609, 611, 616, 620, 621, 622, 638, 641, 649, 658, 660, 675, 677, 678, 681, 682, 683, 686, 691, 701, 712, 714, 725, 726, 728, 746, 747, 749, 750, 751, 753, 754, 756, 757, 760, 761, 763, 765, 767, 769, 770, 771, 777, 779, 780, 781, 782, 785, 790, 797, 798, 801, 806, 807, 810, 811, 814, 815, 816, 818, 821, 822, 823, 825, 827, 828, 829, 835, 837, 838, 841, 842, 843, 850, 859, 860, 863, 864, 867, 869, 872, 873, 876, 878, 880, 881, 882, 888, 890, 896, 902, 904, 907, 910, 913, 916, 922, 923, 925, 926, 932, 934, 938, 940, 942, 944, 947, 952, 955, 956, 957, 960, 961, 962, 965, 966, 968, 969, 973, 975, 982, 983, 985, 986, 987, 988, 990, 991, 992, 993, 995, 998, 999, 1000, 1003, 1010, 1012, 1013, 1014, 1024, 1027, 1030, 1031, 1032, 1033, 1039, 1040, 1042, 1055, 1056, 1058, 1059, 1062, 1068, 1069, 1070, 1072, 1073, 1075, 1077, 1078, 1079, 1087, 1088, 1089, 1092, 1093, 1095, 1096, 1099, 1100, 1101, 1102, 1104, 1105, 1108, 1110, 1111, 1112, 1120, 1121, 1122, 1124, 1125, 1128, 1133, 1135, 1136, 1137, 1143, 1144, 1146, 1159, 1160, 1162, 1163, 1164, 1165, 1169, 1171, 1173, 1174, 1175, 1202, 1203, 1204, 1205, 1208, 1209, 1210, 1211, 1213, 1220, 1221, 1222, 1224, 1225, 1227, 1231, 1233, 1234, 1235, 1236, 1237, 1238, 1239, 1241, 1256, 1259, 1260, 1261, 1264, 1265, 1269, 1272, 1273, 1274, 1277, 1281, 1285, 1288, 1289, 1290, 1292, 1294, 1298, 1301, 1302, 1304, 1305, 1307, 1317, 1318, 1320, 1321, 1333, 1334, 1338, 1347, 1350, 1360, 1371, 1373, 1388, 1390, 1391, 1394, 1395, 1396, 1399, 1404, 1414, 1425, 1427, 1438, 1439, 1440, 1453, 1454, 1455, 1457, 1459, 1464, 1469, 1472, 1473, 1479, 1481, 1482, 1483, 1484, 1485, 1489, 1492, 1493, 1494, 1495, 1501, 1507, 1508, 1514, 1515, 1516, 1517, 1519, 1520, 1521, 1533], "excluded_lines": [], "functions": {"DriftMetrics.__post_init__": {"executed_lines": [], "summary": {"covered_lines": 0, "num_statements": 5, "percent_covered": 0.0, "percent_covered_display": "0", "missing_lines": 5, "excluded_lines": 0}, "missing_lines": [125, 126, 127, 130, 131], "excluded_lines": []}, "DriftMetrics._calculate_overall_drift_score": {"executed_lines": [], "summary": {"covered_lines": 0, "num_statements": 13, "percent_covered": 0.0, "percent_covered_display": "0", "missing_lines": 13, "excluded_lines": 0}, "missing_lines": [140, 141, 148, 149, 152, 153, 158, 165, 175, 178, 180, 183, 185], "excluded_lines": []}, "DriftMetrics._determine_drift_severity": {"executed_lines": [], "summary": {"covered_lines": 0, "num_statements": 7, "percent_covered": 0.0, "percent_covered_display": "0", "missing_lines": 7, "excluded_lines": 0}, "missing_lines": [189, 190, 191, 192, 193, 194, 196], "excluded_lines": []}, "DriftMetrics._generate_recommendations": {"executed_lines": [], "summary": {"covered_lines": 0, "num_statements": 2, "percent_covered": 0.0, "percent_covered_display": "0", "missing_lines": 2, "excluded_lines": 0}, "missing_lines": [201, 208], "excluded_lines": []}, "DriftMetrics.update_recommendations": {"executed_lines": [], "summary": {"covered_lines": 0, "num_statements": 3, "percent_covered": 0.0, "percent_covered_display": "0", "missing_lines": 3, "excluded_lines": 0}, "missing_lines": [222, 223, 226], "excluded_lines": []}, "DriftMetrics.to_dict": {"executed_lines": [], "summary": {"covered_lines": 0, "num_statements": 1, "percent_covered": 0.0, "percent_covered_display": "0", "missing_lines": 1, "excluded_lines": 0}, "missing_lines": [239], "excluded_lines": []}, "FeatureDriftResult.is_significant": {"executed_lines": [], "summary": {"covered_lines": 0, "num_statements": 1, "percent_covered": 0.0, "percent_covered_display": "0", "missing_lines": 1, "excluded_lines": 0}, "missing_lines": [318], "excluded_lines": []}, "ConceptDriftDetector.__init__": {"executed_lines": [], "summary": {"covered_lines": 0, "num_statements": 12, "percent_covered": 0.0, "percent_covered_display": "0", "missing_lines": 12, "excluded_lines": 0}, "missing_lines": [349, 350, 351, 352, 353, 354, 357, 358, 359, 362, 363, 365], "excluded_lines": []}, "ConceptDriftDetector.detect_drift": {"executed_lines": [], "summary": {"covered_lines": 0, "num_statements": 21, "percent_covered": 0.0, "percent_covered_display": "0", "missing_lines": 21, "excluded_lines": 0}, "missing_lines": [387, 390, 391, 396, 397, 398, 399, 402, 409, 411, 416, 417, 422, 425, 428, 430, 436, 437, 438, 445, 447], "excluded_lines": []}, "ConceptDriftDetector._analyze_prediction_drift": {"executed_lines": [], "summary": {"covered_lines": 0, "num_statements": 25, "percent_covered": 0.0, "percent_covered_display": "0", "missing_lines": 25, "excluded_lines": 0}, "missing_lines": [456, 458, 465, 471, 473, 474, 475, 477, 481, 482, 484, 488, 491, 495, 499, 500, 501, 504, 507, 508, 509, 514, 515, 517, 518], "excluded_lines": []}, "ConceptDriftDetector._analyze_feature_drift": {"executed_lines": [], "summary": {"covered_lines": 0, "num_statements": 21, "percent_covered": 0.0, "percent_covered_display": "0", "missing_lines": 21, "excluded_lines": 0}, "missing_lines": [524, 526, 533, 540, 542, 547, 548, 550, 551, 552, 554, 560, 562, 563, 565, 566, 569, 574, 578, 580, 581], "excluded_lines": []}, "ConceptDriftDetector._test_feature_drift": {"executed_lines": [], "summary": {"covered_lines": 0, "num_statements": 11, "percent_covered": 0.0, "percent_covered_display": "0", "missing_lines": 11, "excluded_lines": 0}, "missing_lines": [590, 592, 593, 595, 597, 609, 611, 616, 620, 621, 622], "excluded_lines": []}, "ConceptDriftDetector._test_numerical_drift": {"executed_lines": [], "summary": {"covered_lines": 0, "num_statements": 5, "percent_covered": 0.0, "percent_covered_display": "0", "missing_lines": 5, "excluded_lines": 0}, "missing_lines": [638, 641, 649, 658, 660], "excluded_lines": []}, "ConceptDriftDetector._test_categorical_drift": {"executed_lines": [], "summary": {"covered_lines": 0, "num_statements": 14, "percent_covered": 0.0, "percent_covered_display": "0", "missing_lines": 14, "excluded_lines": 0}, "missing_lines": [675, 677, 678, 681, 682, 683, 686, 691, 701, 712, 714, 725, 726, 728], "excluded_lines": []}, "ConceptDriftDetector._calculate_psi": {"executed_lines": [], "summary": {"covered_lines": 0, "num_statements": 17, "percent_covered": 0.0, "percent_covered_display": "0", "missing_lines": 17, "excluded_lines": 0}, "missing_lines": [746, 747, 749, 750, 751, 753, 754, 756, 757, 760, 761, 763, 765, 767, 769, 770, 771], "excluded_lines": []}, "ConceptDriftDetector._calculate_numerical_psi": {"executed_lines": [], "summary": {"covered_lines": 0, "num_statements": 25, "percent_covered": 0.0, "percent_covered_display": "0", "missing_lines": 25, "excluded_lines": 0}, "missing_lines": [777, 779, 780, 781, 782, 785, 790, 797, 798, 801, 806, 807, 810, 811, 814, 815, 816, 818, 821, 822, 823, 825, 827, 828, 829], "excluded_lines": []}, "ConceptDriftDetector._calculate_categorical_psi": {"executed_lines": [], "summary": {"covered_lines": 0, "num_statements": 20, "percent_covered": 0.0, "percent_covered_display": "0", "missing_lines": 20, "excluded_lines": 0}, "missing_lines": [835, 837, 838, 841, 842, 843, 850, 859, 860, 863, 864, 867, 869, 872, 873, 876, 878, 880, 881, 882], "excluded_lines": []}, "ConceptDriftDetector._analyze_pattern_drift": {"executed_lines": [], "summary": {"covered_lines": 0, "num_statements": 13, "percent_covered": 0.0, "percent_covered_display": "0", "missing_lines": 13, "excluded_lines": 0}, "missing_lines": [888, 890, 896, 902, 904, 907, 910, 913, 916, 922, 923, 925, 926], "excluded_lines": []}, "ConceptDriftDetector._run_page_hinkley_test": {"executed_lines": [], "summary": {"covered_lines": 0, "num_statements": 18, "percent_covered": 0.0, "percent_covered_display": "0", "missing_lines": 18, "excluded_lines": 0}, "missing_lines": [932, 934, 938, 940, 942, 944, 947, 952, 955, 956, 957, 960, 961, 962, 965, 966, 968, 969], "excluded_lines": []}, "ConceptDriftDetector._calculate_statistical_confidence": {"executed_lines": [], "summary": {"covered_lines": 0, "num_statements": 21, "percent_covered": 0.0, "percent_covered_display": "0", "missing_lines": 21, "excluded_lines": 0}, "missing_lines": [973, 975, 982, 983, 985, 986, 987, 988, 990, 991, 992, 993, 995, 998, 999, 1000, 1003, 1010, 1012, 1013, 1014], "excluded_lines": []}, "ConceptDriftDetector._get_feature_data": {"executed_lines": [], "summary": {"covered_lines": 0, "num_statements": 6, "percent_covered": 0.0, "percent_covered_display": "0", "missing_lines": 6, "excluded_lines": 0}, "missing_lines": [1024, 1027, 1030, 1031, 1032, 1033], "excluded_lines": []}, "ConceptDriftDetector._get_occupancy_patterns": {"executed_lines": [], "summary": {"covered_lines": 0, "num_statements": 17, "percent_covered": 0.0, "percent_covered_display": "0", "missing_lines": 17, "excluded_lines": 0}, "missing_lines": [1039, 1040, 1042, 1055, 1056, 1058, 1059, 1062, 1068, 1069, 1070, 1072, 1073, 1075, 1077, 1078, 1079], "excluded_lines": []}, "ConceptDriftDetector._compare_temporal_patterns": {"executed_lines": [], "summary": {"covered_lines": 0, "num_statements": 17, "percent_covered": 0.0, "percent_covered_display": "0", "missing_lines": 17, "excluded_lines": 0}, "missing_lines": [1087, 1088, 1089, 1092, 1093, 1095, 1096, 1099, 1100, 1101, 1102, 1104, 1105, 1108, 1110, 1111, 1112], "excluded_lines": []}, "ConceptDriftDetector._compare_frequency_patterns": {"executed_lines": [], "summary": {"covered_lines": 0, "num_statements": 10, "percent_covered": 0.0, "percent_covered_display": "0", "missing_lines": 10, "excluded_lines": 0}, "missing_lines": [1120, 1121, 1122, 1124, 1125, 1128, 1133, 1135, 1136, 1137], "excluded_lines": []}, "ConceptDriftDetector._get_recent_prediction_errors": {"executed_lines": [], "summary": {"covered_lines": 0, "num_statements": 14, "percent_covered": 0.0, "percent_covered_display": "0", "missing_lines": 14, "excluded_lines": 0}, "missing_lines": [1143, 1144, 1146, 1159, 1160, 1162, 1163, 1164, 1165, 1169, 1171, 1173, 1174, 1175], "excluded_lines": []}, "FeatureDriftDetector.__init__": {"executed_lines": [], "summary": {"covered_lines": 0, "num_statements": 9, "percent_covered": 0.0, "percent_covered_display": "0", "missing_lines": 9, "excluded_lines": 0}, "missing_lines": [1202, 1203, 1204, 1205, 1208, 1209, 1210, 1211, 1213], "excluded_lines": []}, "FeatureDriftDetector.start_monitoring": {"executed_lines": [], "summary": {"covered_lines": 0, "num_statements": 6, "percent_covered": 0.0, "percent_covered_display": "0", "missing_lines": 6, "excluded_lines": 0}, "missing_lines": [1220, 1221, 1222, 1224, 1225, 1227], "excluded_lines": []}, "FeatureDriftDetector.stop_monitoring": {"executed_lines": [], "summary": {"covered_lines": 0, "num_statements": 9, "percent_covered": 0.0, "percent_covered_display": "0", "missing_lines": 9, "excluded_lines": 0}, "missing_lines": [1231, 1233, 1234, 1235, 1236, 1237, 1238, 1239, 1241], "excluded_lines": []}, "FeatureDriftDetector.detect_feature_drift": {"executed_lines": [], "summary": {"covered_lines": 0, "num_statements": 24, "percent_covered": 0.0, "percent_covered_display": "0", "missing_lines": 24, "excluded_lines": 0}, "missing_lines": [1256, 1259, 1260, 1261, 1264, 1265, 1269, 1272, 1273, 1274, 1277, 1281, 1285, 1288, 1289, 1290, 1292, 1294, 1298, 1301, 1302, 1304, 1305, 1307], "excluded_lines": []}, "FeatureDriftDetector._test_single_feature_drift": {"executed_lines": [], "summary": {"covered_lines": 0, "num_statements": 7, "percent_covered": 0.0, "percent_covered_display": "0", "missing_lines": 7, "excluded_lines": 0}, "missing_lines": [1317, 1318, 1320, 1321, 1333, 1334, 1338], "excluded_lines": []}, "FeatureDriftDetector._test_numerical_feature_drift": {"executed_lines": [], "summary": {"covered_lines": 0, "num_statements": 5, "percent_covered": 0.0, "percent_covered_display": "0", "missing_lines": 5, "excluded_lines": 0}, "missing_lines": [1347, 1350, 1360, 1371, 1373], "excluded_lines": []}, "FeatureDriftDetector._test_categorical_feature_drift": {"executed_lines": [], "summary": {"covered_lines": 0, "num_statements": 14, "percent_covered": 0.0, "percent_covered_display": "0", "missing_lines": 14, "excluded_lines": 0}, "missing_lines": [1388, 1390, 1391, 1394, 1395, 1396, 1399, 1404, 1414, 1425, 1427, 1438, 1439, 1440], "excluded_lines": []}, "FeatureDriftDetector._monitoring_loop": {"executed_lines": [], "summary": {"covered_lines": 0, "num_statements": 15, "percent_covered": 0.0, "percent_covered_display": "0", "missing_lines": 15, "excluded_lines": 0}, "missing_lines": [1453, 1454, 1455, 1457, 1459, 1464, 1469, 1472, 1473, 1479, 1481, 1482, 1483, 1484, 1485], "excluded_lines": []}, "FeatureDriftDetector._get_recent_feature_data": {"executed_lines": [], "summary": {"covered_lines": 0, "num_statements": 5, "percent_covered": 0.0, "percent_covered_display": "0", "missing_lines": 5, "excluded_lines": 0}, "missing_lines": [1489, 1492, 1493, 1494, 1495], "excluded_lines": []}, "FeatureDriftDetector.add_drift_callback": {"executed_lines": [], "summary": {"covered_lines": 0, "num_statements": 1, "percent_covered": 0.0, "percent_covered_display": "0", "missing_lines": 1, "excluded_lines": 0}, "missing_lines": [1501], "excluded_lines": []}, "FeatureDriftDetector.remove_drift_callback": {"executed_lines": [], "summary": {"covered_lines": 0, "num_statements": 2, "percent_covered": 0.0, "percent_covered_display": "0", "missing_lines": 2, "excluded_lines": 0}, "missing_lines": [1507, 1508], "excluded_lines": []}, "FeatureDriftDetector._notify_drift_callbacks": {"executed_lines": [], "summary": {"covered_lines": 0, "num_statements": 7, "percent_covered": 0.0, "percent_covered_display": "0", "missing_lines": 7, "excluded_lines": 0}, "missing_lines": [1514, 1515, 1516, 1517, 1519, 1520, 1521], "excluded_lines": []}, "DriftDetectionError.__init__": {"executed_lines": [], "summary": {"covered_lines": 0, "num_statements": 1, "percent_covered": 0.0, "percent_covered_display": "0", "missing_lines": 1, "excluded_lines": 0}, "missing_lines": [1533], "excluded_lines": []}, "": {"executed_lines": [1, 10, 11, 12, 13, 14, 15, 16, 18, 19, 20, 21, 23, 24, 25, 26, 28, 31, 32, 34, 35, 36, 37, 40, 41, 43, 44, 45, 46, 49, 50, 51, 54, 55, 57, 58, 59, 60, 61, 64, 65, 66, 74, 75, 76, 77, 80, 81, 82, 83, 84, 85, 86, 89, 90, 91, 94, 95, 96, 99, 100, 101, 104, 105, 106, 109, 110, 111, 114, 115, 116, 119, 120, 121, 123, 137, 187, 198, 219, 237, 303, 304, 305, 307, 308, 309, 310, 311, 312, 313, 314, 316, 321, 322, 329, 370, 449, 520, 583, 633, 671, 739, 773, 831, 884, 928, 971, 1016, 1035, 1081, 1114, 1139, 1178, 1179, 1186, 1218, 1229, 1243, 1309, 1342, 1384, 1451, 1487, 1497, 1503, 1510, 1524, 1525, 1527], "summary": {"covered_lines": 120, "num_statements": 120, "percent_covered": 100.0, "percent_covered_display": "100", "missing_lines": 0, "excluded_lines": 0}, "missing_lines": [], "excluded_lines": []}}, "classes": {"DriftType": {"executed_lines": [], "summary": {"covered_lines": 0, "num_statements": 0, "percent_covered": 100.0, "percent_covered_display": "100", "missing_lines": 0, "excluded_lines": 0}, "missing_lines": [], "excluded_lines": []}, "DriftSeverity": {"executed_lines": [], "summary": {"covered_lines": 0, "num_statements": 0, "percent_covered": 100.0, "percent_covered_display": "100", "missing_lines": 0, "excluded_lines": 0}, "missing_lines": [], "excluded_lines": []}, "StatisticalTest": {"executed_lines": [], "summary": {"covered_lines": 0, "num_statements": 0, "percent_covered": 100.0, "percent_covered_display": "100", "missing_lines": 0, "excluded_lines": 0}, "missing_lines": [], "excluded_lines": []}, "DriftMetrics": {"executed_lines": [], "summary": {"covered_lines": 0, "num_statements": 31, "percent_covered": 0.0, "percent_covered_display": "0", "missing_lines": 31, "excluded_lines": 0}, "missing_lines": [125, 126, 127, 130, 131, 140, 141, 148, 149, 152, 153, 158, 165, 175, 178, 180, 183, 185, 189, 190, 191, 192, 193, 194, 196, 201, 208, 222, 223, 226, 239], "excluded_lines": []}, "FeatureDriftResult": {"executed_lines": [], "summary": {"covered_lines": 0, "num_statements": 1, "percent_covered": 0.0, "percent_covered_display": "0", "missing_lines": 1, "excluded_lines": 0}, "missing_lines": [318], "excluded_lines": []}, "ConceptDriftDetector": {"executed_lines": [], "summary": {"covered_lines": 0, "num_statements": 287, "percent_covered": 0.0, "percent_covered_display": "0", "missing_lines": 287, "excluded_lines": 0}, "missing_lines": [349, 350, 351, 352, 353, 354, 357, 358, 359, 362, 363, 365, 387, 390, 391, 396, 397, 398, 399, 402, 409, 411, 416, 417, 422, 425, 428, 430, 436, 437, 438, 445, 447, 456, 458, 465, 471, 473, 474, 475, 477, 481, 482, 484, 488, 491, 495, 499, 500, 501, 504, 507, 508, 509, 514, 515, 517, 518, 524, 526, 533, 540, 542, 547, 548, 550, 551, 552, 554, 560, 562, 563, 565, 566, 569, 574, 578, 580, 581, 590, 592, 593, 595, 597, 609, 611, 616, 620, 621, 622, 638, 641, 649, 658, 660, 675, 677, 678, 681, 682, 683, 686, 691, 701, 712, 714, 725, 726, 728, 746, 747, 749, 750, 751, 753, 754, 756, 757, 760, 761, 763, 765, 767, 769, 770, 771, 777, 779, 780, 781, 782, 785, 790, 797, 798, 801, 806, 807, 810, 811, 814, 815, 816, 818, 821, 822, 823, 825, 827, 828, 829, 835, 837, 838, 841, 842, 843, 850, 859, 860, 863, 864, 867, 869, 872, 873, 876, 878, 880, 881, 882, 888, 890, 896, 902, 904, 907, 910, 913, 916, 922, 923, 925, 926, 932, 934, 938, 940, 942, 944, 947, 952, 955, 956, 957, 960, 961, 962, 965, 966, 968, 969, 973, 975, 982, 983, 985, 986, 987, 988, 990, 991, 992, 993, 995, 998, 999, 1000, 1003, 1010, 1012, 1013, 1014, 1024, 1027, 1030, 1031, 1032, 1033, 1039, 1040, 1042, 1055, 1056, 1058, 1059, 1062, 1068, 1069, 1070, 1072, 1073, 1075, 1077, 1078, 1079, 1087, 1088, 1089, 1092, 1093, 1095, 1096, 1099, 1100, 1101, 1102, 1104, 1105, 1108, 1110, 1111, 1112, 1120, 1121, 1122, 1124, 1125, 1128, 1133, 1135, 1136, 1137, 1143, 1144, 1146, 1159, 1160, 1162, 1163, 1164, 1165, 1169, 1171, 1173, 1174, 1175], "excluded_lines": []}, "FeatureDriftDetector": {"executed_lines": [], "summary": {"covered_lines": 0, "num_statements": 104, "percent_covered": 0.0, "percent_covered_display": "0", "missing_lines": 104, "excluded_lines": 0}, "missing_lines": [1202, 1203, 1204, 1205, 1208, 1209, 1210, 1211, 1213, 1220, 1221, 1222, 1224, 1225, 1227, 1231, 1233, 1234, 1235, 1236, 1237, 1238, 1239, 1241, 1256, 1259, 1260, 1261, 1264, 1265, 1269, 1272, 1273, 1274, 1277, 1281, 1285, 1288, 1289, 1290, 1292, 1294, 1298, 1301, 1302, 1304, 1305, 1307, 1317, 1318, 1320, 1321, 1333, 1334, 1338, 1347, 1350, 1360, 1371, 1373, 1388, 1390, 1391, 1394, 1395, 1396, 1399, 1404, 1414, 1425, 1427, 1438, 1439, 1440, 1453, 1454, 1455, 1457, 1459, 1464, 1469, 1472, 1473, 1479, 1481, 1482, 1483, 1484, 1485, 1489, 1492, 1493, 1494, 1495, 1501, 1507, 1508, 1514, 1515, 1516, 1517, 1519, 1520, 1521], "excluded_lines": []}, "DriftDetectionError": {"executed_lines": [], "summary": {"covered_lines": 0, "num_statements": 1, "percent_covered": 0.0, "percent_covered_display": "0", "missing_lines": 1, "excluded_lines": 0}, "missing_lines": [1533], "excluded_lines": []}, "": {"executed_lines": [1, 10, 11, 12, 13, 14, 15, 16, 18, 19, 20, 21, 23, 24, 25, 26, 28, 31, 32, 34, 35, 36, 37, 40, 41, 43, 44, 45, 46, 49, 50, 51, 54, 55, 57, 58, 59, 60, 61, 64, 65, 66, 74, 75, 76, 77, 80, 81, 82, 83, 84, 85, 86, 89, 90, 91, 94, 95, 96, 99, 100, 101, 104, 105, 106, 109, 110, 111, 114, 115, 116, 119, 120, 121, 123, 137, 187, 198, 219, 237, 303, 304, 305, 307, 308, 309, 310, 311, 312, 313, 314, 316, 321, 322, 329, 370, 449, 520, 583, 633, 671, 739, 773, 831, 884, 928, 971, 1016, 1035, 1081, 1114, 1139, 1178, 1179, 1186, 1218, 1229, 1243, 1309, 1342, 1384, 1451, 1487, 1497, 1503, 1510, 1524, 1525, 1527], "summary": {"covered_lines": 120, "num_statements": 120, "percent_covered": 100.0, "percent_covered_display": "100", "missing_lines": 0, "excluded_lines": 0}, "missing_lines": [], "excluded_lines": []}}}, "src\\adaptation\\monitoring_enhanced_tracking.py": {"executed_lines": [], "summary": {"covered_lines": 0, "num_statements": 95, "percent_covered": 0.0, "percent_covered_display": "0", "missing_lines": 95, "excluded_lines": 0}, "missing_lines": [6, 7, 8, 10, 11, 12, 13, 16, 24, 26, 27, 28, 31, 33, 36, 44, 45, 46, 47, 49, 57, 58, 62, 66, 71, 75, 83, 85, 89, 91, 93, 98, 99, 100, 101, 102, 105, 113, 115, 117, 118, 126, 128, 130, 132, 135, 138, 146, 148, 150, 157, 159, 161, 163, 166, 168, 170, 172, 173, 174, 175, 176, 178, 183, 191, 192, 196, 200, 204, 208, 212, 216, 220, 222, 226, 228, 231, 232, 233, 234, 235, 236, 238, 245, 246, 250, 253, 255, 257, 260, 270, 273, 275, 279, 283], "excluded_lines": [], "functions": {"MonitoringEnhancedTrackingManager.__init__": {"executed_lines": [], "summary": {"covered_lines": 0, "num_statements": 4, "percent_covered": 0.0, "percent_covered_display": "0", "missing_lines": 4, "excluded_lines": 0}, "missing_lines": [26, 27, 28, 31], "excluded_lines": []}, "MonitoringEnhancedTrackingManager._wrap_tracking_methods": {"executed_lines": [], "summary": {"covered_lines": 0, "num_statements": 5, "percent_covered": 0.0, "percent_covered_display": "0", "missing_lines": 5, "excluded_lines": 0}, "missing_lines": [36, 44, 45, 46, 47], "excluded_lines": []}, "MonitoringEnhancedTrackingManager._monitored_record_prediction": {"executed_lines": [], "summary": {"covered_lines": 0, "num_statements": 7, "percent_covered": 0.0, "percent_covered_display": "0", "missing_lines": 7, "excluded_lines": 0}, "missing_lines": [57, 58, 62, 66, 71, 75, 83], "excluded_lines": []}, "MonitoringEnhancedTrackingManager._monitored_validate_prediction": {"executed_lines": [], "summary": {"covered_lines": 0, "num_statements": 14, "percent_covered": 0.0, "percent_covered_display": "0", "missing_lines": 14, "excluded_lines": 0}, "missing_lines": [89, 91, 93, 98, 99, 100, 101, 102, 105, 113, 115, 117, 118, 126], "excluded_lines": []}, "MonitoringEnhancedTrackingManager._monitored_start_tracking": {"executed_lines": [], "summary": {"covered_lines": 0, "num_statements": 8, "percent_covered": 0.0, "percent_covered_display": "0", "missing_lines": 8, "excluded_lines": 0}, "missing_lines": [130, 132, 135, 138, 146, 148, 150, 157], "excluded_lines": []}, "MonitoringEnhancedTrackingManager._monitored_stop_tracking": {"executed_lines": [], "summary": {"covered_lines": 0, "num_statements": 10, "percent_covered": 0.0, "percent_covered_display": "0", "missing_lines": 10, "excluded_lines": 0}, "missing_lines": [161, 163, 166, 168, 170, 172, 173, 174, 175, 176], "excluded_lines": []}, "MonitoringEnhancedTrackingManager.record_concept_drift": {"executed_lines": [], "summary": {"covered_lines": 0, "num_statements": 3, "percent_covered": 0.0, "percent_covered_display": "0", "missing_lines": 3, "excluded_lines": 0}, "missing_lines": [183, 191, 192], "excluded_lines": []}, "MonitoringEnhancedTrackingManager.record_feature_computation": {"executed_lines": [], "summary": {"covered_lines": 0, "num_statements": 1, "percent_covered": 0.0, "percent_covered_display": "0", "missing_lines": 1, "excluded_lines": 0}, "missing_lines": [200], "excluded_lines": []}, "MonitoringEnhancedTrackingManager.record_database_operation": {"executed_lines": [], "summary": {"covered_lines": 0, "num_statements": 1, "percent_covered": 0.0, "percent_covered_display": "0", "missing_lines": 1, "excluded_lines": 0}, "missing_lines": [208], "excluded_lines": []}, "MonitoringEnhancedTrackingManager.record_mqtt_publish": {"executed_lines": [], "summary": {"covered_lines": 0, "num_statements": 1, "percent_covered": 0.0, "percent_covered_display": "0", "missing_lines": 1, "excluded_lines": 0}, "missing_lines": [216], "excluded_lines": []}, "MonitoringEnhancedTrackingManager.update_connection_status": {"executed_lines": [], "summary": {"covered_lines": 0, "num_statements": 1, "percent_covered": 0.0, "percent_covered_display": "0", "missing_lines": 1, "excluded_lines": 0}, "missing_lines": [222], "excluded_lines": []}, "MonitoringEnhancedTrackingManager.get_monitoring_status": {"executed_lines": [], "summary": {"covered_lines": 0, "num_statements": 8, "percent_covered": 0.0, "percent_covered_display": "0", "missing_lines": 8, "excluded_lines": 0}, "missing_lines": [228, 231, 232, 233, 234, 235, 236, 238], "excluded_lines": []}, "MonitoringEnhancedTrackingManager.track_model_training": {"executed_lines": [], "summary": {"covered_lines": 0, "num_statements": 2, "percent_covered": 0.0, "percent_covered_display": "0", "missing_lines": 2, "excluded_lines": 0}, "missing_lines": [250, 253], "excluded_lines": []}, "MonitoringEnhancedTrackingManager.__getattr__": {"executed_lines": [], "summary": {"covered_lines": 0, "num_statements": 1, "percent_covered": 0.0, "percent_covered_display": "0", "missing_lines": 1, "excluded_lines": 0}, "missing_lines": [257], "excluded_lines": []}, "create_monitoring_enhanced_tracking_manager": {"executed_lines": [], "summary": {"covered_lines": 0, "num_statements": 3, "percent_covered": 0.0, "percent_covered_display": "0", "missing_lines": 3, "excluded_lines": 0}, "missing_lines": [270, 273, 275], "excluded_lines": []}, "get_enhanced_tracking_manager": {"executed_lines": [], "summary": {"covered_lines": 0, "num_statements": 1, "percent_covered": 0.0, "percent_covered_display": "0", "missing_lines": 1, "excluded_lines": 0}, "missing_lines": [283], "excluded_lines": []}, "": {"executed_lines": [], "summary": {"covered_lines": 0, "num_statements": 25, "percent_covered": 0.0, "percent_covered_display": "0", "missing_lines": 25, "excluded_lines": 0}, "missing_lines": [6, 7, 8, 10, 11, 12, 13, 16, 24, 33, 49, 85, 128, 159, 178, 196, 204, 212, 220, 226, 245, 246, 255, 260, 279], "excluded_lines": []}}, "classes": {"MonitoringEnhancedTrackingManager": {"executed_lines": [], "summary": {"covered_lines": 0, "num_statements": 66, "percent_covered": 0.0, "percent_covered_display": "0", "missing_lines": 66, "excluded_lines": 0}, "missing_lines": [26, 27, 28, 31, 36, 44, 45, 46, 47, 57, 58, 62, 66, 71, 75, 83, 89, 91, 93, 98, 99, 100, 101, 102, 105, 113, 115, 117, 118, 126, 130, 132, 135, 138, 146, 148, 150, 157, 161, 163, 166, 168, 170, 172, 173, 174, 175, 176, 183, 191, 192, 200, 208, 216, 222, 228, 231, 232, 233, 234, 235, 236, 238, 250, 253, 257], "excluded_lines": []}, "": {"executed_lines": [], "summary": {"covered_lines": 0, "num_statements": 29, "percent_covered": 0.0, "percent_covered_display": "0", "missing_lines": 29, "excluded_lines": 0}, "missing_lines": [6, 7, 8, 10, 11, 12, 13, 16, 24, 33, 49, 85, 128, 159, 178, 196, 204, 212, 220, 226, 245, 246, 255, 260, 270, 273, 275, 279, 283], "excluded_lines": []}}}, "src\\adaptation\\optimizer.py": {"executed_lines": [1, 9, 10, 11, 12, 13, 14, 15, 17, 18, 21, 24, 25, 30, 31, 32, 33, 34, 35, 36, 38, 39, 41, 44, 45, 47, 48, 49, 50, 51, 54, 55, 57, 58, 59, 60, 61, 64, 65, 67, 68, 69, 70, 71, 72, 73, 76, 77, 83, 102, 117, 121, 127, 137, 147, 170, 186, 187, 188, 190, 191, 192, 193, 194, 197, 198, 199, 200, 203, 204, 205, 208, 209, 210, 212, 214, 236, 237, 238, 240, 241, 242, 245, 246, 247, 250, 253, 254, 255, 256, 259, 260, 263, 264, 265, 266, 269, 270, 272, 278, 279, 291, 330, 459, 467, 510, 563, 577, 593, 676, 695, 732, 854, 941, 1021, 1084, 1098, 1109, 1215, 1256, 1290, 1346, 1372, 1418, 1419, 1421], "summary": {"covered_lines": 117, "num_statements": 567, "percent_covered": 20.634920634920636, "percent_covered_display": "21", "missing_lines": 450, "excluded_lines": 0}, "missing_lines": [26, 27, 29, 99, 100, 104, 105, 106, 107, 108, 109, 110, 111, 112, 113, 115, 119, 123, 124, 125, 129, 130, 131, 132, 133, 135, 139, 140, 141, 142, 143, 145, 157, 158, 159, 160, 161, 163, 164, 166, 167, 168, 172, 216, 274, 275, 305, 306, 307, 310, 311, 312, 315, 318, 319, 320, 321, 324, 326, 357, 359, 360, 361, 364, 367, 368, 369, 371, 374, 375, 376, 377, 380, 385, 386, 389, 390, 393, 394, 397, 398, 406, 411, 412, 415, 416, 417, 418, 419, 420, 423, 428, 429, 432, 433, 434, 436, 442, 444, 445, 446, 447, 463, 464, 465, 469, 470, 475, 476, 477, 479, 482, 486, 517, 519, 520, 523, 524, 527, 528, 529, 530, 533, 536, 537, 538, 539, 542, 545, 546, 547, 548, 551, 554, 557, 559, 560, 561, 567, 568, 569, 572, 573, 575, 581, 587, 589, 590, 591, 604, 605, 607, 610, 611, 613, 614, 617, 619, 629, 630, 633, 634, 639, 641, 643, 650, 653, 654, 657, 659, 663, 668, 670, 671, 672, 674, 679, 680, 682, 684, 685, 686, 689, 690, 693, 699, 700, 702, 703, 706, 711, 716, 718, 719, 720, 736, 737, 738, 744, 745, 747, 748, 749, 750, 752, 753, 754, 755, 758, 759, 761, 762, 765, 778, 779, 780, 784, 785, 788, 789, 790, 793, 795, 796, 797, 798, 799, 800, 803, 804, 807, 808, 811, 814, 816, 817, 818, 821, 822, 825, 826, 838, 850, 851, 852, 858, 859, 862, 863, 864, 865, 866, 868, 869, 870, 871, 872, 873, 874, 877, 880, 881, 882, 885, 886, 887, 889, 890, 891, 893, 894, 895, 898, 899, 902, 903, 915, 927, 928, 929, 945, 946, 948, 949, 950, 952, 954, 955, 956, 957, 958, 959, 962, 963, 966, 967, 970, 971, 973, 974, 975, 978, 979, 982, 983, 995, 1007, 1008, 1009, 1030, 1031, 1034, 1036, 1037, 1040, 1041, 1043, 1045, 1046, 1047, 1050, 1052, 1053, 1054, 1056, 1058, 1061, 1062, 1063, 1066, 1068, 1070, 1071, 1072, 1086, 1100, 1101, 1104, 1105, 1111, 1217, 1218, 1221, 1222, 1224, 1226, 1227, 1230, 1233, 1234, 1235, 1236, 1239, 1241, 1244, 1245, 1247, 1250, 1252, 1253, 1254, 1260, 1261, 1263, 1266, 1267, 1268, 1271, 1272, 1273, 1275, 1276, 1277, 1280, 1283, 1284, 1286, 1287, 1288, 1303, 1304, 1306, 1307, 1308, 1311, 1312, 1313, 1314, 1316, 1317, 1320, 1323, 1324, 1325, 1326, 1328, 1329, 1330, 1331, 1333, 1334, 1338, 1339, 1340, 1342, 1343, 1344, 1350, 1351, 1352, 1353, 1356, 1359, 1360, 1361, 1365, 1369, 1370, 1374, 1375, 1376, 1378, 1381, 1383, 1384, 1385, 1386, 1387, 1388, 1391, 1392, 1393, 1394, 1395, 1396, 1397, 1398, 1401, 1402, 1403, 1404, 1405, 1406, 1407, 1410, 1411, 1413, 1414, 1415, 1422], "excluded_lines": [], "functions": {"HyperparameterSpace.__init__": {"executed_lines": [], "summary": {"covered_lines": 0, "num_statements": 2, "percent_covered": 0.0, "percent_covered_display": "0", "missing_lines": 2, "excluded_lines": 0}, "missing_lines": [99, 100], "excluded_lines": []}, "HyperparameterSpace._validate_parameters": {"executed_lines": [], "summary": {"covered_lines": 0, "num_statements": 11, "percent_covered": 0.0, "percent_covered_display": "0", "missing_lines": 11, "excluded_lines": 0}, "missing_lines": [104, 105, 106, 107, 108, 109, 110, 111, 112, 113, 115], "excluded_lines": []}, "HyperparameterSpace.get_parameter_names": {"executed_lines": [], "summary": {"covered_lines": 0, "num_statements": 1, "percent_covered": 0.0, "percent_covered_display": "0", "missing_lines": 1, "excluded_lines": 0}, "missing_lines": [119], "excluded_lines": []}, "HyperparameterSpace.is_continuous": {"executed_lines": [], "summary": {"covered_lines": 0, "num_statements": 3, "percent_covered": 0.0, "percent_covered_display": "0", "missing_lines": 3, "excluded_lines": 0}, "missing_lines": [123, 124, 125], "excluded_lines": []}, "HyperparameterSpace.get_bounds": {"executed_lines": [], "summary": {"covered_lines": 0, "num_statements": 6, "percent_covered": 0.0, "percent_covered_display": "0", "missing_lines": 6, "excluded_lines": 0}, "missing_lines": [129, 130, 131, 132, 133, 135], "excluded_lines": []}, "HyperparameterSpace.get_choices": {"executed_lines": [], "summary": {"covered_lines": 0, "num_statements": 6, "percent_covered": 0.0, "percent_covered_display": "0", "missing_lines": 6, "excluded_lines": 0}, "missing_lines": [139, 140, 141, 142, 143, 145], "excluded_lines": []}, "HyperparameterSpace.sample": {"executed_lines": [], "summary": {"covered_lines": 0, "num_statements": 10, "percent_covered": 0.0, "percent_covered_display": "0", "missing_lines": 10, "excluded_lines": 0}, "missing_lines": [157, 158, 159, 160, 161, 163, 164, 166, 167, 168], "excluded_lines": []}, "HyperparameterSpace.to_dict": {"executed_lines": [], "summary": {"covered_lines": 0, "num_statements": 1, "percent_covered": 0.0, "percent_covered_display": "0", "missing_lines": 1, "excluded_lines": 0}, "missing_lines": [172], "excluded_lines": []}, "OptimizationResult.to_dict": {"executed_lines": [], "summary": {"covered_lines": 0, "num_statements": 1, "percent_covered": 0.0, "percent_covered_display": "0", "missing_lines": 1, "excluded_lines": 0}, "missing_lines": [216], "excluded_lines": []}, "OptimizationConfig.__post_init__": {"executed_lines": [], "summary": {"covered_lines": 0, "num_statements": 2, "percent_covered": 0.0, "percent_covered_display": "0", "missing_lines": 2, "excluded_lines": 0}, "missing_lines": [274, 275], "excluded_lines": []}, "ModelOptimizer.__init__": {"executed_lines": [], "summary": {"covered_lines": 0, "num_statements": 13, "percent_covered": 0.0, "percent_covered_display": "0", "missing_lines": 13, "excluded_lines": 0}, "missing_lines": [305, 306, 307, 310, 311, 312, 315, 318, 319, 320, 321, 324, 326], "excluded_lines": []}, "ModelOptimizer.optimize_model_parameters": {"executed_lines": [], "summary": {"covered_lines": 0, "num_statements": 43, "percent_covered": 0.0, "percent_covered_display": "0", "missing_lines": 43, "excluded_lines": 0}, "missing_lines": [357, 359, 360, 361, 364, 367, 368, 369, 371, 374, 375, 376, 377, 380, 385, 386, 389, 390, 393, 394, 397, 398, 406, 411, 412, 415, 416, 417, 418, 419, 420, 423, 428, 429, 432, 433, 434, 436, 442, 444, 445, 446, 447], "excluded_lines": []}, "ModelOptimizer.get_cached_parameters": {"executed_lines": [], "summary": {"covered_lines": 0, "num_statements": 3, "percent_covered": 0.0, "percent_covered_display": "0", "missing_lines": 3, "excluded_lines": 0}, "missing_lines": [463, 464, 465], "excluded_lines": []}, "ModelOptimizer.get_optimization_stats": {"executed_lines": [], "summary": {"covered_lines": 0, "num_statements": 8, "percent_covered": 0.0, "percent_covered_display": "0", "missing_lines": 8, "excluded_lines": 0}, "missing_lines": [469, 470, 475, 476, 477, 479, 482, 486], "excluded_lines": []}, "ModelOptimizer._should_optimize": {"executed_lines": [], "summary": {"covered_lines": 0, "num_statements": 25, "percent_covered": 0.0, "percent_covered_display": "0", "missing_lines": 25, "excluded_lines": 0}, "missing_lines": [517, 519, 520, 523, 524, 527, 528, 529, 530, 533, 536, 537, 538, 539, 542, 545, 546, 547, 548, 551, 554, 557, 559, 560, 561], "excluded_lines": []}, "ModelOptimizer._get_parameter_space": {"executed_lines": [], "summary": {"covered_lines": 0, "num_statements": 6, "percent_covered": 0.0, "percent_covered_display": "0", "missing_lines": 6, "excluded_lines": 0}, "missing_lines": [567, 568, 569, 572, 573, 575], "excluded_lines": []}, "ModelOptimizer._adapt_parameter_space": {"executed_lines": [], "summary": {"covered_lines": 0, "num_statements": 5, "percent_covered": 0.0, "percent_covered_display": "0", "missing_lines": 5, "excluded_lines": 0}, "missing_lines": [581, 587, 589, 590, 591], "excluded_lines": []}, "ModelOptimizer._create_objective_function": {"executed_lines": [], "summary": {"covered_lines": 0, "num_statements": 2, "percent_covered": 0.0, "percent_covered_display": "0", "missing_lines": 2, "excluded_lines": 0}, "missing_lines": [604, 674], "excluded_lines": []}, "ModelOptimizer._create_objective_function.objective": {"executed_lines": [], "summary": {"covered_lines": 0, "num_statements": 25, "percent_covered": 0.0, "percent_covered_display": "0", "missing_lines": 25, "excluded_lines": 0}, "missing_lines": [605, 607, 610, 611, 613, 614, 617, 619, 629, 630, 633, 634, 639, 641, 643, 650, 653, 654, 657, 659, 663, 668, 670, 671, 672], "excluded_lines": []}, "ModelOptimizer._create_model_with_params": {"executed_lines": [], "summary": {"covered_lines": 0, "num_statements": 9, "percent_covered": 0.0, "percent_covered_display": "0", "missing_lines": 9, "excluded_lines": 0}, "missing_lines": [679, 680, 682, 684, 685, 686, 689, 690, 693], "excluded_lines": []}, "ModelOptimizer._bayesian_optimization": {"executed_lines": [], "summary": {"covered_lines": 0, "num_statements": 10, "percent_covered": 0.0, "percent_covered_display": "0", "missing_lines": 10, "excluded_lines": 0}, "missing_lines": [699, 700, 702, 703, 706, 711, 716, 718, 719, 720], "excluded_lines": []}, "ModelOptimizer._run_bayesian_optimization_async": {"executed_lines": [], "summary": {"covered_lines": 0, "num_statements": 46, "percent_covered": 0.0, "percent_covered_display": "0", "missing_lines": 46, "excluded_lines": 0}, "missing_lines": [736, 737, 738, 744, 745, 747, 748, 749, 750, 752, 753, 754, 755, 758, 759, 761, 762, 765, 778, 788, 789, 790, 793, 795, 796, 797, 798, 799, 800, 803, 804, 807, 808, 811, 814, 816, 817, 818, 821, 822, 825, 826, 838, 850, 851, 852], "excluded_lines": []}, "ModelOptimizer._run_bayesian_optimization_async.async_objective_wrapper": {"executed_lines": [], "summary": {"covered_lines": 0, "num_statements": 4, "percent_covered": 0.0, "percent_covered_display": "0", "missing_lines": 4, "excluded_lines": 0}, "missing_lines": [779, 780, 784, 785], "excluded_lines": []}, "ModelOptimizer._grid_search_optimization": {"executed_lines": [], "summary": {"covered_lines": 0, "num_statements": 35, "percent_covered": 0.0, "percent_covered_display": "0", "missing_lines": 35, "excluded_lines": 0}, "missing_lines": [858, 859, 862, 863, 864, 865, 866, 868, 869, 870, 871, 872, 873, 874, 877, 880, 881, 882, 885, 886, 887, 889, 890, 891, 893, 894, 895, 898, 899, 902, 903, 915, 927, 928, 929], "excluded_lines": []}, "ModelOptimizer._random_search_optimization": {"executed_lines": [], "summary": {"covered_lines": 0, "num_statements": 29, "percent_covered": 0.0, "percent_covered_display": "0", "missing_lines": 29, "excluded_lines": 0}, "missing_lines": [945, 946, 948, 949, 950, 952, 954, 955, 956, 957, 958, 959, 962, 963, 966, 967, 970, 971, 973, 974, 975, 978, 979, 982, 983, 995, 1007, 1008, 1009], "excluded_lines": []}, "ModelOptimizer._performance_adaptive_optimization": {"executed_lines": [], "summary": {"covered_lines": 0, "num_statements": 25, "percent_covered": 0.0, "percent_covered_display": "0", "missing_lines": 25, "excluded_lines": 0}, "missing_lines": [1030, 1031, 1034, 1036, 1037, 1040, 1041, 1043, 1045, 1046, 1047, 1050, 1052, 1053, 1054, 1056, 1058, 1061, 1062, 1063, 1066, 1068, 1070, 1071, 1072], "excluded_lines": []}, "ModelOptimizer._create_default_result": {"executed_lines": [], "summary": {"covered_lines": 0, "num_statements": 1, "percent_covered": 0.0, "percent_covered_display": "0", "missing_lines": 1, "excluded_lines": 0}, "missing_lines": [1086], "excluded_lines": []}, "ModelOptimizer._update_improvement_average": {"executed_lines": [], "summary": {"covered_lines": 0, "num_statements": 4, "percent_covered": 0.0, "percent_covered_display": "0", "missing_lines": 4, "excluded_lines": 0}, "missing_lines": [1100, 1101, 1104, 1105], "excluded_lines": []}, "ModelOptimizer._initialize_parameter_spaces": {"executed_lines": [], "summary": {"covered_lines": 0, "num_statements": 1, "percent_covered": 0.0, "percent_covered_display": "0", "missing_lines": 1, "excluded_lines": 0}, "missing_lines": [1111], "excluded_lines": []}, "ModelOptimizer._measure_prediction_latency": {"executed_lines": [], "summary": {"covered_lines": 0, "num_statements": 21, "percent_covered": 0.0, "percent_covered_display": "0", "missing_lines": 21, "excluded_lines": 0}, "missing_lines": [1217, 1218, 1221, 1222, 1224, 1226, 1227, 1230, 1233, 1234, 1235, 1236, 1239, 1241, 1244, 1245, 1247, 1250, 1252, 1253, 1254], "excluded_lines": []}, "ModelOptimizer._get_baseline_performance": {"executed_lines": [], "summary": {"covered_lines": 0, "num_statements": 18, "percent_covered": 0.0, "percent_covered_display": "0", "missing_lines": 18, "excluded_lines": 0}, "missing_lines": [1260, 1261, 1263, 1266, 1267, 1268, 1271, 1272, 1273, 1275, 1276, 1277, 1280, 1283, 1284, 1286, 1287, 1288], "excluded_lines": []}, "ModelOptimizer._generate_hyperparameter_combinations": {"executed_lines": [], "summary": {"covered_lines": 0, "num_statements": 28, "percent_covered": 0.0, "percent_covered_display": "0", "missing_lines": 28, "excluded_lines": 0}, "missing_lines": [1303, 1304, 1306, 1307, 1308, 1311, 1312, 1313, 1314, 1316, 1317, 1320, 1323, 1324, 1325, 1326, 1328, 1329, 1330, 1331, 1333, 1334, 1338, 1339, 1340, 1342, 1343, 1344], "excluded_lines": []}, "ModelOptimizer._update_performance_history": {"executed_lines": [], "summary": {"covered_lines": 0, "num_statements": 11, "percent_covered": 0.0, "percent_covered_display": "0", "missing_lines": 11, "excluded_lines": 0}, "missing_lines": [1350, 1351, 1352, 1353, 1356, 1359, 1360, 1361, 1365, 1369, 1370], "excluded_lines": []}, "ModelOptimizer._measure_memory_usage": {"executed_lines": [], "summary": {"covered_lines": 0, "num_statements": 31, "percent_covered": 0.0, "percent_covered_display": "0", "missing_lines": 31, "excluded_lines": 0}, "missing_lines": [1374, 1375, 1376, 1378, 1381, 1383, 1384, 1385, 1386, 1387, 1388, 1391, 1392, 1393, 1394, 1395, 1396, 1397, 1398, 1401, 1402, 1403, 1404, 1405, 1406, 1407, 1410, 1411, 1413, 1414, 1415], "excluded_lines": []}, "OptimizationError.__init__": {"executed_lines": [], "summary": {"covered_lines": 0, "num_statements": 1, "percent_covered": 0.0, "percent_covered_display": "0", "missing_lines": 1, "excluded_lines": 0}, "missing_lines": [1422], "excluded_lines": []}, "": {"executed_lines": [1, 9, 10, 11, 12, 13, 14, 15, 17, 18, 21, 24, 25, 30, 31, 32, 33, 34, 35, 36, 38, 39, 41, 44, 45, 47, 48, 49, 50, 51, 54, 55, 57, 58, 59, 60, 61, 64, 65, 67, 68, 69, 70, 71, 72, 73, 76, 77, 83, 102, 117, 121, 127, 137, 147, 170, 186, 187, 188, 190, 191, 192, 193, 194, 197, 198, 199, 200, 203, 204, 205, 208, 209, 210, 212, 214, 236, 237, 238, 240, 241, 242, 245, 246, 247, 250, 253, 254, 255, 256, 259, 260, 263, 264, 265, 266, 269, 270, 272, 278, 279, 291, 330, 459, 467, 510, 563, 577, 593, 676, 695, 732, 854, 941, 1021, 1084, 1098, 1109, 1215, 1256, 1290, 1346, 1372, 1418, 1419, 1421], "summary": {"covered_lines": 117, "num_statements": 120, "percent_covered": 97.5, "percent_covered_display": "98", "missing_lines": 3, "excluded_lines": 0}, "missing_lines": [26, 27, 29], "excluded_lines": []}}, "classes": {"OptimizationStrategy": {"executed_lines": [], "summary": {"covered_lines": 0, "num_statements": 0, "percent_covered": 100.0, "percent_covered_display": "100", "missing_lines": 0, "excluded_lines": 0}, "missing_lines": [], "excluded_lines": []}, "OptimizationObjective": {"executed_lines": [], "summary": {"covered_lines": 0, "num_statements": 0, "percent_covered": 100.0, "percent_covered_display": "100", "missing_lines": 0, "excluded_lines": 0}, "missing_lines": [], "excluded_lines": []}, "OptimizationStatus": {"executed_lines": [], "summary": {"covered_lines": 0, "num_statements": 0, "percent_covered": 100.0, "percent_covered_display": "100", "missing_lines": 0, "excluded_lines": 0}, "missing_lines": [], "excluded_lines": []}, "HyperparameterSpace": {"executed_lines": [], "summary": {"covered_lines": 0, "num_statements": 40, "percent_covered": 0.0, "percent_covered_display": "0", "missing_lines": 40, "excluded_lines": 0}, "missing_lines": [99, 100, 104, 105, 106, 107, 108, 109, 110, 111, 112, 113, 115, 119, 123, 124, 125, 129, 130, 131, 132, 133, 135, 139, 140, 141, 142, 143, 145, 157, 158, 159, 160, 161, 163, 164, 166, 167, 168, 172], "excluded_lines": []}, "OptimizationResult": {"executed_lines": [], "summary": {"covered_lines": 0, "num_statements": 1, "percent_covered": 0.0, "percent_covered_display": "0", "missing_lines": 1, "excluded_lines": 0}, "missing_lines": [216], "excluded_lines": []}, "OptimizationConfig": {"executed_lines": [], "summary": {"covered_lines": 0, "num_statements": 2, "percent_covered": 0.0, "percent_covered_display": "0", "missing_lines": 2, "excluded_lines": 0}, "missing_lines": [274, 275], "excluded_lines": []}, "ModelOptimizer": {"executed_lines": [], "summary": {"covered_lines": 0, "num_statements": 403, "percent_covered": 0.0, "percent_covered_display": "0", "missing_lines": 403, "excluded_lines": 0}, "missing_lines": [305, 306, 307, 310, 311, 312, 315, 318, 319, 320, 321, 324, 326, 357, 359, 360, 361, 364, 367, 368, 369, 371, 374, 375, 376, 377, 380, 385, 386, 389, 390, 393, 394, 397, 398, 406, 411, 412, 415, 416, 417, 418, 419, 420, 423, 428, 429, 432, 433, 434, 436, 442, 444, 445, 446, 447, 463, 464, 465, 469, 470, 475, 476, 477, 479, 482, 486, 517, 519, 520, 523, 524, 527, 528, 529, 530, 533, 536, 537, 538, 539, 542, 545, 546, 547, 548, 551, 554, 557, 559, 560, 561, 567, 568, 569, 572, 573, 575, 581, 587, 589, 590, 591, 604, 605, 607, 610, 611, 613, 614, 617, 619, 629, 630, 633, 634, 639, 641, 643, 650, 653, 654, 657, 659, 663, 668, 670, 671, 672, 674, 679, 680, 682, 684, 685, 686, 689, 690, 693, 699, 700, 702, 703, 706, 711, 716, 718, 719, 720, 736, 737, 738, 744, 745, 747, 748, 749, 750, 752, 753, 754, 755, 758, 759, 761, 762, 765, 778, 779, 780, 784, 785, 788, 789, 790, 793, 795, 796, 797, 798, 799, 800, 803, 804, 807, 808, 811, 814, 816, 817, 818, 821, 822, 825, 826, 838, 850, 851, 852, 858, 859, 862, 863, 864, 865, 866, 868, 869, 870, 871, 872, 873, 874, 877, 880, 881, 882, 885, 886, 887, 889, 890, 891, 893, 894, 895, 898, 899, 902, 903, 915, 927, 928, 929, 945, 946, 948, 949, 950, 952, 954, 955, 956, 957, 958, 959, 962, 963, 966, 967, 970, 971, 973, 974, 975, 978, 979, 982, 983, 995, 1007, 1008, 1009, 1030, 1031, 1034, 1036, 1037, 1040, 1041, 1043, 1045, 1046, 1047, 1050, 1052, 1053, 1054, 1056, 1058, 1061, 1062, 1063, 1066, 1068, 1070, 1071, 1072, 1086, 1100, 1101, 1104, 1105, 1111, 1217, 1218, 1221, 1222, 1224, 1226, 1227, 1230, 1233, 1234, 1235, 1236, 1239, 1241, 1244, 1245, 1247, 1250, 1252, 1253, 1254, 1260, 1261, 1263, 1266, 1267, 1268, 1271, 1272, 1273, 1275, 1276, 1277, 1280, 1283, 1284, 1286, 1287, 1288, 1303, 1304, 1306, 1307, 1308, 1311, 1312, 1313, 1314, 1316, 1317, 1320, 1323, 1324, 1325, 1326, 1328, 1329, 1330, 1331, 1333, 1334, 1338, 1339, 1340, 1342, 1343, 1344, 1350, 1351, 1352, 1353, 1356, 1359, 1360, 1361, 1365, 1369, 1370, 1374, 1375, 1376, 1378, 1381, 1383, 1384, 1385, 1386, 1387, 1388, 1391, 1392, 1393, 1394, 1395, 1396, 1397, 1398, 1401, 1402, 1403, 1404, 1405, 1406, 1407, 1410, 1411, 1413, 1414, 1415], "excluded_lines": []}, "OptimizationError": {"executed_lines": [], "summary": {"covered_lines": 0, "num_statements": 1, "percent_covered": 0.0, "percent_covered_display": "0", "missing_lines": 1, "excluded_lines": 0}, "missing_lines": [1422], "excluded_lines": []}, "": {"executed_lines": [1, 9, 10, 11, 12, 13, 14, 15, 17, 18, 21, 24, 25, 30, 31, 32, 33, 34, 35, 36, 38, 39, 41, 44, 45, 47, 48, 49, 50, 51, 54, 55, 57, 58, 59, 60, 61, 64, 65, 67, 68, 69, 70, 71, 72, 73, 76, 77, 83, 102, 117, 121, 127, 137, 147, 170, 186, 187, 188, 190, 191, 192, 193, 194, 197, 198, 199, 200, 203, 204, 205, 208, 209, 210, 212, 214, 236, 237, 238, 240, 241, 242, 245, 246, 247, 250, 253, 254, 255, 256, 259, 260, 263, 264, 265, 266, 269, 270, 272, 278, 279, 291, 330, 459, 467, 510, 563, 577, 593, 676, 695, 732, 854, 941, 1021, 1084, 1098, 1109, 1215, 1256, 1290, 1346, 1372, 1418, 1419, 1421], "summary": {"covered_lines": 117, "num_statements": 120, "percent_covered": 97.5, "percent_covered_display": "98", "missing_lines": 3, "excluded_lines": 0}, "missing_lines": [26, 27, 29], "excluded_lines": []}}}, "src\\adaptation\\retrainer.py": {"executed_lines": [1, 8, 9, 10, 11, 12, 13, 14, 15, 17, 18, 19, 21, 22, 23, 24, 25, 32, 34, 37, 38, 40, 41, 42, 43, 44, 45, 48, 49, 51, 52, 53, 54, 57, 58, 60, 61, 62, 63, 64, 67, 68, 69, 71, 72, 73, 74, 75, 76, 77, 80, 81, 82, 85, 97, 98, 99, 104, 105, 106, 107, 110, 111, 112, 115, 116, 117, 118, 121, 122, 123, 125, 132, 136, 208, 209, 210, 212, 213, 214, 217, 218, 219, 222, 223, 224, 227, 228, 229, 232, 233, 235, 252, 253, 254, 261, 262, 265, 266, 267, 270, 271, 272, 273, 274, 277, 278, 279, 282, 283, 286, 287, 290, 291, 292, 294, 360, 386, 392, 424, 449, 450, 462, 527, 548, 564, 707, 787, 894, 900, 948, 1020, 1066, 1105, 1122, 1165, 1192, 1239, 1257, 1311, 1362, 1377, 1516, 1540, 1569, 1593, 1629, 1682, 1746, 1786, 1813, 1838, 1900, 1922, 1946, 1968, 1972, 2051, 2112, 2161, 2179, 2220, 2247, 2284, 2285, 2287], "summary": {"covered_lines": 157, "num_statements": 936, "percent_covered": 16.773504273504273, "percent_covered_display": "17", "missing_lines": 779, "excluded_lines": 0}, "missing_lines": [127, 128, 129, 130, 134, 138, 237, 238, 239, 242, 243, 246, 247, 296, 297, 298, 299, 302, 303, 304, 305, 308, 318, 319, 320, 321, 323, 324, 325, 328, 329, 334, 335, 336, 338, 340, 342, 343, 346, 347, 350, 351, 352, 355, 357, 358, 362, 363, 364, 365, 368, 371, 372, 373, 375, 376, 377, 378, 380, 382, 383, 384, 388, 389, 390, 394, 395, 397, 402, 403, 405, 406, 408, 420, 421, 422, 426, 484, 485, 486, 487, 488, 489, 490, 493, 494, 495, 496, 499, 500, 503, 504, 507, 508, 511, 512, 515, 518, 519, 520, 521, 523, 529, 530, 531, 532, 535, 536, 539, 540, 542, 544, 545, 546, 550, 552, 555, 556, 558, 559, 561, 562, 583, 584, 585, 588, 589, 590, 593, 596, 597, 600, 604, 605, 609, 614, 618, 619, 623, 628, 633, 634, 635, 640, 641, 643, 646, 651, 652, 653, 654, 655, 656, 658, 659, 662, 663, 664, 665, 670, 671, 672, 675, 678, 693, 699, 701, 702, 705, 730, 732, 735, 736, 739, 740, 745, 757, 769, 772, 774, 775, 777, 779, 782, 785, 799, 800, 802, 804, 805, 806, 809, 810, 811, 812, 823, 826, 827, 829, 832, 833, 834, 837, 838, 839, 842, 843, 844, 845, 863, 867, 869, 871, 872, 873, 874, 877, 878, 879, 880, 883, 884, 885, 886, 888, 890, 891, 892, 898, 910, 911, 913, 914, 915, 916, 917, 918, 919, 922, 925, 926, 927, 928, 931, 932, 935, 936, 937, 939, 940, 942, 944, 945, 946, 950, 951, 952, 953, 956, 957, 962, 963, 964, 965, 966, 968, 969, 971, 972, 977, 980, 984, 1014, 1015, 1016, 1022, 1023, 1025, 1026, 1027, 1031, 1032, 1034, 1036, 1037, 1038, 1040, 1043, 1047, 1052, 1054, 1055, 1060, 1062, 1063, 1064, 1072, 1074, 1078, 1081, 1082, 1086, 1092, 1095, 1096, 1099, 1101, 1102, 1103, 1107, 1108, 1109, 1110, 1112, 1113, 1114, 1118, 1119, 1120, 1124, 1125, 1126, 1128, 1129, 1134, 1136, 1137, 1138, 1140, 1142, 1144, 1147, 1152, 1154, 1155, 1156, 1157, 1159, 1160, 1161, 1162, 1163, 1167, 1168, 1169, 1174, 1179, 1181, 1182, 1183, 1184, 1186, 1187, 1188, 1189, 1190, 1194, 1196, 1197, 1200, 1201, 1202, 1205, 1206, 1209, 1215, 1216, 1219, 1225, 1230, 1233, 1235, 1236, 1237, 1241, 1243, 1244, 1247, 1248, 1249, 1250, 1252, 1254, 1255, 1261, 1263, 1265, 1268, 1271, 1272, 1275, 1282, 1283, 1288, 1291, 1295, 1300, 1301, 1303, 1304, 1306, 1307, 1308, 1309, 1315, 1319, 1325, 1329, 1330, 1331, 1334, 1337, 1344, 1349, 1350, 1351, 1355, 1357, 1358, 1360, 1366, 1368, 1372, 1373, 1375, 1386, 1391, 1392, 1393, 1394, 1395, 1397, 1400, 1401, 1402, 1403, 1406, 1412, 1417, 1434, 1442, 1444, 1458, 1459, 1471, 1475, 1483, 1486, 1487, 1491, 1495, 1496, 1501, 1502, 1503, 1504, 1507, 1508, 1511, 1512, 1514, 1525, 1526, 1527, 1530, 1531, 1532, 1533, 1534, 1535, 1536, 1537, 1538, 1544, 1546, 1548, 1549, 1552, 1555, 1558, 1559, 1560, 1561, 1563, 1564, 1565, 1566, 1567, 1578, 1579, 1580, 1583, 1584, 1585, 1586, 1587, 1588, 1589, 1590, 1591, 1597, 1598, 1599, 1601, 1602, 1605, 1615, 1618, 1619, 1620, 1621, 1622, 1623, 1624, 1625, 1626, 1627, 1637, 1638, 1639, 1640, 1643, 1644, 1647, 1648, 1651, 1652, 1654, 1655, 1657, 1658, 1659, 1663, 1664, 1665, 1669, 1670, 1674, 1676, 1679, 1680, 1689, 1691, 1692, 1693, 1696, 1702, 1703, 1704, 1707, 1708, 1709, 1710, 1717, 1718, 1719, 1721, 1722, 1725, 1726, 1727, 1730, 1731, 1736, 1738, 1743, 1744, 1750, 1752, 1753, 1754, 1757, 1760, 1761, 1762, 1764, 1765, 1768, 1769, 1770, 1773, 1774, 1779, 1781, 1783, 1784, 1790, 1791, 1801, 1802, 1803, 1804, 1806, 1807, 1808, 1810, 1811, 1817, 1818, 1820, 1821, 1822, 1823, 1824, 1825, 1827, 1831, 1832, 1834, 1835, 1836, 1842, 1843, 1844, 1845, 1847, 1853, 1863, 1864, 1865, 1866, 1878, 1881, 1883, 1887, 1888, 1894, 1896, 1897, 1898, 1902, 1903, 1904, 1907, 1918, 1919, 1920, 1924, 1925, 1926, 1929, 1940, 1941, 1942, 1948, 1949, 1950, 1953, 1956, 1957, 1961, 1965, 1966, 1970, 1976, 1977, 1980, 1983, 1984, 1987, 1993, 1994, 1997, 2000, 2001, 2002, 2005, 2008, 2009, 2010, 2011, 2014, 2015, 2019, 2020, 2022, 2024, 2026, 2027, 2028, 2029, 2030, 2033, 2035, 2036, 2038, 2040, 2041, 2042, 2043, 2046, 2048, 2049, 2053, 2054, 2057, 2082, 2083, 2088, 2089, 2098, 2099, 2100, 2101, 2103, 2104, 2105, 2107, 2108, 2114, 2115, 2120, 2141, 2142, 2147, 2148, 2149, 2150, 2152, 2153, 2154, 2156, 2157, 2163, 2164, 2172, 2173, 2175, 2176, 2177, 2187, 2188, 2195, 2196, 2199, 2200, 2201, 2204, 2206, 2210, 2213, 2215, 2216, 2217, 2218, 2222, 2223, 2226, 2229, 2232, 2234, 2235, 2238, 2240, 2241, 2243, 2244, 2245, 2251, 2252, 2255, 2256, 2257, 2259, 2260, 2261, 2264, 2265, 2266, 2269, 2272, 2273, 2274, 2276, 2277, 2279, 2280, 2281, 2288], "excluded_lines": [], "functions": {"RetrainingRequest.__post_init__": {"executed_lines": [], "summary": {"covered_lines": 0, "num_statements": 4, "percent_covered": 0.0, "percent_covered_display": "0", "missing_lines": 4, "excluded_lines": 0}, "missing_lines": [127, 128, 129, 130], "excluded_lines": []}, "RetrainingRequest.__lt__": {"executed_lines": [], "summary": {"covered_lines": 0, "num_statements": 1, "percent_covered": 0.0, "percent_covered_display": "0", "missing_lines": 1, "excluded_lines": 0}, "missing_lines": [134], "excluded_lines": []}, "RetrainingRequest.to_dict": {"executed_lines": [], "summary": {"covered_lines": 0, "num_statements": 1, "percent_covered": 0.0, "percent_covered_display": "0", "missing_lines": 1, "excluded_lines": 0}, "missing_lines": [138], "excluded_lines": []}, "RetrainingProgress.update_progress": {"executed_lines": [], "summary": {"covered_lines": 0, "num_statements": 7, "percent_covered": 0.0, "percent_covered_display": "0", "missing_lines": 7, "excluded_lines": 0}, "missing_lines": [237, 238, 239, 242, 243, 246, 247], "excluded_lines": []}, "RetrainingHistory.add_retraining_record": {"executed_lines": [], "summary": {"covered_lines": 0, "num_statements": 33, "percent_covered": 0.0, "percent_covered_display": "0", "missing_lines": 33, "excluded_lines": 0}, "missing_lines": [296, 297, 298, 299, 302, 303, 304, 305, 308, 318, 319, 320, 321, 323, 324, 325, 328, 329, 334, 335, 336, 338, 340, 342, 343, 346, 347, 350, 351, 352, 355, 357, 358], "excluded_lines": []}, "RetrainingHistory._analyze_accuracy_trend": {"executed_lines": [], "summary": {"covered_lines": 0, "num_statements": 16, "percent_covered": 0.0, "percent_covered_display": "0", "missing_lines": 16, "excluded_lines": 0}, "missing_lines": [362, 363, 364, 365, 368, 371, 372, 373, 375, 376, 377, 378, 380, 382, 383, 384], "excluded_lines": []}, "RetrainingHistory.get_success_rate": {"executed_lines": [], "summary": {"covered_lines": 0, "num_statements": 3, "percent_covered": 0.0, "percent_covered_display": "0", "missing_lines": 3, "excluded_lines": 0}, "missing_lines": [388, 389, 390], "excluded_lines": []}, "RetrainingHistory.get_recent_performance": {"executed_lines": [], "summary": {"covered_lines": 0, "num_statements": 11, "percent_covered": 0.0, "percent_covered_display": "0", "missing_lines": 11, "excluded_lines": 0}, "missing_lines": [394, 395, 397, 402, 403, 405, 406, 408, 420, 421, 422], "excluded_lines": []}, "RetrainingHistory.to_dict": {"executed_lines": [], "summary": {"covered_lines": 0, "num_statements": 1, "percent_covered": 0.0, "percent_covered_display": "0", "missing_lines": 1, "excluded_lines": 0}, "missing_lines": [426], "excluded_lines": []}, "AdaptiveRetrainer.__init__": {"executed_lines": [], "summary": {"covered_lines": 0, "num_statements": 25, "percent_covered": 0.0, "percent_covered_display": "0", "missing_lines": 25, "excluded_lines": 0}, "missing_lines": [484, 485, 486, 487, 488, 489, 490, 493, 494, 495, 496, 499, 500, 503, 504, 507, 508, 511, 512, 515, 518, 519, 520, 521, 523], "excluded_lines": []}, "AdaptiveRetrainer.initialize": {"executed_lines": [], "summary": {"covered_lines": 0, "num_statements": 12, "percent_covered": 0.0, "percent_covered_display": "0", "missing_lines": 12, "excluded_lines": 0}, "missing_lines": [529, 530, 531, 532, 535, 536, 539, 540, 542, 544, 545, 546], "excluded_lines": []}, "AdaptiveRetrainer.shutdown": {"executed_lines": [], "summary": {"covered_lines": 0, "num_statements": 8, "percent_covered": 0.0, "percent_covered_display": "0", "missing_lines": 8, "excluded_lines": 0}, "missing_lines": [550, 552, 555, 556, 558, 559, 561, 562], "excluded_lines": []}, "AdaptiveRetrainer.evaluate_retraining_need": {"executed_lines": [], "summary": {"covered_lines": 0, "num_statements": 47, "percent_covered": 0.0, "percent_covered_display": "0", "missing_lines": 47, "excluded_lines": 0}, "missing_lines": [583, 584, 585, 588, 589, 590, 593, 596, 597, 600, 604, 605, 609, 614, 618, 619, 623, 628, 633, 634, 635, 640, 641, 643, 646, 651, 652, 653, 654, 655, 656, 658, 659, 662, 663, 664, 665, 670, 671, 672, 675, 678, 693, 699, 701, 702, 705], "excluded_lines": []}, "AdaptiveRetrainer.request_retraining": {"executed_lines": [], "summary": {"covered_lines": 0, "num_statements": 16, "percent_covered": 0.0, "percent_covered_display": "0", "missing_lines": 16, "excluded_lines": 0}, "missing_lines": [730, 732, 735, 736, 739, 740, 745, 757, 769, 772, 774, 775, 777, 779, 782, 785], "excluded_lines": []}, "AdaptiveRetrainer.get_retraining_status": {"executed_lines": [], "summary": {"covered_lines": 0, "num_statements": 43, "percent_covered": 0.0, "percent_covered_display": "0", "missing_lines": 43, "excluded_lines": 0}, "missing_lines": [799, 800, 802, 804, 805, 806, 809, 810, 811, 812, 823, 826, 827, 829, 832, 833, 834, 837, 838, 839, 842, 843, 844, 845, 863, 867, 869, 871, 872, 873, 874, 877, 878, 879, 880, 883, 884, 885, 886, 888, 890, 891, 892], "excluded_lines": []}, "AdaptiveRetrainer.get_retraining_progress": {"executed_lines": [], "summary": {"covered_lines": 0, "num_statements": 1, "percent_covered": 0.0, "percent_covered_display": "0", "missing_lines": 1, "excluded_lines": 0}, "missing_lines": [898], "excluded_lines": []}, "AdaptiveRetrainer.cancel_retraining": {"executed_lines": [], "summary": {"covered_lines": 0, "num_statements": 25, "percent_covered": 0.0, "percent_covered_display": "0", "missing_lines": 25, "excluded_lines": 0}, "missing_lines": [910, 911, 913, 914, 915, 916, 917, 918, 919, 922, 925, 926, 927, 928, 931, 932, 935, 936, 937, 939, 940, 942, 944, 945, 946], "excluded_lines": []}, "AdaptiveRetrainer.get_retrainer_stats": {"executed_lines": [], "summary": {"covered_lines": 0, "num_statements": 21, "percent_covered": 0.0, "percent_covered_display": "0", "missing_lines": 21, "excluded_lines": 0}, "missing_lines": [950, 951, 952, 953, 956, 957, 962, 963, 964, 965, 966, 968, 969, 971, 972, 977, 980, 984, 1014, 1015, 1016], "excluded_lines": []}, "AdaptiveRetrainer._queue_retraining_request": {"executed_lines": [], "summary": {"covered_lines": 0, "num_statements": 21, "percent_covered": 0.0, "percent_covered_display": "0", "missing_lines": 21, "excluded_lines": 0}, "missing_lines": [1022, 1023, 1025, 1026, 1027, 1031, 1032, 1034, 1036, 1037, 1038, 1040, 1043, 1047, 1052, 1054, 1055, 1060, 1062, 1063, 1064], "excluded_lines": []}, "AdaptiveRetrainer._select_retraining_strategy": {"executed_lines": [], "summary": {"covered_lines": 0, "num_statements": 13, "percent_covered": 0.0, "percent_covered_display": "0", "missing_lines": 13, "excluded_lines": 0}, "missing_lines": [1072, 1074, 1078, 1081, 1082, 1086, 1092, 1095, 1096, 1099, 1101, 1102, 1103], "excluded_lines": []}, "AdaptiveRetrainer._is_in_cooldown": {"executed_lines": [], "summary": {"covered_lines": 0, "num_statements": 10, "percent_covered": 0.0, "percent_covered_display": "0", "missing_lines": 10, "excluded_lines": 0}, "missing_lines": [1107, 1108, 1109, 1110, 1112, 1113, 1114, 1118, 1119, 1120], "excluded_lines": []}, "AdaptiveRetrainer._retraining_processor_loop": {"executed_lines": [], "summary": {"covered_lines": 0, "num_statements": 23, "percent_covered": 0.0, "percent_covered_display": "0", "missing_lines": 23, "excluded_lines": 0}, "missing_lines": [1124, 1125, 1126, 1128, 1129, 1134, 1136, 1137, 1138, 1140, 1142, 1144, 1147, 1152, 1154, 1155, 1156, 1157, 1159, 1160, 1161, 1162, 1163], "excluded_lines": []}, "AdaptiveRetrainer._trigger_checker_loop": {"executed_lines": [], "summary": {"covered_lines": 0, "num_statements": 14, "percent_covered": 0.0, "percent_covered_display": "0", "missing_lines": 14, "excluded_lines": 0}, "missing_lines": [1167, 1168, 1169, 1174, 1179, 1181, 1182, 1183, 1184, 1186, 1187, 1188, 1189, 1190], "excluded_lines": []}, "AdaptiveRetrainer._start_retraining": {"executed_lines": [], "summary": {"covered_lines": 0, "num_statements": 18, "percent_covered": 0.0, "percent_covered_display": "0", "missing_lines": 18, "excluded_lines": 0}, "missing_lines": [1194, 1196, 1197, 1200, 1201, 1202, 1205, 1206, 1209, 1215, 1216, 1219, 1225, 1230, 1233, 1235, 1236, 1237], "excluded_lines": []}, "AdaptiveRetrainer._handle_task_completion": {"executed_lines": [], "summary": {"covered_lines": 0, "num_statements": 10, "percent_covered": 0.0, "percent_covered_display": "0", "missing_lines": 10, "excluded_lines": 0}, "missing_lines": [1241, 1243, 1244, 1247, 1248, 1249, 1250, 1252, 1254, 1255], "excluded_lines": []}, "AdaptiveRetrainer._perform_retraining": {"executed_lines": [], "summary": {"covered_lines": 0, "num_statements": 20, "percent_covered": 0.0, "percent_covered_display": "0", "missing_lines": 20, "excluded_lines": 0}, "missing_lines": [1261, 1263, 1265, 1268, 1271, 1272, 1275, 1282, 1283, 1288, 1291, 1295, 1300, 1301, 1303, 1304, 1306, 1307, 1308, 1309], "excluded_lines": []}, "AdaptiveRetrainer._prepare_retraining_data": {"executed_lines": [], "summary": {"covered_lines": 0, "num_statements": 16, "percent_covered": 0.0, "percent_covered_display": "0", "missing_lines": 16, "excluded_lines": 0}, "missing_lines": [1315, 1319, 1325, 1329, 1330, 1331, 1334, 1337, 1344, 1349, 1350, 1351, 1355, 1357, 1358, 1360], "excluded_lines": []}, "AdaptiveRetrainer._extract_features_for_retraining": {"executed_lines": [], "summary": {"covered_lines": 0, "num_statements": 5, "percent_covered": 0.0, "percent_covered_display": "0", "missing_lines": 5, "excluded_lines": 0}, "missing_lines": [1366, 1368, 1372, 1373, 1375], "excluded_lines": []}, "AdaptiveRetrainer._retrain_model": {"executed_lines": [], "summary": {"covered_lines": 0, "num_statements": 36, "percent_covered": 0.0, "percent_covered_display": "0", "missing_lines": 36, "excluded_lines": 0}, "missing_lines": [1386, 1391, 1392, 1393, 1394, 1395, 1397, 1400, 1401, 1402, 1403, 1406, 1412, 1417, 1434, 1442, 1444, 1458, 1459, 1471, 1475, 1483, 1486, 1487, 1491, 1495, 1496, 1501, 1502, 1503, 1504, 1507, 1508, 1511, 1512, 1514], "excluded_lines": []}, "AdaptiveRetrainer._full_retrain_with_optimization": {"executed_lines": [], "summary": {"covered_lines": 0, "num_statements": 12, "percent_covered": 0.0, "percent_covered_display": "0", "missing_lines": 12, "excluded_lines": 0}, "missing_lines": [1525, 1526, 1527, 1530, 1531, 1532, 1533, 1534, 1535, 1536, 1537, 1538], "excluded_lines": []}, "AdaptiveRetrainer._incremental_retrain": {"executed_lines": [], "summary": {"covered_lines": 0, "num_statements": 15, "percent_covered": 0.0, "percent_covered_display": "0", "missing_lines": 15, "excluded_lines": 0}, "missing_lines": [1544, 1546, 1548, 1549, 1552, 1555, 1558, 1559, 1560, 1561, 1563, 1564, 1565, 1566, 1567], "excluded_lines": []}, "AdaptiveRetrainer._feature_refresh_retrain": {"executed_lines": [], "summary": {"covered_lines": 0, "num_statements": 12, "percent_covered": 0.0, "percent_covered_display": "0", "missing_lines": 12, "excluded_lines": 0}, "missing_lines": [1578, 1579, 1580, 1583, 1584, 1585, 1586, 1587, 1588, 1589, 1590, 1591], "excluded_lines": []}, "AdaptiveRetrainer._ensemble_rebalance": {"executed_lines": [], "summary": {"covered_lines": 0, "num_statements": 17, "percent_covered": 0.0, "percent_covered_display": "0", "missing_lines": 17, "excluded_lines": 0}, "missing_lines": [1597, 1598, 1599, 1601, 1602, 1605, 1615, 1618, 1619, 1620, 1621, 1622, 1623, 1624, 1625, 1626, 1627], "excluded_lines": []}, "AdaptiveRetrainer._validate_and_deploy_retrained_model": {"executed_lines": [], "summary": {"covered_lines": 0, "num_statements": 24, "percent_covered": 0.0, "percent_covered_display": "0", "missing_lines": 24, "excluded_lines": 0}, "missing_lines": [1637, 1638, 1639, 1640, 1643, 1644, 1647, 1648, 1651, 1652, 1654, 1655, 1657, 1658, 1659, 1663, 1664, 1665, 1669, 1670, 1674, 1676, 1679, 1680], "excluded_lines": []}, "AdaptiveRetrainer._handle_retraining_success": {"executed_lines": [], "summary": {"covered_lines": 0, "num_statements": 26, "percent_covered": 0.0, "percent_covered_display": "0", "missing_lines": 26, "excluded_lines": 0}, "missing_lines": [1689, 1691, 1692, 1693, 1696, 1702, 1703, 1704, 1707, 1708, 1709, 1710, 1717, 1718, 1719, 1721, 1722, 1725, 1726, 1727, 1730, 1731, 1736, 1738, 1743, 1744], "excluded_lines": []}, "AdaptiveRetrainer._handle_retraining_failure": {"executed_lines": [], "summary": {"covered_lines": 0, "num_statements": 19, "percent_covered": 0.0, "percent_covered_display": "0", "missing_lines": 19, "excluded_lines": 0}, "missing_lines": [1750, 1752, 1753, 1754, 1757, 1760, 1761, 1762, 1764, 1765, 1768, 1769, 1770, 1773, 1774, 1779, 1781, 1783, 1784], "excluded_lines": []}, "AdaptiveRetrainer._notify_retraining_event": {"executed_lines": [], "summary": {"covered_lines": 0, "num_statements": 11, "percent_covered": 0.0, "percent_covered_display": "0", "missing_lines": 11, "excluded_lines": 0}, "missing_lines": [1790, 1791, 1801, 1802, 1803, 1804, 1806, 1807, 1808, 1810, 1811], "excluded_lines": []}, "AdaptiveRetrainer._classify_drift_severity": {"executed_lines": [], "summary": {"covered_lines": 0, "num_statements": 14, "percent_covered": 0.0, "percent_covered_display": "0", "missing_lines": 14, "excluded_lines": 0}, "missing_lines": [1817, 1818, 1820, 1821, 1822, 1823, 1824, 1825, 1827, 1831, 1832, 1834, 1835, 1836], "excluded_lines": []}, "AdaptiveRetrainer._validate_retraining_predictions": {"executed_lines": [], "summary": {"covered_lines": 0, "num_statements": 19, "percent_covered": 0.0, "percent_covered_display": "0", "missing_lines": 19, "excluded_lines": 0}, "missing_lines": [1842, 1843, 1844, 1845, 1847, 1853, 1863, 1864, 1865, 1866, 1878, 1881, 1883, 1887, 1888, 1894, 1896, 1897, 1898], "excluded_lines": []}, "AdaptiveRetrainer.get_drift_detector_status": {"executed_lines": [], "summary": {"covered_lines": 0, "num_statements": 7, "percent_covered": 0.0, "percent_covered_display": "0", "missing_lines": 7, "excluded_lines": 0}, "missing_lines": [1902, 1903, 1904, 1907, 1918, 1919, 1920], "excluded_lines": []}, "AdaptiveRetrainer.get_prediction_validator_status": {"executed_lines": [], "summary": {"covered_lines": 0, "num_statements": 7, "percent_covered": 0.0, "percent_covered_display": "0", "missing_lines": 7, "excluded_lines": 0}, "missing_lines": [1924, 1925, 1926, 1929, 1940, 1941, 1942], "excluded_lines": []}, "AdaptiveRetrainer._update_average_retraining_time": {"executed_lines": [], "summary": {"covered_lines": 0, "num_statements": 9, "percent_covered": 0.0, "percent_covered_display": "0", "missing_lines": 9, "excluded_lines": 0}, "missing_lines": [1948, 1949, 1950, 1953, 1956, 1957, 1961, 1965, 1966], "excluded_lines": []}, "AdaptiveRetrainer._can_start_retraining": {"executed_lines": [], "summary": {"covered_lines": 0, "num_statements": 1, "percent_covered": 0.0, "percent_covered_display": "0", "missing_lines": 1, "excluded_lines": 0}, "missing_lines": [1970], "excluded_lines": []}, "AdaptiveRetrainer._execute_retraining": {"executed_lines": [], "summary": {"covered_lines": 0, "num_statements": 39, "percent_covered": 0.0, "percent_covered_display": "0", "missing_lines": 39, "excluded_lines": 0}, "missing_lines": [1976, 1977, 1980, 1983, 1984, 1987, 1993, 1994, 1997, 2000, 2001, 2002, 2005, 2008, 2009, 2010, 2011, 2014, 2015, 2019, 2020, 2022, 2024, 2026, 2027, 2028, 2029, 2030, 2033, 2035, 2036, 2038, 2040, 2041, 2042, 2043, 2046, 2048, 2049], "excluded_lines": []}, "AdaptiveRetrainer._notify_completion": {"executed_lines": [], "summary": {"covered_lines": 0, "num_statements": 16, "percent_covered": 0.0, "percent_covered_display": "0", "missing_lines": 16, "excluded_lines": 0}, "missing_lines": [2053, 2054, 2057, 2082, 2083, 2088, 2089, 2098, 2099, 2100, 2101, 2103, 2104, 2105, 2107, 2108], "excluded_lines": []}, "AdaptiveRetrainer._notify_failure": {"executed_lines": [], "summary": {"covered_lines": 0, "num_statements": 14, "percent_covered": 0.0, "percent_covered_display": "0", "missing_lines": 14, "excluded_lines": 0}, "missing_lines": [2114, 2115, 2120, 2141, 2142, 2147, 2148, 2149, 2150, 2152, 2153, 2154, 2156, 2157], "excluded_lines": []}, "AdaptiveRetrainer._check_automatic_triggers": {"executed_lines": [], "summary": {"covered_lines": 0, "num_statements": 7, "percent_covered": 0.0, "percent_covered_display": "0", "missing_lines": 7, "excluded_lines": 0}, "missing_lines": [2163, 2164, 2172, 2173, 2175, 2176, 2177], "excluded_lines": []}, "AdaptiveRetrainer._prepare_training_data": {"executed_lines": [], "summary": {"covered_lines": 0, "num_statements": 15, "percent_covered": 0.0, "percent_covered_display": "0", "missing_lines": 15, "excluded_lines": 0}, "missing_lines": [2187, 2188, 2195, 2196, 2199, 2200, 2201, 2204, 2206, 2210, 2213, 2215, 2216, 2217, 2218], "excluded_lines": []}, "AdaptiveRetrainer._refresh_features": {"executed_lines": [], "summary": {"covered_lines": 0, "num_statements": 13, "percent_covered": 0.0, "percent_covered_display": "0", "missing_lines": 13, "excluded_lines": 0}, "missing_lines": [2222, 2223, 2226, 2229, 2232, 2234, 2235, 2238, 2240, 2241, 2243, 2244, 2245], "excluded_lines": []}, "AdaptiveRetrainer._validate_training_data": {"executed_lines": [], "summary": {"covered_lines": 0, "num_statements": 20, "percent_covered": 0.0, "percent_covered_display": "0", "missing_lines": 20, "excluded_lines": 0}, "missing_lines": [2251, 2252, 2255, 2256, 2257, 2259, 2260, 2261, 2264, 2265, 2266, 2269, 2272, 2273, 2274, 2276, 2277, 2279, 2280, 2281], "excluded_lines": []}, "RetrainingError.__init__": {"executed_lines": [], "summary": {"covered_lines": 0, "num_statements": 1, "percent_covered": 0.0, "percent_covered_display": "0", "missing_lines": 1, "excluded_lines": 0}, "missing_lines": [2288], "excluded_lines": []}, "": {"executed_lines": [1, 8, 9, 10, 11, 12, 13, 14, 15, 17, 18, 19, 21, 22, 23, 24, 25, 32, 34, 37, 38, 40, 41, 42, 43, 44, 45, 48, 49, 51, 52, 53, 54, 57, 58, 60, 61, 62, 63, 64, 67, 68, 69, 71, 72, 73, 74, 75, 76, 77, 80, 81, 82, 85, 97, 98, 99, 104, 105, 106, 107, 110, 111, 112, 115, 116, 117, 118, 121, 122, 123, 125, 132, 136, 208, 209, 210, 212, 213, 214, 217, 218, 219, 222, 223, 224, 227, 228, 229, 232, 233, 235, 252, 253, 254, 261, 262, 265, 266, 267, 270, 271, 272, 273, 274, 277, 278, 279, 282, 283, 286, 287, 290, 291, 292, 294, 360, 386, 392, 424, 449, 450, 462, 527, 548, 564, 707, 787, 894, 900, 948, 1020, 1066, 1105, 1122, 1165, 1192, 1239, 1257, 1311, 1362, 1377, 1516, 1540, 1569, 1593, 1629, 1682, 1746, 1786, 1813, 1838, 1900, 1922, 1946, 1968, 1972, 2051, 2112, 2161, 2179, 2220, 2247, 2284, 2285, 2287], "summary": {"covered_lines": 157, "num_statements": 157, "percent_covered": 100.0, "percent_covered_display": "100", "missing_lines": 0, "excluded_lines": 0}, "missing_lines": [], "excluded_lines": []}}, "classes": {"RetrainingTrigger": {"executed_lines": [], "summary": {"covered_lines": 0, "num_statements": 0, "percent_covered": 100.0, "percent_covered_display": "100", "missing_lines": 0, "excluded_lines": 0}, "missing_lines": [], "excluded_lines": []}, "RetrainingStrategy": {"executed_lines": [], "summary": {"covered_lines": 0, "num_statements": 0, "percent_covered": 100.0, "percent_covered_display": "100", "missing_lines": 0, "excluded_lines": 0}, "missing_lines": [], "excluded_lines": []}, "RetrainingStatus": {"executed_lines": [], "summary": {"covered_lines": 0, "num_statements": 0, "percent_covered": 100.0, "percent_covered_display": "100", "missing_lines": 0, "excluded_lines": 0}, "missing_lines": [], "excluded_lines": []}, "RetrainingRequest": {"executed_lines": [], "summary": {"covered_lines": 0, "num_statements": 6, "percent_covered": 0.0, "percent_covered_display": "0", "missing_lines": 6, "excluded_lines": 0}, "missing_lines": [127, 128, 129, 130, 134, 138], "excluded_lines": []}, "RetrainingProgress": {"executed_lines": [], "summary": {"covered_lines": 0, "num_statements": 7, "percent_covered": 0.0, "percent_covered_display": "0", "missing_lines": 7, "excluded_lines": 0}, "missing_lines": [237, 238, 239, 242, 243, 246, 247], "excluded_lines": []}, "RetrainingHistory": {"executed_lines": [], "summary": {"covered_lines": 0, "num_statements": 64, "percent_covered": 0.0, "percent_covered_display": "0", "missing_lines": 64, "excluded_lines": 0}, "missing_lines": [296, 297, 298, 299, 302, 303, 304, 305, 308, 318, 319, 320, 321, 323, 324, 325, 328, 329, 334, 335, 336, 338, 340, 342, 343, 346, 347, 350, 351, 352, 355, 357, 358, 362, 363, 364, 365, 368, 371, 372, 373, 375, 376, 377, 378, 380, 382, 383, 384, 388, 389, 390, 394, 395, 397, 402, 403, 405, 406, 408, 420, 421, 422, 426], "excluded_lines": []}, "AdaptiveRetrainer": {"executed_lines": [], "summary": {"covered_lines": 0, "num_statements": 701, "percent_covered": 0.0, "percent_covered_display": "0", "missing_lines": 701, "excluded_lines": 0}, "missing_lines": [484, 485, 486, 487, 488, 489, 490, 493, 494, 495, 496, 499, 500, 503, 504, 507, 508, 511, 512, 515, 518, 519, 520, 521, 523, 529, 530, 531, 532, 535, 536, 539, 540, 542, 544, 545, 546, 550, 552, 555, 556, 558, 559, 561, 562, 583, 584, 585, 588, 589, 590, 593, 596, 597, 600, 604, 605, 609, 614, 618, 619, 623, 628, 633, 634, 635, 640, 641, 643, 646, 651, 652, 653, 654, 655, 656, 658, 659, 662, 663, 664, 665, 670, 671, 672, 675, 678, 693, 699, 701, 702, 705, 730, 732, 735, 736, 739, 740, 745, 757, 769, 772, 774, 775, 777, 779, 782, 785, 799, 800, 802, 804, 805, 806, 809, 810, 811, 812, 823, 826, 827, 829, 832, 833, 834, 837, 838, 839, 842, 843, 844, 845, 863, 867, 869, 871, 872, 873, 874, 877, 878, 879, 880, 883, 884, 885, 886, 888, 890, 891, 892, 898, 910, 911, 913, 914, 915, 916, 917, 918, 919, 922, 925, 926, 927, 928, 931, 932, 935, 936, 937, 939, 940, 942, 944, 945, 946, 950, 951, 952, 953, 956, 957, 962, 963, 964, 965, 966, 968, 969, 971, 972, 977, 980, 984, 1014, 1015, 1016, 1022, 1023, 1025, 1026, 1027, 1031, 1032, 1034, 1036, 1037, 1038, 1040, 1043, 1047, 1052, 1054, 1055, 1060, 1062, 1063, 1064, 1072, 1074, 1078, 1081, 1082, 1086, 1092, 1095, 1096, 1099, 1101, 1102, 1103, 1107, 1108, 1109, 1110, 1112, 1113, 1114, 1118, 1119, 1120, 1124, 1125, 1126, 1128, 1129, 1134, 1136, 1137, 1138, 1140, 1142, 1144, 1147, 1152, 1154, 1155, 1156, 1157, 1159, 1160, 1161, 1162, 1163, 1167, 1168, 1169, 1174, 1179, 1181, 1182, 1183, 1184, 1186, 1187, 1188, 1189, 1190, 1194, 1196, 1197, 1200, 1201, 1202, 1205, 1206, 1209, 1215, 1216, 1219, 1225, 1230, 1233, 1235, 1236, 1237, 1241, 1243, 1244, 1247, 1248, 1249, 1250, 1252, 1254, 1255, 1261, 1263, 1265, 1268, 1271, 1272, 1275, 1282, 1283, 1288, 1291, 1295, 1300, 1301, 1303, 1304, 1306, 1307, 1308, 1309, 1315, 1319, 1325, 1329, 1330, 1331, 1334, 1337, 1344, 1349, 1350, 1351, 1355, 1357, 1358, 1360, 1366, 1368, 1372, 1373, 1375, 1386, 1391, 1392, 1393, 1394, 1395, 1397, 1400, 1401, 1402, 1403, 1406, 1412, 1417, 1434, 1442, 1444, 1458, 1459, 1471, 1475, 1483, 1486, 1487, 1491, 1495, 1496, 1501, 1502, 1503, 1504, 1507, 1508, 1511, 1512, 1514, 1525, 1526, 1527, 1530, 1531, 1532, 1533, 1534, 1535, 1536, 1537, 1538, 1544, 1546, 1548, 1549, 1552, 1555, 1558, 1559, 1560, 1561, 1563, 1564, 1565, 1566, 1567, 1578, 1579, 1580, 1583, 1584, 1585, 1586, 1587, 1588, 1589, 1590, 1591, 1597, 1598, 1599, 1601, 1602, 1605, 1615, 1618, 1619, 1620, 1621, 1622, 1623, 1624, 1625, 1626, 1627, 1637, 1638, 1639, 1640, 1643, 1644, 1647, 1648, 1651, 1652, 1654, 1655, 1657, 1658, 1659, 1663, 1664, 1665, 1669, 1670, 1674, 1676, 1679, 1680, 1689, 1691, 1692, 1693, 1696, 1702, 1703, 1704, 1707, 1708, 1709, 1710, 1717, 1718, 1719, 1721, 1722, 1725, 1726, 1727, 1730, 1731, 1736, 1738, 1743, 1744, 1750, 1752, 1753, 1754, 1757, 1760, 1761, 1762, 1764, 1765, 1768, 1769, 1770, 1773, 1774, 1779, 1781, 1783, 1784, 1790, 1791, 1801, 1802, 1803, 1804, 1806, 1807, 1808, 1810, 1811, 1817, 1818, 1820, 1821, 1822, 1823, 1824, 1825, 1827, 1831, 1832, 1834, 1835, 1836, 1842, 1843, 1844, 1845, 1847, 1853, 1863, 1864, 1865, 1866, 1878, 1881, 1883, 1887, 1888, 1894, 1896, 1897, 1898, 1902, 1903, 1904, 1907, 1918, 1919, 1920, 1924, 1925, 1926, 1929, 1940, 1941, 1942, 1948, 1949, 1950, 1953, 1956, 1957, 1961, 1965, 1966, 1970, 1976, 1977, 1980, 1983, 1984, 1987, 1993, 1994, 1997, 2000, 2001, 2002, 2005, 2008, 2009, 2010, 2011, 2014, 2015, 2019, 2020, 2022, 2024, 2026
[...]
nt_covered": 25.225225225225227, "percent_covered_display": "25", "missing_lines": 83, "excluded_lines": 0}, "missing_lines": [21, 22, 23, 24, 25, 26, 27, 29, 34, 38, 42, 44, 47, 49, 51, 52, 53, 59, 63, 64, 65, 67, 69, 70, 74, 76, 84, 85, 92, 94, 95, 105, 108, 111, 120, 129, 139, 150, 151, 154, 163, 170, 183, 190, 192, 193, 199, 201, 204, 212, 222, 229, 230, 233, 237, 244, 256, 264, 274, 290, 298, 306, 307, 326, 331, 342, 347, 361, 367, 373, 378, 379, 391, 393, 396, 399, 401, 416, 417, 418, 428, 429, 430], "excluded_lines": [], "functions": {"MonitoringIntegration.__init__": {"executed_lines": [], "summary": {"covered_lines": 0, "num_statements": 8, "percent_covered": 0.0, "percent_covered_display": "0", "missing_lines": 8, "excluded_lines": 0}, "missing_lines": [21, 22, 23, 24, 25, 26, 27, 29], "excluded_lines": []}, "MonitoringIntegration._setup_integrations": {"executed_lines": [], "summary": {"covered_lines": 0, "num_statements": 2, "percent_covered": 0.0, "percent_covered_display": "0", "missing_lines": 2, "excluded_lines": 0}, "missing_lines": [34, 38], "excluded_lines": []}, "MonitoringIntegration.start_monitoring": {"executed_lines": [], "summary": {"covered_lines": 0, "num_statements": 8, "percent_covered": 0.0, "percent_covered_display": "0", "missing_lines": 8, "excluded_lines": 0}, "missing_lines": [42, 44, 47, 49, 51, 52, 53, 59], "excluded_lines": []}, "MonitoringIntegration.stop_monitoring": {"executed_lines": [], "summary": {"covered_lines": 0, "num_statements": 6, "percent_covered": 0.0, "percent_covered_display": "0", "missing_lines": 6, "excluded_lines": 0}, "missing_lines": [63, 64, 65, 67, 69, 70], "excluded_lines": []}, "MonitoringIntegration._handle_performance_alert": {"executed_lines": [], "summary": {"covered_lines": 0, "num_statements": 4, "percent_covered": 0.0, "percent_covered_display": "0", "missing_lines": 4, "excluded_lines": 0}, "missing_lines": [74, 76, 84, 85], "excluded_lines": []}, "MonitoringIntegration.track_prediction_operation": {"executed_lines": [], "summary": {"covered_lines": 0, "num_statements": 15, "percent_covered": 0.0, "percent_covered_display": "0", "missing_lines": 15, "excluded_lines": 0}, "missing_lines": [92, 94, 95, 105, 108, 111, 120, 129, 139, 150, 151, 154, 163, 170, 183], "excluded_lines": []}, "MonitoringIntegration.track_training_operation": {"executed_lines": [], "summary": {"covered_lines": 0, "num_statements": 13, "percent_covered": 0.0, "percent_covered_display": "0", "missing_lines": 13, "excluded_lines": 0}, "missing_lines": [190, 192, 193, 199, 201, 204, 212, 222, 229, 230, 233, 237, 244], "excluded_lines": []}, "MonitoringIntegration.record_prediction_accuracy": {"executed_lines": [], "summary": {"covered_lines": 0, "num_statements": 3, "percent_covered": 0.0, "percent_covered_display": "0", "missing_lines": 3, "excluded_lines": 0}, "missing_lines": [256, 264, 274], "excluded_lines": []}, "MonitoringIntegration.record_concept_drift": {"executed_lines": [], "summary": {"covered_lines": 0, "num_statements": 4, "percent_covered": 0.0, "percent_covered_display": "0", "missing_lines": 4, "excluded_lines": 0}, "missing_lines": [290, 298, 306, 307], "excluded_lines": []}, "MonitoringIntegration.record_feature_computation": {"executed_lines": [], "summary": {"covered_lines": 0, "num_statements": 2, "percent_covered": 0.0, "percent_covered_display": "0", "missing_lines": 2, "excluded_lines": 0}, "missing_lines": [326, 331], "excluded_lines": []}, "MonitoringIntegration.record_database_operation": {"executed_lines": [], "summary": {"covered_lines": 0, "num_statements": 2, "percent_covered": 0.0, "percent_covered_display": "0", "missing_lines": 2, "excluded_lines": 0}, "missing_lines": [342, 347], "excluded_lines": []}, "MonitoringIntegration.record_mqtt_publish": {"executed_lines": [], "summary": {"covered_lines": 0, "num_statements": 1, "percent_covered": 0.0, "percent_covered_display": "0", "missing_lines": 1, "excluded_lines": 0}, "missing_lines": [361], "excluded_lines": []}, "MonitoringIntegration.record_ha_api_request": {"executed_lines": [], "summary": {"covered_lines": 0, "num_statements": 1, "percent_covered": 0.0, "percent_covered_display": "0", "missing_lines": 1, "excluded_lines": 0}, "missing_lines": [367], "excluded_lines": []}, "MonitoringIntegration.update_connection_status": {"executed_lines": [], "summary": {"covered_lines": 0, "num_statements": 3, "percent_covered": 0.0, "percent_covered_display": "0", "missing_lines": 3, "excluded_lines": 0}, "missing_lines": [373, 378, 379], "excluded_lines": []}, "MonitoringIntegration.get_monitoring_status": {"executed_lines": [], "summary": {"covered_lines": 0, "num_statements": 8, "percent_covered": 0.0, "percent_covered_display": "0", "missing_lines": 8, "excluded_lines": 0}, "missing_lines": [391, 393, 396, 399, 401, 416, 417, 418], "excluded_lines": []}, "get_monitoring_integration": {"executed_lines": [], "summary": {"covered_lines": 0, "num_statements": 3, "percent_covered": 0.0, "percent_covered_display": "0", "missing_lines": 3, "excluded_lines": 0}, "missing_lines": [428, 429, 430], "excluded_lines": []}, "": {"executed_lines": [1, 6, 7, 8, 9, 11, 12, 13, 14, 17, 18, 20, 31, 40, 61, 72, 87, 88, 185, 186, 246, 285, 322, 338, 357, 365, 371, 389, 422, 425], "summary": {"covered_lines": 28, "num_statements": 28, "percent_covered": 100.0, "percent_covered_display": "100", "missing_lines": 0, "excluded_lines": 0}, "missing_lines": [], "excluded_lines": []}}, "classes": {"MonitoringIntegration": {"executed_lines": [], "summary": {"covered_lines": 0, "num_statements": 80, "percent_covered": 0.0, "percent_covered_display": "0", "missing_lines": 80, "excluded_lines": 0}, "missing_lines": [21, 22, 23, 24, 25, 26, 27, 29, 34, 38, 42, 44, 47, 49, 51, 52, 53, 59, 63, 64, 65, 67, 69, 70, 74, 76, 84, 85, 92, 94, 95, 105, 108, 111, 120, 129, 139, 150, 151, 154, 163, 170, 183, 190, 192, 193, 199, 201, 204, 212, 222, 229, 230, 233, 237, 244, 256, 264, 274, 290, 298, 306, 307, 326, 331, 342, 347, 361, 367, 373, 378, 379, 391, 393, 396, 399, 401, 416, 417, 418], "excluded_lines": []}, "": {"executed_lines": [1, 6, 7, 8, 9, 11, 12, 13, 14, 17, 18, 20, 31, 40, 61, 72, 87, 88, 185, 186, 246, 285, 322, 338, 357, 365, 371, 389, 422, 425], "summary": {"covered_lines": 28, "num_statements": 31, "percent_covered": 90.3225806451613, "percent_covered_display": "90", "missing_lines": 3, "excluded_lines": 0}, "missing_lines": [428, 429, 430], "excluded_lines": []}}}, "src\\utils\\time_utils.py": {"executed_lines": [1, 6, 7, 8, 9, 10, 12, 15, 16, 18, 19, 20, 21, 22, 25, 26, 28, 45, 55, 56, 60, 65, 69, 79, 80, 83, 84, 86, 87, 89, 93, 94, 96, 97, 98, 100, 101, 107, 108, 112, 113, 123, 124, 134, 135, 184, 185, 226, 227, 251, 252, 276, 277, 314, 315, 338, 339, 362, 363, 401, 402, 419, 420, 422, 423, 445, 446, 482, 483, 485, 497, 502, 508, 509, 513, 514, 523, 543, 548, 553, 558, 564], "summary": {"covered_lines": 76, "num_statements": 233, "percent_covered": 32.61802575107296, "percent_covered_display": "33", "missing_lines": 157, "excluded_lines": 0}, "missing_lines": [39, 40, 42, 43, 47, 48, 49, 50, 52, 53, 58, 62, 63, 67, 71, 72, 74, 75, 76, 90, 103, 104, 105, 110, 115, 117, 118, 120, 121, 126, 127, 129, 130, 132, 154, 155, 167, 168, 169, 172, 173, 174, 175, 176, 178, 179, 180, 182, 196, 197, 199, 201, 208, 209, 210, 211, 212, 214, 215, 217, 218, 220, 221, 223, 224, 240, 241, 244, 245, 246, 247, 249, 265, 266, 269, 270, 271, 272, 274, 292, 293, 294, 296, 297, 299, 300, 303, 304, 308, 312, 329, 330, 332, 333, 334, 336, 357, 358, 360, 374, 375, 376, 377, 378, 381, 399, 412, 413, 414, 415, 416, 431, 432, 433, 434, 436, 437, 439, 440, 442, 443, 462, 463, 465, 467, 470, 472, 473, 476, 477, 479, 492, 493, 494, 495, 499, 500, 504, 505, 506, 511, 516, 517, 518, 519, 521, 526, 527, 528, 531, 532, 537, 539, 545, 550, 555, 560], "excluded_lines": [], "functions": {"TimeRange.__init__": {"executed_lines": [], "summary": {"covered_lines": 0, "num_statements": 4, "percent_covered": 0.0, "percent_covered_display": "0", "missing_lines": 4, "excluded_lines": 0}, "missing_lines": [39, 40, 42, 43], "excluded_lines": []}, "TimeRange._ensure_timezone": {"executed_lines": [], "summary": {"covered_lines": 0, "num_statements": 6, "percent_covered": 0.0, "percent_covered_display": "0", "missing_lines": 6, "excluded_lines": 0}, "missing_lines": [47, 48, 49, 50, 52, 53], "excluded_lines": []}, "TimeRange.duration": {"executed_lines": [], "summary": {"covered_lines": 0, "num_statements": 1, "percent_covered": 0.0, "percent_covered_display": "0", "missing_lines": 1, "excluded_lines": 0}, "missing_lines": [58], "excluded_lines": []}, "TimeRange.contains": {"executed_lines": [], "summary": {"covered_lines": 0, "num_statements": 2, "percent_covered": 0.0, "percent_covered_display": "0", "missing_lines": 2, "excluded_lines": 0}, "missing_lines": [62, 63], "excluded_lines": []}, "TimeRange.overlaps": {"executed_lines": [], "summary": {"covered_lines": 0, "num_statements": 1, "percent_covered": 0.0, "percent_covered_display": "0", "missing_lines": 1, "excluded_lines": 0}, "missing_lines": [67], "excluded_lines": []}, "TimeRange.intersection": {"executed_lines": [], "summary": {"covered_lines": 0, "num_statements": 5, "percent_covered": 0.0, "percent_covered_display": "0", "missing_lines": 5, "excluded_lines": 0}, "missing_lines": [71, 72, 74, 75, 76], "excluded_lines": []}, "TimeUtils.setup_local_timezone": {"executed_lines": [89, 93, 94, 96, 97, 98], "summary": {"covered_lines": 6, "num_statements": 7, "percent_covered": 85.71428571428571, "percent_covered_display": "86", "missing_lines": 1, "excluded_lines": 0}, "missing_lines": [90], "excluded_lines": []}, "TimeUtils.now": {"executed_lines": [], "summary": {"covered_lines": 0, "num_statements": 3, "percent_covered": 0.0, "percent_covered_display": "0", "missing_lines": 3, "excluded_lines": 0}, "missing_lines": [103, 104, 105], "excluded_lines": []}, "TimeUtils.utc_now": {"executed_lines": [], "summary": {"covered_lines": 0, "num_statements": 1, "percent_covered": 0.0, "percent_covered_display": "0", "missing_lines": 1, "excluded_lines": 0}, "missing_lines": [110], "excluded_lines": []}, "TimeUtils.to_utc": {"executed_lines": [], "summary": {"covered_lines": 0, "num_statements": 5, "percent_covered": 0.0, "percent_covered_display": "0", "missing_lines": 5, "excluded_lines": 0}, "missing_lines": [115, 117, 118, 120, 121], "excluded_lines": []}, "TimeUtils.to_timezone": {"executed_lines": [], "summary": {"covered_lines": 0, "num_statements": 5, "percent_covered": 0.0, "percent_covered_display": "0", "missing_lines": 5, "excluded_lines": 0}, "missing_lines": [126, 127, 129, 130, 132], "excluded_lines": []}, "TimeUtils.parse_datetime": {"executed_lines": [], "summary": {"covered_lines": 0, "num_statements": 14, "percent_covered": 0.0, "percent_covered_display": "0", "missing_lines": 14, "excluded_lines": 0}, "missing_lines": [154, 155, 167, 168, 169, 172, 173, 174, 175, 176, 178, 179, 180, 182], "excluded_lines": []}, "TimeUtils.format_duration": {"executed_lines": [], "summary": {"covered_lines": 0, "num_statements": 17, "percent_covered": 0.0, "percent_covered_display": "0", "missing_lines": 17, "excluded_lines": 0}, "missing_lines": [196, 197, 199, 201, 208, 209, 210, 211, 212, 214, 215, 217, 218, 220, 221, 223, 224], "excluded_lines": []}, "TimeUtils.time_until": {"executed_lines": [], "summary": {"covered_lines": 0, "num_statements": 7, "percent_covered": 0.0, "percent_covered_display": "0", "missing_lines": 7, "excluded_lines": 0}, "missing_lines": [240, 241, 244, 245, 246, 247, 249], "excluded_lines": []}, "TimeUtils.time_since": {"executed_lines": [], "summary": {"covered_lines": 0, "num_statements": 7, "percent_covered": 0.0, "percent_covered_display": "0", "missing_lines": 7, "excluded_lines": 0}, "missing_lines": [265, 266, 269, 270, 271, 272, 274], "excluded_lines": []}, "TimeUtils.round_to_interval": {"executed_lines": [], "summary": {"covered_lines": 0, "num_statements": 11, "percent_covered": 0.0, "percent_covered_display": "0", "missing_lines": 11, "excluded_lines": 0}, "missing_lines": [292, 293, 294, 296, 297, 299, 300, 303, 304, 308, 312], "excluded_lines": []}, "TimeUtils.get_time_buckets": {"executed_lines": [], "summary": {"covered_lines": 0, "num_statements": 6, "percent_covered": 0.0, "percent_covered_display": "0", "missing_lines": 6, "excluded_lines": 0}, "missing_lines": [329, 330, 332, 333, 334, 336], "excluded_lines": []}, "TimeUtils.is_business_hours": {"executed_lines": [], "summary": {"covered_lines": 0, "num_statements": 3, "percent_covered": 0.0, "percent_covered_display": "0", "missing_lines": 3, "excluded_lines": 0}, "missing_lines": [357, 358, 360], "excluded_lines": []}, "TimeUtils.get_cyclical_time_features": {"executed_lines": [], "summary": {"covered_lines": 0, "num_statements": 7, "percent_covered": 0.0, "percent_covered_display": "0", "missing_lines": 7, "excluded_lines": 0}, "missing_lines": [374, 375, 376, 377, 378, 381, 399], "excluded_lines": []}, "TimeUtils.validate_timezone": {"executed_lines": [], "summary": {"covered_lines": 0, "num_statements": 5, "percent_covered": 0.0, "percent_covered_display": "0", "missing_lines": 5, "excluded_lines": 0}, "missing_lines": [412, 413, 414, 415, 416], "excluded_lines": []}, "AsyncTimeUtils.wait_until": {"executed_lines": [], "summary": {"covered_lines": 0, "num_statements": 10, "percent_covered": 0.0, "percent_covered_display": "0", "missing_lines": 10, "excluded_lines": 0}, "missing_lines": [431, 432, 433, 434, 436, 437, 439, 440, 442, 443], "excluded_lines": []}, "AsyncTimeUtils.periodic_task": {"executed_lines": [], "summary": {"covered_lines": 0, "num_statements": 10, "percent_covered": 0.0, "percent_covered_display": "0", "missing_lines": 10, "excluded_lines": 0}, "missing_lines": [462, 463, 465, 467, 470, 472, 473, 476, 477, 479], "excluded_lines": []}, "TimeProfiler.__init__": {"executed_lines": [], "summary": {"covered_lines": 0, "num_statements": 4, "percent_covered": 0.0, "percent_covered_display": "0", "missing_lines": 4, "excluded_lines": 0}, "missing_lines": [492, 493, 494, 495], "excluded_lines": []}, "TimeProfiler.__enter__": {"executed_lines": [], "summary": {"covered_lines": 0, "num_statements": 2, "percent_covered": 0.0, "percent_covered_display": "0", "missing_lines": 2, "excluded_lines": 0}, "missing_lines": [499, 500], "excluded_lines": []}, "TimeProfiler.__exit__": {"executed_lines": [], "summary": {"covered_lines": 0, "num_statements": 3, "percent_covered": 0.0, "percent_covered_display": "0", "missing_lines": 3, "excluded_lines": 0}, "missing_lines": [504, 505, 506], "excluded_lines": []}, "TimeProfiler.duration": {"executed_lines": [], "summary": {"covered_lines": 0, "num_statements": 1, "percent_covered": 0.0, "percent_covered_display": "0", "missing_lines": 1, "excluded_lines": 0}, "missing_lines": [511], "excluded_lines": []}, "TimeProfiler.duration_seconds": {"executed_lines": [], "summary": {"covered_lines": 0, "num_statements": 5, "percent_covered": 0.0, "percent_covered_display": "0", "missing_lines": 5, "excluded_lines": 0}, "missing_lines": [516, 517, 518, 519, 521], "excluded_lines": []}, "TimeProfiler.__call__": {"executed_lines": [], "summary": {"covered_lines": 0, "num_statements": 2, "percent_covered": 0.0, "percent_covered_display": "0", "missing_lines": 2, "excluded_lines": 0}, "missing_lines": [526, 539], "excluded_lines": []}, "TimeProfiler.__call__.wrapper": {"executed_lines": [], "summary": {"covered_lines": 0, "num_statements": 5, "percent_covered": 0.0, "percent_covered_display": "0", "missing_lines": 5, "excluded_lines": 0}, "missing_lines": [527, 528, 531, 532, 537], "excluded_lines": []}, "format_duration": {"executed_lines": [], "summary": {"covered_lines": 0, "num_statements": 1, "percent_covered": 0.0, "percent_covered_display": "0", "missing_lines": 1, "excluded_lines": 0}, "missing_lines": [545], "excluded_lines": []}, "time_until": {"executed_lines": [], "summary": {"covered_lines": 0, "num_statements": 1, "percent_covered": 0.0, "percent_covered_display": "0", "missing_lines": 1, "excluded_lines": 0}, "missing_lines": [550], "excluded_lines": []}, "time_since": {"executed_lines": [], "summary": {"covered_lines": 0, "num_statements": 1, "percent_covered": 0.0, "percent_covered_display": "0", "missing_lines": 1, "excluded_lines": 0}, "missing_lines": [555], "excluded_lines": []}, "cyclical_time_features": {"executed_lines": [], "summary": {"covered_lines": 0, "num_statements": 1, "percent_covered": 0.0, "percent_covered_display": "0", "missing_lines": 1, "excluded_lines": 0}, "missing_lines": [560], "excluded_lines": []}, "": {"executed_lines": [1, 6, 7, 8, 9, 10, 12, 15, 16, 18, 19, 20, 21, 22, 25, 26, 28, 45, 55, 56, 60, 65, 69, 79, 80, 83, 84, 86, 87, 100, 101, 107, 108, 112, 113, 123, 124, 134, 135, 184, 185, 226, 227, 251, 252, 276, 277, 314, 315, 338, 339, 362, 363, 401, 402, 419, 420, 422, 423, 445, 446, 482, 483, 485, 497, 502, 508, 509, 513, 514, 523, 543, 548, 553, 558, 564], "summary": {"covered_lines": 70, "num_statements": 70, "percent_covered": 100.0, "percent_covered_display": "100", "missing_lines": 0, "excluded_lines": 0}, "missing_lines": [], "excluded_lines": []}}, "classes": {"TimeFrame": {"executed_lines": [], "summary": {"covered_lines": 0, "num_statements": 0, "percent_covered": 100.0, "percent_covered_display": "100", "missing_lines": 0, "excluded_lines": 0}, "missing_lines": [], "excluded_lines": []}, "TimeRange": {"executed_lines": [], "summary": {"covered_lines": 0, "num_statements": 19, "percent_covered": 0.0, "percent_covered_display": "0", "missing_lines": 19, "excluded_lines": 0}, "missing_lines": [39, 40, 42, 43, 47, 48, 49, 50, 52, 53, 58, 62, 63, 67, 71, 72, 74, 75, 76], "excluded_lines": []}, "TimeUtils": {"executed_lines": [89, 93, 94, 96, 97, 98], "summary": {"covered_lines": 6, "num_statements": 98, "percent_covered": 6.122448979591836, "percent_covered_display": "6", "missing_lines": 92, "excluded_lines": 0}, "missing_lines": [90, 103, 104, 105, 110, 115, 117, 118, 120, 121, 126, 127, 129, 130, 132, 154, 155, 167, 168, 169, 172, 173, 174, 175, 176, 178, 179, 180, 182, 196, 197, 199, 201, 208, 209, 210, 211, 212, 214, 215, 217, 218, 220, 221, 223, 224, 240, 241, 244, 245, 246, 247, 249, 265, 266, 269, 270, 271, 272, 274, 292, 293, 294, 296, 297, 299, 300, 303, 304, 308, 312, 329, 330, 332, 333, 334, 336, 357, 358, 360, 374, 375, 376, 377, 378, 381, 399, 412, 413, 414, 415, 416], "excluded_lines": []}, "AsyncTimeUtils": {"executed_lines": [], "summary": {"covered_lines": 0, "num_statements": 20, "percent_covered": 0.0, "percent_covered_display": "0", "missing_lines": 20, "excluded_lines": 0}, "missing_lines": [431, 432, 433, 434, 436, 437, 439, 440, 442, 443, 462, 463, 465, 467, 470, 472, 473, 476, 477, 479], "excluded_lines": []}, "TimeProfiler": {"executed_lines": [], "summary": {"covered_lines": 0, "num_statements": 22, "percent_covered": 0.0, "percent_covered_display": "0", "missing_lines": 22, "excluded_lines": 0}, "missing_lines": [492, 493, 494, 495, 499, 500, 504, 505, 506, 511, 516, 517, 518, 519, 521, 526, 527, 528, 531, 532, 537, 539], "excluded_lines": []}, "": {"executed_lines": [1, 6, 7, 8, 9, 10, 12, 15, 16, 18, 19, 20, 21, 22, 25, 26, 28, 45, 55, 56, 60, 65, 69, 79, 80, 83, 84, 86, 87, 100, 101, 107, 108, 112, 113, 123, 124, 134, 135, 184, 185, 226, 227, 251, 252, 276, 277, 314, 315, 338, 339, 362, 363, 401, 402, 419, 420, 422, 423, 445, 446, 482, 483, 485, 497, 502, 508, 509, 513, 514, 523, 543, 548, 553, 558, 564], "summary": {"covered_lines": 70, "num_statements": 74, "percent_covered": 94.5945945945946, "percent_covered_display": "95", "missing_lines": 4, "excluded_lines": 0}, "missing_lines": [545, 550, 555, 560], "excluded_lines": []}}}}, "totals": {"covered_lines": 4958, "num_statements": 23361, "percent_covered": 21.22340653225461, "percent_covered_display": "21", "missing_lines": 18403, "excluded_lines": 6}}